Building DAG of jobs...
Using shell: /bin/bash
Provided cores: 22
Rules claiming more threads will be scaled down.
Job counts:
	count	jobs
	1	PNGRename
	3	STAR_fq
	1	StarCollect
	1	all
	3	fastqScreen
	3	fastqc
	12

[Thu Aug  8 12:35:07 2019]
rule fastqc:
    input: Sample_70160/Sample_70160.R1.fq.gz, Sample_70160/Sample_70160.R2.fq.gz
    output: Sample_70160/Sample_70160.R1_fastqc/Images/duplication_levels.png, Sample_70160/Sample_70160.R1_fastqc/Images/per_sequence_gc_content.png, Sample_70160/Sample_70160.R1_fastqc/Images/sequence_length_distribution.png, Sample_70160/Sample_70160.R1_fastqc/Images/per_base_n_content.png, Sample_70160/Sample_70160.R1_fastqc/Images/per_tile_quality.png, Sample_70160/Sample_70160.R1_fastqc/Images/kmer_profiles.png, Sample_70160/Sample_70160.R1_fastqc/Images/per_base_quality.png, Sample_70160/Sample_70160.R1_fastqc/Images/per_base_sequence_content.png, Sample_70160/Sample_70160.R1_fastqc/Images/adapter_content.png, Sample_70160/Sample_70160.R1_fastqc/Images/per_sequence_quality.png, Sample_70160/Sample_70160.R2_fastqc/Images/duplication_levels.png, Sample_70160/Sample_70160.R2_fastqc/Images/per_sequence_gc_content.png, Sample_70160/Sample_70160.R2_fastqc/Images/sequence_length_distribution.png, Sample_70160/Sample_70160.R2_fastqc/Images/per_base_n_content.png, Sample_70160/Sample_70160.R2_fastqc/Images/per_tile_quality.png, Sample_70160/Sample_70160.R2_fastqc/Images/kmer_profiles.png, Sample_70160/Sample_70160.R2_fastqc/Images/per_base_quality.png, Sample_70160/Sample_70160.R2_fastqc/Images/per_base_sequence_content.png, Sample_70160/Sample_70160.R2_fastqc/Images/adapter_content.png, Sample_70160/Sample_70160.R2_fastqc/Images/per_sequence_quality.png
    jobid: 6
    wildcards: sample=Sample_70160
    threads: 2


[Thu Aug  8 12:35:07 2019]
rule fastqc:
    input: Sample_70161/Sample_70161.R1.fq.gz, Sample_70161/Sample_70161.R2.fq.gz
    output: Sample_70161/Sample_70161.R1_fastqc/Images/duplication_levels.png, Sample_70161/Sample_70161.R1_fastqc/Images/per_sequence_gc_content.png, Sample_70161/Sample_70161.R1_fastqc/Images/sequence_length_distribution.png, Sample_70161/Sample_70161.R1_fastqc/Images/per_base_n_content.png, Sample_70161/Sample_70161.R1_fastqc/Images/per_tile_quality.png, Sample_70161/Sample_70161.R1_fastqc/Images/kmer_profiles.png, Sample_70161/Sample_70161.R1_fastqc/Images/per_base_quality.png, Sample_70161/Sample_70161.R1_fastqc/Images/per_base_sequence_content.png, Sample_70161/Sample_70161.R1_fastqc/Images/adapter_content.png, Sample_70161/Sample_70161.R1_fastqc/Images/per_sequence_quality.png, Sample_70161/Sample_70161.R2_fastqc/Images/duplication_levels.png, Sample_70161/Sample_70161.R2_fastqc/Images/per_sequence_gc_content.png, Sample_70161/Sample_70161.R2_fastqc/Images/sequence_length_distribution.png, Sample_70161/Sample_70161.R2_fastqc/Images/per_base_n_content.png, Sample_70161/Sample_70161.R2_fastqc/Images/per_tile_quality.png, Sample_70161/Sample_70161.R2_fastqc/Images/kmer_profiles.png, Sample_70161/Sample_70161.R2_fastqc/Images/per_base_quality.png, Sample_70161/Sample_70161.R2_fastqc/Images/per_base_sequence_content.png, Sample_70161/Sample_70161.R2_fastqc/Images/adapter_content.png, Sample_70161/Sample_70161.R2_fastqc/Images/per_sequence_quality.png
    jobid: 7
    wildcards: sample=Sample_70161
    threads: 2


[Thu Aug  8 12:35:07 2019]
rule fastqScreen:
    input: Sample_70162/Sample_70162.R1.fq.gz, Sample_70162/Sample_70162.R2.fq.gz
    output: Sample_70162/Sample_70162.fq.gz, Sample_70162/Sample_70162_screen.png
    jobid: 11
    wildcards: sample=Sample_70162
    priority: 3
    threads: 4


[Thu Aug  8 12:35:07 2019]
rule fastqc:
    input: Sample_70162/Sample_70162.R1.fq.gz, Sample_70162/Sample_70162.R2.fq.gz
    output: Sample_70162/Sample_70162.R1_fastqc/Images/duplication_levels.png, Sample_70162/Sample_70162.R1_fastqc/Images/per_sequence_gc_content.png, Sample_70162/Sample_70162.R1_fastqc/Images/sequence_length_distribution.png, Sample_70162/Sample_70162.R1_fastqc/Images/per_base_n_content.png, Sample_70162/Sample_70162.R1_fastqc/Images/per_tile_quality.png, Sample_70162/Sample_70162.R1_fastqc/Images/kmer_profiles.png, Sample_70162/Sample_70162.R1_fastqc/Images/per_base_quality.png, Sample_70162/Sample_70162.R1_fastqc/Images/per_base_sequence_content.png, Sample_70162/Sample_70162.R1_fastqc/Images/adapter_content.png, Sample_70162/Sample_70162.R1_fastqc/Images/per_sequence_quality.png, Sample_70162/Sample_70162.R2_fastqc/Images/duplication_levels.png, Sample_70162/Sample_70162.R2_fastqc/Images/per_sequence_gc_content.png, Sample_70162/Sample_70162.R2_fastqc/Images/sequence_length_distribution.png, Sample_70162/Sample_70162.R2_fastqc/Images/per_base_n_content.png, Sample_70162/Sample_70162.R2_fastqc/Images/per_tile_quality.png, Sample_70162/Sample_70162.R2_fastqc/Images/kmer_profiles.png, Sample_70162/Sample_70162.R2_fastqc/Images/per_base_quality.png, Sample_70162/Sample_70162.R2_fastqc/Images/per_base_sequence_content.png, Sample_70162/Sample_70162.R2_fastqc/Images/adapter_content.png, Sample_70162/Sample_70162.R2_fastqc/Images/per_sequence_quality.png
    jobid: 8
    wildcards: sample=Sample_70162
    threads: 2


[Thu Aug  8 12:35:07 2019]
rule fastqScreen:
    input: Sample_70160/Sample_70160.R1.fq.gz, Sample_70160/Sample_70160.R2.fq.gz
    output: Sample_70160/Sample_70160.fq.gz, Sample_70160/Sample_70160_screen.png
    jobid: 9
    wildcards: sample=Sample_70160
    priority: 3
    threads: 4


[Thu Aug  8 12:35:07 2019]
rule fastqScreen:
    input: Sample_70161/Sample_70161.R1.fq.gz, Sample_70161/Sample_70161.R2.fq.gz
    output: Sample_70161/Sample_70161.fq.gz, Sample_70161/Sample_70161_screen.png
    jobid: 10
    wildcards: sample=Sample_70161
    priority: 3
    threads: 4

[Thu Aug  8 12:35:47 2019]
Finished job 6.
1 of 12 steps (8%) done
[Thu Aug  8 12:35:47 2019]
Finished job 8.
2 of 12 steps (17%) done
[Thu Aug  8 12:35:48 2019]
Finished job 7.
3 of 12 steps (25%) done
[Thu Aug  8 12:35:57 2019]
Error in rule fastqScreen:
    jobid: 11
    output: Sample_70162/Sample_70162.fq.gz, Sample_70162/Sample_70162_screen.png

RuleException:
CalledProcessError in line 44 of /home/manninm/pyflow-RNAseq/rules/Fast.smk:
Command 'set -eo pipefail; echo BEGIN at $(date);  cat Sample_70162/Sample_70162.R1.fq.gz Sample_70162/Sample_70162.R2.fq.gz > Sample_70162/Sample_70162.fq.gz && fastq_screen --quiet --force --threads 4 Sample_70162/Sample_70162.fq.gz ; exitstat=$?; echo END at $(date); echo exit status was $exitstat; exit $exitstat' returned non-zero exit status 2.
  File "/home/manninm/pyflow-RNAseq/rules/Fast.smk", line 44, in __rule_fastqScreen
  File "/usr/lib64/python3.6/concurrent/futures/thread.py", line 56, in run
Removing output files of failed job fastqScreen since they might be corrupted:
Sample_70162/Sample_70162.fq.gz
[Thu Aug  8 12:35:58 2019]
Error in rule fastqScreen:
    jobid: 9
    output: Sample_70160/Sample_70160.fq.gz, Sample_70160/Sample_70160_screen.png

RuleException:
CalledProcessError in line 44 of /home/manninm/pyflow-RNAseq/rules/Fast.smk:
Command 'set -eo pipefail; echo BEGIN at $(date);  cat Sample_70160/Sample_70160.R1.fq.gz Sample_70160/Sample_70160.R2.fq.gz > Sample_70160/Sample_70160.fq.gz && fastq_screen --quiet --force --threads 4 Sample_70160/Sample_70160.fq.gz ; exitstat=$?; echo END at $(date); echo exit status was $exitstat; exit $exitstat' returned non-zero exit status 2.
  File "/home/manninm/pyflow-RNAseq/rules/Fast.smk", line 44, in __rule_fastqScreen
  File "/usr/lib64/python3.6/concurrent/futures/thread.py", line 56, in run
Removing output files of failed job fastqScreen since they might be corrupted:
Sample_70160/Sample_70160.fq.gz
[Thu Aug  8 12:35:58 2019]
Error in rule fastqScreen:
    jobid: 10
    output: Sample_70161/Sample_70161.fq.gz, Sample_70161/Sample_70161_screen.png

RuleException:
CalledProcessError in line 44 of /home/manninm/pyflow-RNAseq/rules/Fast.smk:
Command 'set -eo pipefail; echo BEGIN at $(date);  cat Sample_70161/Sample_70161.R1.fq.gz Sample_70161/Sample_70161.R2.fq.gz > Sample_70161/Sample_70161.fq.gz && fastq_screen --quiet --force --threads 4 Sample_70161/Sample_70161.fq.gz ; exitstat=$?; echo END at $(date); echo exit status was $exitstat; exit $exitstat' returned non-zero exit status 2.
  File "/home/manninm/pyflow-RNAseq/rules/Fast.smk", line 44, in __rule_fastqScreen
  File "/usr/lib64/python3.6/concurrent/futures/thread.py", line 56, in run
Removing output files of failed job fastqScreen since they might be corrupted:
Sample_70161/Sample_70161.fq.gz
Shutting down, this might take some time.
Exiting because a job execution failed. Look above for error message
Complete log: /home/manninm/pyflow-RNAseq/.snakemake/log/2019-08-08T123507.217629.snakemake.log
