Building DAG of jobs...
Using shell: /bin/bash
Provided cores: 16
Rules claiming more threads will be scaled down.
Job counts:
	count	jobs
	9	HTSeq_fq
	9	STAR_fq
	1	all
	19

[Fri Aug  2 10:13:43 2019]
Job 5: aligning /home/manninm/pyflow-RNAseq/Sample_70167/Sample_70167.R1.fq.gz /home/manninm/pyflow-RNAseq/Sample_70167/Sample_70167.R2.fq.gz using STAR: 5 threads


[Fri Aug  2 10:13:43 2019]
Job 7: aligning /home/manninm/pyflow-RNAseq/Sample_70169/Sample_70169.R1.fq.gz /home/manninm/pyflow-RNAseq/Sample_70169/Sample_70169.R2.fq.gz using STAR: 5 threads


[Fri Aug  2 10:13:43 2019]
Job 4: aligning /home/manninm/pyflow-RNAseq/Sample_70166/Sample_70166.R1.fq.gz /home/manninm/pyflow-RNAseq/Sample_70166/Sample_70166.R2.fq.gz using STAR: 5 threads

[Fri Aug  2 10:13:43 2019]
Error in rule STAR_fq:
    jobid: 7
    output: Sample_70169/Sample_70169Aligned.sortedByCoord.out.bam
    log: 00log/Sample_70169_STAR_align.log

RuleException:
CalledProcessError in line 53 of /home/manninm/pyflow-RNAseq/Snakefile:
Command 'set -eo pipefail; echo BEGIN at $(date);  STAR --runMode alignReads 		--runThreadN 5 		--genomeDir /home/deepSeq/STAR_index_GRCh38_ENSEMBL 		--readFilesIn /home/manninm/pyflow-RNAseq/Sample_70169/Sample_70169.R1.fq.gz /home/manninm/pyflow-RNAseq/Sample_70169/Sample_70169.R2.fq.gz 		--readFilesCommand zcat 		--twopassMode Basic 		--outSAMstrandField intronMotif     --outSAMtype BAM SortedByCoordinate     --outBAMcompression 10     --bamRemoveDuplicatesType UniqueIdentical
		--outFileNamePrefix Sample_70169Sample_70169 2> 00log/Sample_70169_STAR_align.log ; exitstat=$?; echo END at $(date); echo exit status was $exitstat; exit $exitstat' returned non-zero exit status 102.
  File "/home/manninm/pyflow-RNAseq/Snakefile", line 53, in __rule_STAR_fq
  File "/usr/lib64/python3.6/concurrent/futures/thread.py", line 56, in run
Terminating processes on user request, this might take some time.
[Fri Aug  2 10:14:34 2019]
Error in rule STAR_fq:
    jobid: 5
    output: Sample_70167/Sample_70167Aligned.sortedByCoord.out.bam
    log: 00log/Sample_70167_STAR_align.log

RuleException:
CalledProcessError in line 53 of /home/manninm/pyflow-RNAseq/Snakefile:
Command 'set -eo pipefail; echo BEGIN at $(date);  STAR --runMode alignReads 		--runThreadN 5 		--genomeDir /home/deepSeq/STAR_index_GRCh38_ENSEMBL 		--readFilesIn /home/manninm/pyflow-RNAseq/Sample_70167/Sample_70167.R1.fq.gz /home/manninm/pyflow-RNAseq/Sample_70167/Sample_70167.R2.fq.gz 		--readFilesCommand zcat 		--twopassMode Basic 		--outSAMstrandField intronMotif     --outSAMtype BAM SortedByCoordinate     --outBAMcompression 10     --bamRemoveDuplicatesType UniqueIdentical
		--outFileNamePrefix Sample_70167Sample_70167 2> 00log/Sample_70167_STAR_align.log ; exitstat=$?; echo END at $(date); echo exit status was $exitstat; exit $exitstat' died with <Signals.SIGINT: 2>.
  File "/home/manninm/pyflow-RNAseq/Snakefile", line 53, in __rule_STAR_fq
  File "/usr/lib64/python3.6/concurrent/futures/thread.py", line 56, in run
[Fri Aug  2 10:14:34 2019]
Error in rule STAR_fq:
    jobid: 4
    output: Sample_70166/Sample_70166Aligned.sortedByCoord.out.bam
    log: 00log/Sample_70166_STAR_align.log

RuleException:
CalledProcessError in line 53 of /home/manninm/pyflow-RNAseq/Snakefile:
Command 'set -eo pipefail; echo BEGIN at $(date);  STAR --runMode alignReads 		--runThreadN 5 		--genomeDir /home/deepSeq/STAR_index_GRCh38_ENSEMBL 		--readFilesIn /home/manninm/pyflow-RNAseq/Sample_70166/Sample_70166.R1.fq.gz /home/manninm/pyflow-RNAseq/Sample_70166/Sample_70166.R2.fq.gz 		--readFilesCommand zcat 		--twopassMode Basic 		--outSAMstrandField intronMotif     --outSAMtype BAM SortedByCoordinate     --outBAMcompression 10     --bamRemoveDuplicatesType UniqueIdentical
		--outFileNamePrefix Sample_70166Sample_70166 2> 00log/Sample_70166_STAR_align.log ; exitstat=$?; echo END at $(date); echo exit status was $exitstat; exit $exitstat' died with <Signals.SIGINT: 2>.
  File "/home/manninm/pyflow-RNAseq/Snakefile", line 53, in __rule_STAR_fq
  File "/usr/lib64/python3.6/concurrent/futures/thread.py", line 56, in run
Complete log: /home/manninm/pyflow-RNAseq/.snakemake/log/2019-08-02T101343.283147.snakemake.log
