Building DAG of jobs...
Using shell: /bin/bash
Provided cores: 20
Rules claiming more threads will be scaled down.
Job counts:
	count	jobs
	9	HtSeq_Count
	1	HtSeq_Matrix
	9	HtSeq_Move
	1	PNGRename
	9	Picard
	1	PicardGather
	9	STAR_fq
	1	StarCollect
	1	all
	9	fastqScreen
	9	fastqc
	59

[Mon Aug 12 08:15:31 2019]
rule fastqScreen:
    input: Sample_70161/Sample_70161.R1.fq.gz, Sample_70161/Sample_70161.R2.fq.gz
    output: Sample_70161/Sample_70161.fq.gz, Sample_70161/Sample_70161_screen.png
    jobid: 24
    wildcards: sample=Sample_70161
    priority: 3
    threads: 4


[Mon Aug 12 08:15:31 2019]
rule fastqScreen:
    input: Sample_70166/Sample_70166.R1.fq.gz, Sample_70166/Sample_70166.R2.fq.gz
    output: Sample_70166/Sample_70166.fq.gz, Sample_70166/Sample_70166_screen.png
    jobid: 26
    wildcards: sample=Sample_70166
    priority: 3
    threads: 4


[Mon Aug 12 08:15:31 2019]
rule fastqScreen:
    input: Sample_70169/Sample_70169.R1.fq.gz, Sample_70169/Sample_70169.R2.fq.gz
    output: Sample_70169/Sample_70169.fq.gz, Sample_70169/Sample_70169_screen.png
    jobid: 29
    wildcards: sample=Sample_70169
    priority: 3
    threads: 4


[Mon Aug 12 08:15:31 2019]
rule fastqScreen:
    input: Sample_70170/Sample_70170.R1.fq.gz, Sample_70170/Sample_70170.R2.fq.gz
    output: Sample_70170/Sample_70170.fq.gz, Sample_70170/Sample_70170_screen.png
    jobid: 30
    wildcards: sample=Sample_70170
    priority: 3
    threads: 4


[Mon Aug 12 08:15:31 2019]
rule fastqScreen:
    input: Sample_70167/Sample_70167.R1.fq.gz, Sample_70167/Sample_70167.R2.fq.gz
    output: Sample_70167/Sample_70167.fq.gz, Sample_70167/Sample_70167_screen.png
    jobid: 27
    wildcards: sample=Sample_70167
    priority: 3
    threads: 4

[Mon Aug 12 08:27:42 2019]
Finished job 27.
1 of 59 steps (2%) done
[Mon Aug 12 08:27:42 2019]
Finished job 29.
2 of 59 steps (3%) done
[Mon Aug 12 08:27:42 2019]
Finished job 24.
3 of 59 steps (5%) done
[Mon Aug 12 08:27:42 2019]
Finished job 26.
4 of 59 steps (7%) done
[Mon Aug 12 08:27:42 2019]
Finished job 30.
5 of 59 steps (8%) done

[Mon Aug 12 08:27:42 2019]
rule fastqScreen:
    input: Sample_70168/Sample_70168.R1.fq.gz, Sample_70168/Sample_70168.R2.fq.gz
    output: Sample_70168/Sample_70168.fq.gz, Sample_70168/Sample_70168_screen.png
    jobid: 28
    wildcards: sample=Sample_70168
    priority: 3
    threads: 4


[Mon Aug 12 08:27:42 2019]
rule fastqc:
    input: Sample_70169/Sample_70169.R1.fq.gz, Sample_70169/Sample_70169.R2.fq.gz
    output: Sample_70169/Sample_70169.R1_fastqc/Images/duplication_levels.png, Sample_70169/Sample_70169.R1_fastqc/Images/per_sequence_gc_content.png, Sample_70169/Sample_70169.R1_fastqc/Images/sequence_length_distribution.png, Sample_70169/Sample_70169.R1_fastqc/Images/per_base_n_content.png, Sample_70169/Sample_70169.R1_fastqc/Images/per_tile_quality.png, Sample_70169/Sample_70169.R1_fastqc/Images/kmer_profiles.png, Sample_70169/Sample_70169.R1_fastqc/Images/per_base_quality.png, Sample_70169/Sample_70169.R1_fastqc/Images/per_base_sequence_content.png, Sample_70169/Sample_70169.R1_fastqc/Images/adapter_content.png, Sample_70169/Sample_70169.R1_fastqc/Images/per_sequence_quality.png, Sample_70169/Sample_70169.R2_fastqc/Images/duplication_levels.png, Sample_70169/Sample_70169.R2_fastqc/Images/per_sequence_gc_content.png, Sample_70169/Sample_70169.R2_fastqc/Images/sequence_length_distribution.png, Sample_70169/Sample_70169.R2_fastqc/Images/per_base_n_content.png, Sample_70169/Sample_70169.R2_fastqc/Images/per_tile_quality.png, Sample_70169/Sample_70169.R2_fastqc/Images/kmer_profiles.png, Sample_70169/Sample_70169.R2_fastqc/Images/per_base_quality.png, Sample_70169/Sample_70169.R2_fastqc/Images/per_base_sequence_content.png, Sample_70169/Sample_70169.R2_fastqc/Images/adapter_content.png, Sample_70169/Sample_70169.R2_fastqc/Images/per_sequence_quality.png
    jobid: 20
    wildcards: sample=Sample_70169
    threads: 2


[Mon Aug 12 08:27:43 2019]
rule fastqScreen:
    input: Sample_70171/Sample_70171.R1.fq.gz, Sample_70171/Sample_70171.R2.fq.gz
    output: Sample_70171/Sample_70171.fq.gz, Sample_70171/Sample_70171_screen.png
    jobid: 31
    wildcards: sample=Sample_70171
    priority: 3
    threads: 4


[Mon Aug 12 08:27:43 2019]
rule fastqScreen:
    input: Sample_70160/Sample_70160.R1.fq.gz, Sample_70160/Sample_70160.R2.fq.gz
    output: Sample_70160/Sample_70160.fq.gz, Sample_70160/Sample_70160_screen.png
    jobid: 23
    wildcards: sample=Sample_70160
    priority: 3
    threads: 4


[Mon Aug 12 08:27:43 2019]
rule fastqScreen:
    input: Sample_70162/Sample_70162.R1.fq.gz, Sample_70162/Sample_70162.R2.fq.gz
    output: Sample_70162/Sample_70162.fq.gz, Sample_70162/Sample_70162_screen.png
    jobid: 25
    wildcards: sample=Sample_70162
    priority: 3
    threads: 4


[Mon Aug 12 08:27:43 2019]
rule fastqc:
    input: Sample_70166/Sample_70166.R1.fq.gz, Sample_70166/Sample_70166.R2.fq.gz
    output: Sample_70166/Sample_70166.R1_fastqc/Images/duplication_levels.png, Sample_70166/Sample_70166.R1_fastqc/Images/per_sequence_gc_content.png, Sample_70166/Sample_70166.R1_fastqc/Images/sequence_length_distribution.png, Sample_70166/Sample_70166.R1_fastqc/Images/per_base_n_content.png, Sample_70166/Sample_70166.R1_fastqc/Images/per_tile_quality.png, Sample_70166/Sample_70166.R1_fastqc/Images/kmer_profiles.png, Sample_70166/Sample_70166.R1_fastqc/Images/per_base_quality.png, Sample_70166/Sample_70166.R1_fastqc/Images/per_base_sequence_content.png, Sample_70166/Sample_70166.R1_fastqc/Images/adapter_content.png, Sample_70166/Sample_70166.R1_fastqc/Images/per_sequence_quality.png, Sample_70166/Sample_70166.R2_fastqc/Images/duplication_levels.png, Sample_70166/Sample_70166.R2_fastqc/Images/per_sequence_gc_content.png, Sample_70166/Sample_70166.R2_fastqc/Images/sequence_length_distribution.png, Sample_70166/Sample_70166.R2_fastqc/Images/per_base_n_content.png, Sample_70166/Sample_70166.R2_fastqc/Images/per_tile_quality.png, Sample_70166/Sample_70166.R2_fastqc/Images/kmer_profiles.png, Sample_70166/Sample_70166.R2_fastqc/Images/per_base_quality.png, Sample_70166/Sample_70166.R2_fastqc/Images/per_base_sequence_content.png, Sample_70166/Sample_70166.R2_fastqc/Images/adapter_content.png, Sample_70166/Sample_70166.R2_fastqc/Images/per_sequence_quality.png
    jobid: 17
    wildcards: sample=Sample_70166
    threads: 2

[Mon Aug 12 08:29:53 2019]
Finished job 20.
6 of 59 steps (10%) done
[Mon Aug 12 08:29:53 2019]
Finished job 17.
7 of 59 steps (12%) done

[Mon Aug 12 08:29:53 2019]
rule fastqc:
    input: Sample_70167/Sample_70167.R1.fq.gz, Sample_70167/Sample_70167.R2.fq.gz
    output: Sample_70167/Sample_70167.R1_fastqc/Images/duplication_levels.png, Sample_70167/Sample_70167.R1_fastqc/Images/per_sequence_gc_content.png, Sample_70167/Sample_70167.R1_fastqc/Images/sequence_length_distribution.png, Sample_70167/Sample_70167.R1_fastqc/Images/per_base_n_content.png, Sample_70167/Sample_70167.R1_fastqc/Images/per_tile_quality.png, Sample_70167/Sample_70167.R1_fastqc/Images/kmer_profiles.png, Sample_70167/Sample_70167.R1_fastqc/Images/per_base_quality.png, Sample_70167/Sample_70167.R1_fastqc/Images/per_base_sequence_content.png, Sample_70167/Sample_70167.R1_fastqc/Images/adapter_content.png, Sample_70167/Sample_70167.R1_fastqc/Images/per_sequence_quality.png, Sample_70167/Sample_70167.R2_fastqc/Images/duplication_levels.png, Sample_70167/Sample_70167.R2_fastqc/Images/per_sequence_gc_content.png, Sample_70167/Sample_70167.R2_fastqc/Images/sequence_length_distribution.png, Sample_70167/Sample_70167.R2_fastqc/Images/per_base_n_content.png, Sample_70167/Sample_70167.R2_fastqc/Images/per_tile_quality.png, Sample_70167/Sample_70167.R2_fastqc/Images/kmer_profiles.png, Sample_70167/Sample_70167.R2_fastqc/Images/per_base_quality.png, Sample_70167/Sample_70167.R2_fastqc/Images/per_base_sequence_content.png, Sample_70167/Sample_70167.R2_fastqc/Images/adapter_content.png, Sample_70167/Sample_70167.R2_fastqc/Images/per_sequence_quality.png
    jobid: 18
    wildcards: sample=Sample_70167
    threads: 2


[Mon Aug 12 08:29:53 2019]
rule fastqc:
    input: Sample_70161/Sample_70161.R1.fq.gz, Sample_70161/Sample_70161.R2.fq.gz
    output: Sample_70161/Sample_70161.R1_fastqc/Images/duplication_levels.png, Sample_70161/Sample_70161.R1_fastqc/Images/per_sequence_gc_content.png, Sample_70161/Sample_70161.R1_fastqc/Images/sequence_length_distribution.png, Sample_70161/Sample_70161.R1_fastqc/Images/per_base_n_content.png, Sample_70161/Sample_70161.R1_fastqc/Images/per_tile_quality.png, Sample_70161/Sample_70161.R1_fastqc/Images/kmer_profiles.png, Sample_70161/Sample_70161.R1_fastqc/Images/per_base_quality.png, Sample_70161/Sample_70161.R1_fastqc/Images/per_base_sequence_content.png, Sample_70161/Sample_70161.R1_fastqc/Images/adapter_content.png, Sample_70161/Sample_70161.R1_fastqc/Images/per_sequence_quality.png, Sample_70161/Sample_70161.R2_fastqc/Images/duplication_levels.png, Sample_70161/Sample_70161.R2_fastqc/Images/per_sequence_gc_content.png, Sample_70161/Sample_70161.R2_fastqc/Images/sequence_length_distribution.png, Sample_70161/Sample_70161.R2_fastqc/Images/per_base_n_content.png, Sample_70161/Sample_70161.R2_fastqc/Images/per_tile_quality.png, Sample_70161/Sample_70161.R2_fastqc/Images/kmer_profiles.png, Sample_70161/Sample_70161.R2_fastqc/Images/per_base_quality.png, Sample_70161/Sample_70161.R2_fastqc/Images/per_base_sequence_content.png, Sample_70161/Sample_70161.R2_fastqc/Images/adapter_content.png, Sample_70161/Sample_70161.R2_fastqc/Images/per_sequence_quality.png
    jobid: 15
    wildcards: sample=Sample_70161
    threads: 2

[Mon Aug 12 08:31:45 2019]
Finished job 15.
8 of 59 steps (14%) done

[Mon Aug 12 08:31:46 2019]
rule fastqc:
    input: Sample_70170/Sample_70170.R1.fq.gz, Sample_70170/Sample_70170.R2.fq.gz
    output: Sample_70170/Sample_70170.R1_fastqc/Images/duplication_levels.png, Sample_70170/Sample_70170.R1_fastqc/Images/per_sequence_gc_content.png, Sample_70170/Sample_70170.R1_fastqc/Images/sequence_length_distribution.png, Sample_70170/Sample_70170.R1_fastqc/Images/per_base_n_content.png, Sample_70170/Sample_70170.R1_fastqc/Images/per_tile_quality.png, Sample_70170/Sample_70170.R1_fastqc/Images/kmer_profiles.png, Sample_70170/Sample_70170.R1_fastqc/Images/per_base_quality.png, Sample_70170/Sample_70170.R1_fastqc/Images/per_base_sequence_content.png, Sample_70170/Sample_70170.R1_fastqc/Images/adapter_content.png, Sample_70170/Sample_70170.R1_fastqc/Images/per_sequence_quality.png, Sample_70170/Sample_70170.R2_fastqc/Images/duplication_levels.png, Sample_70170/Sample_70170.R2_fastqc/Images/per_sequence_gc_content.png, Sample_70170/Sample_70170.R2_fastqc/Images/sequence_length_distribution.png, Sample_70170/Sample_70170.R2_fastqc/Images/per_base_n_content.png, Sample_70170/Sample_70170.R2_fastqc/Images/per_tile_quality.png, Sample_70170/Sample_70170.R2_fastqc/Images/kmer_profiles.png, Sample_70170/Sample_70170.R2_fastqc/Images/per_base_quality.png, Sample_70170/Sample_70170.R2_fastqc/Images/per_base_sequence_content.png, Sample_70170/Sample_70170.R2_fastqc/Images/adapter_content.png, Sample_70170/Sample_70170.R2_fastqc/Images/per_sequence_quality.png
    jobid: 21
    wildcards: sample=Sample_70170
    threads: 2

[Mon Aug 12 08:31:46 2019]
Finished job 18.
9 of 59 steps (15%) done

[Mon Aug 12 08:31:46 2019]
rule fastqc:
    input: Sample_70162/Sample_70162.R1.fq.gz, Sample_70162/Sample_70162.R2.fq.gz
    output: Sample_70162/Sample_70162.R1_fastqc/Images/duplication_levels.png, Sample_70162/Sample_70162.R1_fastqc/Images/per_sequence_gc_content.png, Sample_70162/Sample_70162.R1_fastqc/Images/sequence_length_distribution.png, Sample_70162/Sample_70162.R1_fastqc/Images/per_base_n_content.png, Sample_70162/Sample_70162.R1_fastqc/Images/per_tile_quality.png, Sample_70162/Sample_70162.R1_fastqc/Images/kmer_profiles.png, Sample_70162/Sample_70162.R1_fastqc/Images/per_base_quality.png, Sample_70162/Sample_70162.R1_fastqc/Images/per_base_sequence_content.png, Sample_70162/Sample_70162.R1_fastqc/Images/adapter_content.png, Sample_70162/Sample_70162.R1_fastqc/Images/per_sequence_quality.png, Sample_70162/Sample_70162.R2_fastqc/Images/duplication_levels.png, Sample_70162/Sample_70162.R2_fastqc/Images/per_sequence_gc_content.png, Sample_70162/Sample_70162.R2_fastqc/Images/sequence_length_distribution.png, Sample_70162/Sample_70162.R2_fastqc/Images/per_base_n_content.png, Sample_70162/Sample_70162.R2_fastqc/Images/per_tile_quality.png, Sample_70162/Sample_70162.R2_fastqc/Images/kmer_profiles.png, Sample_70162/Sample_70162.R2_fastqc/Images/per_base_quality.png, Sample_70162/Sample_70162.R2_fastqc/Images/per_base_sequence_content.png, Sample_70162/Sample_70162.R2_fastqc/Images/adapter_content.png, Sample_70162/Sample_70162.R2_fastqc/Images/per_sequence_quality.png
    jobid: 16
    wildcards: sample=Sample_70162
    threads: 2

[Mon Aug 12 08:33:28 2019]
Finished job 16.
10 of 59 steps (17%) done
[Mon Aug 12 08:33:28 2019]
Finished job 21.
11 of 59 steps (19%) done

[Mon Aug 12 08:33:30 2019]
rule fastqc:
    input: Sample_70160/Sample_70160.R1.fq.gz, Sample_70160/Sample_70160.R2.fq.gz
    output: Sample_70160/Sample_70160.R1_fastqc/Images/duplication_levels.png, Sample_70160/Sample_70160.R1_fastqc/Images/per_sequence_gc_content.png, Sample_70160/Sample_70160.R1_fastqc/Images/sequence_length_distribution.png, Sample_70160/Sample_70160.R1_fastqc/Images/per_base_n_content.png, Sample_70160/Sample_70160.R1_fastqc/Images/per_tile_quality.png, Sample_70160/Sample_70160.R1_fastqc/Images/kmer_profiles.png, Sample_70160/Sample_70160.R1_fastqc/Images/per_base_quality.png, Sample_70160/Sample_70160.R1_fastqc/Images/per_base_sequence_content.png, Sample_70160/Sample_70160.R1_fastqc/Images/adapter_content.png, Sample_70160/Sample_70160.R1_fastqc/Images/per_sequence_quality.png, Sample_70160/Sample_70160.R2_fastqc/Images/duplication_levels.png, Sample_70160/Sample_70160.R2_fastqc/Images/per_sequence_gc_content.png, Sample_70160/Sample_70160.R2_fastqc/Images/sequence_length_distribution.png, Sample_70160/Sample_70160.R2_fastqc/Images/per_base_n_content.png, Sample_70160/Sample_70160.R2_fastqc/Images/per_tile_quality.png, Sample_70160/Sample_70160.R2_fastqc/Images/kmer_profiles.png, Sample_70160/Sample_70160.R2_fastqc/Images/per_base_quality.png, Sample_70160/Sample_70160.R2_fastqc/Images/per_base_sequence_content.png, Sample_70160/Sample_70160.R2_fastqc/Images/adapter_content.png, Sample_70160/Sample_70160.R2_fastqc/Images/per_sequence_quality.png
    jobid: 14
    wildcards: sample=Sample_70160
    threads: 2


[Mon Aug 12 08:33:31 2019]
rule fastqc:
    input: Sample_70171/Sample_70171.R1.fq.gz, Sample_70171/Sample_70171.R2.fq.gz
    output: Sample_70171/Sample_70171.R1_fastqc/Images/duplication_levels.png, Sample_70171/Sample_70171.R1_fastqc/Images/per_sequence_gc_content.png, Sample_70171/Sample_70171.R1_fastqc/Images/sequence_length_distribution.png, Sample_70171/Sample_70171.R1_fastqc/Images/per_base_n_content.png, Sample_70171/Sample_70171.R1_fastqc/Images/per_tile_quality.png, Sample_70171/Sample_70171.R1_fastqc/Images/kmer_profiles.png, Sample_70171/Sample_70171.R1_fastqc/Images/per_base_quality.png, Sample_70171/Sample_70171.R1_fastqc/Images/per_base_sequence_content.png, Sample_70171/Sample_70171.R1_fastqc/Images/adapter_content.png, Sample_70171/Sample_70171.R1_fastqc/Images/per_sequence_quality.png, Sample_70171/Sample_70171.R2_fastqc/Images/duplication_levels.png, Sample_70171/Sample_70171.R2_fastqc/Images/per_sequence_gc_content.png, Sample_70171/Sample_70171.R2_fastqc/Images/sequence_length_distribution.png, Sample_70171/Sample_70171.R2_fastqc/Images/per_base_n_content.png, Sample_70171/Sample_70171.R2_fastqc/Images/per_tile_quality.png, Sample_70171/Sample_70171.R2_fastqc/Images/kmer_profiles.png, Sample_70171/Sample_70171.R2_fastqc/Images/per_base_quality.png, Sample_70171/Sample_70171.R2_fastqc/Images/per_base_sequence_content.png, Sample_70171/Sample_70171.R2_fastqc/Images/adapter_content.png, Sample_70171/Sample_70171.R2_fastqc/Images/per_sequence_quality.png
    jobid: 22
    wildcards: sample=Sample_70171
    threads: 2

[Mon Aug 12 08:34:25 2019]
Finished job 14.
12 of 59 steps (20%) done
[Mon Aug 12 08:34:26 2019]
Finished job 22.
13 of 59 steps (22%) done

[Mon Aug 12 08:34:27 2019]
rule fastqc:
    input: Sample_70168/Sample_70168.R1.fq.gz, Sample_70168/Sample_70168.R2.fq.gz
    output: Sample_70168/Sample_70168.R1_fastqc/Images/duplication_levels.png, Sample_70168/Sample_70168.R1_fastqc/Images/per_sequence_gc_content.png, Sample_70168/Sample_70168.R1_fastqc/Images/sequence_length_distribution.png, Sample_70168/Sample_70168.R1_fastqc/Images/per_base_n_content.png, Sample_70168/Sample_70168.R1_fastqc/Images/per_tile_quality.png, Sample_70168/Sample_70168.R1_fastqc/Images/kmer_profiles.png, Sample_70168/Sample_70168.R1_fastqc/Images/per_base_quality.png, Sample_70168/Sample_70168.R1_fastqc/Images/per_base_sequence_content.png, Sample_70168/Sample_70168.R1_fastqc/Images/adapter_content.png, Sample_70168/Sample_70168.R1_fastqc/Images/per_sequence_quality.png, Sample_70168/Sample_70168.R2_fastqc/Images/duplication_levels.png, Sample_70168/Sample_70168.R2_fastqc/Images/per_sequence_gc_content.png, Sample_70168/Sample_70168.R2_fastqc/Images/sequence_length_distribution.png, Sample_70168/Sample_70168.R2_fastqc/Images/per_base_n_content.png, Sample_70168/Sample_70168.R2_fastqc/Images/per_tile_quality.png, Sample_70168/Sample_70168.R2_fastqc/Images/kmer_profiles.png, Sample_70168/Sample_70168.R2_fastqc/Images/per_base_quality.png, Sample_70168/Sample_70168.R2_fastqc/Images/per_base_sequence_content.png, Sample_70168/Sample_70168.R2_fastqc/Images/adapter_content.png, Sample_70168/Sample_70168.R2_fastqc/Images/per_sequence_quality.png
    jobid: 19
    wildcards: sample=Sample_70168
    threads: 2

[Mon Aug 12 08:35:01 2019]
Finished job 19.
14 of 59 steps (24%) done
[Mon Aug 12 08:39:19 2019]
Finished job 23.
15 of 59 steps (25%) done
[Mon Aug 12 08:39:19 2019]
Finished job 31.
16 of 59 steps (27%) done
[Mon Aug 12 08:39:19 2019]
Finished job 28.
17 of 59 steps (29%) done
[Mon Aug 12 08:39:19 2019]
Finished job 25.
18 of 59 steps (31%) done

[Mon Aug 12 08:39:19 2019]
Job 4: aligning Sample_70166/Sample_70166.R1.fq.gz Sample_70166/Sample_70166.R2.fq.gz using STAR: 20 threads

[Mon Aug 12 08:48:10 2019]
Finished job 4.
19 of 59 steps (32%) done

[Mon Aug 12 08:48:10 2019]
Job 53: htseq-count Sample_70166/Sample_70166Aligned.sortedByCoord.out.bam : 1 threads


[Mon Aug 12 08:48:10 2019]
rule Picard:
    input: Sample_70166/Sample_70166Aligned.sortedByCoord.out.bam
    output: Sample_70166/Sample_70166picardresults.txt
    jobid: 35
    wildcards: sample=Sample_70166


[Mon Aug 12 08:48:10 2019]
rule PNGRename:
    input: Sample_70160/Sample_70160.R1_fastqc/Images/duplication_levels.png, Sample_70161/Sample_70161.R1_fastqc/Images/duplication_levels.png, Sample_70162/Sample_70162.R1_fastqc/Images/duplication_levels.png, Sample_70166/Sample_70166.R1_fastqc/Images/duplication_levels.png, Sample_70167/Sample_70167.R1_fastqc/Images/duplication_levels.png, Sample_70168/Sample_70168.R1_fastqc/Images/duplication_levels.png, Sample_70169/Sample_70169.R1_fastqc/Images/duplication_levels.png, Sample_70170/Sample_70170.R1_fastqc/Images/duplication_levels.png, Sample_70171/Sample_70171.R1_fastqc/Images/duplication_levels.png, Sample_70160/Sample_70160.R1_fastqc/Images/per_sequence_gc_content.png, Sample_70161/Sample_70161.R1_fastqc/Images/per_sequence_gc_content.png, Sample_70162/Sample_70162.R1_fastqc/Images/per_sequence_gc_content.png, Sample_70166/Sample_70166.R1_fastqc/Images/per_sequence_gc_content.png, Sample_70167/Sample_70167.R1_fastqc/Images/per_sequence_gc_content.png, Sample_70168/Sample_70168.R1_fastqc/Images/per_sequence_gc_content.png, Sample_70169/Sample_70169.R1_fastqc/Images/per_sequence_gc_content.png, Sample_70170/Sample_70170.R1_fastqc/Images/per_sequence_gc_content.png, Sample_70171/Sample_70171.R1_fastqc/Images/per_sequence_gc_content.png, Sample_70160/Sample_70160.R1_fastqc/Images/sequence_length_distribution.png, Sample_70161/Sample_70161.R1_fastqc/Images/sequence_length_distribution.png, Sample_70162/Sample_70162.R1_fastqc/Images/sequence_length_distribution.png, Sample_70166/Sample_70166.R1_fastqc/Images/sequence_length_distribution.png, Sample_70167/Sample_70167.R1_fastqc/Images/sequence_length_distribution.png, Sample_70168/Sample_70168.R1_fastqc/Images/sequence_length_distribution.png, Sample_70169/Sample_70169.R1_fastqc/Images/sequence_length_distribution.png, Sample_70170/Sample_70170.R1_fastqc/Images/sequence_length_distribution.png, Sample_70171/Sample_70171.R1_fastqc/Images/sequence_length_distribution.png, Sample_70160/Sample_70160.R1_fastqc/Images/per_base_n_content.png, Sample_70161/Sample_70161.R1_fastqc/Images/per_base_n_content.png, Sample_70162/Sample_70162.R1_fastqc/Images/per_base_n_content.png, Sample_70166/Sample_70166.R1_fastqc/Images/per_base_n_content.png, Sample_70167/Sample_70167.R1_fastqc/Images/per_base_n_content.png, Sample_70168/Sample_70168.R1_fastqc/Images/per_base_n_content.png, Sample_70169/Sample_70169.R1_fastqc/Images/per_base_n_content.png, Sample_70170/Sample_70170.R1_fastqc/Images/per_base_n_content.png, Sample_70171/Sample_70171.R1_fastqc/Images/per_base_n_content.png, Sample_70160/Sample_70160.R1_fastqc/Images/per_tile_quality.png, Sample_70161/Sample_70161.R1_fastqc/Images/per_tile_quality.png, Sample_70162/Sample_70162.R1_fastqc/Images/per_tile_quality.png, Sample_70166/Sample_70166.R1_fastqc/Images/per_tile_quality.png, Sample_70167/Sample_70167.R1_fastqc/Images/per_tile_quality.png, Sample_70168/Sample_70168.R1_fastqc/Images/per_tile_quality.png, Sample_70169/Sample_70169.R1_fastqc/Images/per_tile_quality.png, Sample_70170/Sample_70170.R1_fastqc/Images/per_tile_quality.png, Sample_70171/Sample_70171.R1_fastqc/Images/per_tile_quality.png, Sample_70160/Sample_70160.R1_fastqc/Images/kmer_profiles.png, Sample_70161/Sample_70161.R1_fastqc/Images/kmer_profiles.png, Sample_70162/Sample_70162.R1_fastqc/Images/kmer_profiles.png, Sample_70166/Sample_70166.R1_fastqc/Images/kmer_profiles.png, Sample_70167/Sample_70167.R1_fastqc/Images/kmer_profiles.png, Sample_70168/Sample_70168.R1_fastqc/Images/kmer_profiles.png, Sample_70169/Sample_70169.R1_fastqc/Images/kmer_profiles.png, Sample_70170/Sample_70170.R1_fastqc/Images/kmer_profiles.png, Sample_70171/Sample_70171.R1_fastqc/Images/kmer_profiles.png, Sample_70160/Sample_70160.R1_fastqc/Images/per_base_quality.png, Sample_70161/Sample_70161.R1_fastqc/Images/per_base_quality.png, Sample_70162/Sample_70162.R1_fastqc/Images/per_base_quality.png, Sample_70166/Sample_70166.R1_fastqc/Images/per_base_quality.png, Sample_70167/Sample_70167.R1_fastqc/Images/per_base_quality.png, Sample_70168/Sample_70168.R1_fastqc/Images/per_base_quality.png, Sample_70169/Sample_70169.R1_fastqc/Images/per_base_quality.png, Sample_70170/Sample_70170.R1_fastqc/Images/per_base_quality.png, Sample_70171/Sample_70171.R1_fastqc/Images/per_base_quality.png, Sample_70160/Sample_70160.R1_fastqc/Images/per_base_sequence_content.png, Sample_70161/Sample_70161.R1_fastqc/Images/per_base_sequence_content.png, Sample_70162/Sample_70162.R1_fastqc/Images/per_base_sequence_content.png, Sample_70166/Sample_70166.R1_fastqc/Images/per_base_sequence_content.png, Sample_70167/Sample_70167.R1_fastqc/Images/per_base_sequence_content.png, Sample_70168/Sample_70168.R1_fastqc/Images/per_base_sequence_content.png, Sample_70169/Sample_70169.R1_fastqc/Images/per_base_sequence_content.png, Sample_70170/Sample_70170.R1_fastqc/Images/per_base_sequence_content.png, Sample_70171/Sample_70171.R1_fastqc/Images/per_base_sequence_content.png, Sample_70160/Sample_70160.R1_fastqc/Images/adapter_content.png, Sample_70161/Sample_70161.R1_fastqc/Images/adapter_content.png, Sample_70162/Sample_70162.R1_fastqc/Images/adapter_content.png, Sample_70166/Sample_70166.R1_fastqc/Images/adapter_content.png, Sample_70167/Sample_70167.R1_fastqc/Images/adapter_content.png, Sample_70168/Sample_70168.R1_fastqc/Images/adapter_content.png, Sample_70169/Sample_70169.R1_fastqc/Images/adapter_content.png, Sample_70170/Sample_70170.R1_fastqc/Images/adapter_content.png, Sample_70171/Sample_70171.R1_fastqc/Images/adapter_content.png, Sample_70160/Sample_70160.R1_fastqc/Images/per_sequence_quality.png, Sample_70161/Sample_70161.R1_fastqc/Images/per_sequence_quality.png, Sample_70162/Sample_70162.R1_fastqc/Images/per_sequence_quality.png, Sample_70166/Sample_70166.R1_fastqc/Images/per_sequence_quality.png, Sample_70167/Sample_70167.R1_fastqc/Images/per_sequence_quality.png, Sample_70168/Sample_70168.R1_fastqc/Images/per_sequence_quality.png, Sample_70169/Sample_70169.R1_fastqc/Images/per_sequence_quality.png, Sample_70170/Sample_70170.R1_fastqc/Images/per_sequence_quality.png, Sample_70171/Sample_70171.R1_fastqc/Images/per_sequence_quality.png, Sample_70160/Sample_70160.R2_fastqc/Images/duplication_levels.png, Sample_70161/Sample_70161.R2_fastqc/Images/duplication_levels.png, Sample_70162/Sample_70162.R2_fastqc/Images/duplication_levels.png, Sample_70166/Sample_70166.R2_fastqc/Images/duplication_levels.png, Sample_70167/Sample_70167.R2_fastqc/Images/duplication_levels.png, Sample_70168/Sample_70168.R2_fastqc/Images/duplication_levels.png, Sample_70169/Sample_70169.R2_fastqc/Images/duplication_levels.png, Sample_70170/Sample_70170.R2_fastqc/Images/duplication_levels.png, Sample_70171/Sample_70171.R2_fastqc/Images/duplication_levels.png, Sample_70160/Sample_70160.R2_fastqc/Images/per_sequence_gc_content.png, Sample_70161/Sample_70161.R2_fastqc/Images/per_sequence_gc_content.png, Sample_70162/Sample_70162.R2_fastqc/Images/per_sequence_gc_content.png, Sample_70166/Sample_70166.R2_fastqc/Images/per_sequence_gc_content.png, Sample_70167/Sample_70167.R2_fastqc/Images/per_sequence_gc_content.png, Sample_70168/Sample_70168.R2_fastqc/Images/per_sequence_gc_content.png, Sample_70169/Sample_70169.R2_fastqc/Images/per_sequence_gc_content.png, Sample_70170/Sample_70170.R2_fastqc/Images/per_sequence_gc_content.png, Sample_70171/Sample_70171.R2_fastqc/Images/per_sequence_gc_content.png, Sample_70160/Sample_70160.R2_fastqc/Images/sequence_length_distribution.png, Sample_70161/Sample_70161.R2_fastqc/Images/sequence_length_distribution.png, Sample_70162/Sample_70162.R2_fastqc/Images/sequence_length_distribution.png, Sample_70166/Sample_70166.R2_fastqc/Images/sequence_length_distribution.png, Sample_70167/Sample_70167.R2_fastqc/Images/sequence_length_distribution.png, Sample_70168/Sample_70168.R2_fastqc/Images/sequence_length_distribution.png, Sample_70169/Sample_70169.R2_fastqc/Images/sequence_length_distribution.png, Sample_70170/Sample_70170.R2_fastqc/Images/sequence_length_distribution.png, Sample_70171/Sample_70171.R2_fastqc/Images/sequence_length_distribution.png, Sample_70160/Sample_70160.R2_fastqc/Images/per_base_n_content.png, Sample_70161/Sample_70161.R2_fastqc/Images/per_base_n_content.png, Sample_70162/Sample_70162.R2_fastqc/Images/per_base_n_content.png, Sample_70166/Sample_70166.R2_fastqc/Images/per_base_n_content.png, Sample_70167/Sample_70167.R2_fastqc/Images/per_base_n_content.png, Sample_70168/Sample_70168.R2_fastqc/Images/per_base_n_content.png, Sample_70169/Sample_70169.R2_fastqc/Images/per_base_n_content.png, Sample_70170/Sample_70170.R2_fastqc/Images/per_base_n_content.png, Sample_70171/Sample_70171.R2_fastqc/Images/per_base_n_content.png, Sample_70160/Sample_70160.R2_fastqc/Images/per_tile_quality.png, Sample_70161/Sample_70161.R2_fastqc/Images/per_tile_quality.png, Sample_70162/Sample_70162.R2_fastqc/Images/per_tile_quality.png, Sample_70166/Sample_70166.R2_fastqc/Images/per_tile_quality.png, Sample_70167/Sample_70167.R2_fastqc/Images/per_tile_quality.png, Sample_70168/Sample_70168.R2_fastqc/Images/per_tile_quality.png, Sample_70169/Sample_70169.R2_fastqc/Images/per_tile_quality.png, Sample_70170/Sample_70170.R2_fastqc/Images/per_tile_quality.png, Sample_70171/Sample_70171.R2_fastqc/Images/per_tile_quality.png, Sample_70160/Sample_70160.R2_fastqc/Images/kmer_profiles.png, Sample_70161/Sample_70161.R2_fastqc/Images/kmer_profiles.png, Sample_70162/Sample_70162.R2_fastqc/Images/kmer_profiles.png, Sample_70166/Sample_70166.R2_fastqc/Images/kmer_profiles.png, Sample_70167/Sample_70167.R2_fastqc/Images/kmer_profiles.png, Sample_70168/Sample_70168.R2_fastqc/Images/kmer_profiles.png, Sample_70169/Sample_70169.R2_fastqc/Images/kmer_profiles.png, Sample_70170/Sample_70170.R2_fastqc/Images/kmer_profiles.png, Sample_70171/Sample_70171.R2_fastqc/Images/kmer_profiles.png, Sample_70160/Sample_70160.R2_fastqc/Images/per_base_quality.png, Sample_70161/Sample_70161.R2_fastqc/Images/per_base_quality.png, Sample_70162/Sample_70162.R2_fastqc/Images/per_base_quality.png, Sample_70166/Sample_70166.R2_fastqc/Images/per_base_quality.png, Sample_70167/Sample_70167.R2_fastqc/Images/per_base_quality.png, Sample_70168/Sample_70168.R2_fastqc/Images/per_base_quality.png, Sample_70169/Sample_70169.R2_fastqc/Images/per_base_quality.png, Sample_70170/Sample_70170.R2_fastqc/Images/per_base_quality.png, Sample_70171/Sample_70171.R2_fastqc/Images/per_base_quality.png, Sample_70160/Sample_70160.R2_fastqc/Images/per_base_sequence_content.png, Sample_70161/Sample_70161.R2_fastqc/Images/per_base_sequence_content.png, Sample_70162/Sample_70162.R2_fastqc/Images/per_base_sequence_content.png, Sample_70166/Sample_70166.R2_fastqc/Images/per_base_sequence_content.png, Sample_70167/Sample_70167.R2_fastqc/Images/per_base_sequence_content.png, Sample_70168/Sample_70168.R2_fastqc/Images/per_base_sequence_content.png, Sample_70169/Sample_70169.R2_fastqc/Images/per_base_sequence_content.png, Sample_70170/Sample_70170.R2_fastqc/Images/per_base_sequence_content.png, Sample_70171/Sample_70171.R2_fastqc/Images/per_base_sequence_content.png, Sample_70160/Sample_70160.R2_fastqc/Images/adapter_content.png, Sample_70161/Sample_70161.R2_fastqc/Images/adapter_content.png, Sample_70162/Sample_70162.R2_fastqc/Images/adapter_content.png, Sample_70166/Sample_70166.R2_fastqc/Images/adapter_content.png, Sample_70167/Sample_70167.R2_fastqc/Images/adapter_content.png, Sample_70168/Sample_70168.R2_fastqc/Images/adapter_content.png, Sample_70169/Sample_70169.R2_fastqc/Images/adapter_content.png, Sample_70170/Sample_70170.R2_fastqc/Images/adapter_content.png, Sample_70171/Sample_70171.R2_fastqc/Images/adapter_content.png, Sample_70160/Sample_70160.R2_fastqc/Images/per_sequence_quality.png, Sample_70161/Sample_70161.R2_fastqc/Images/per_sequence_quality.png, Sample_70162/Sample_70162.R2_fastqc/Images/per_sequence_quality.png, Sample_70166/Sample_70166.R2_fastqc/Images/per_sequence_quality.png, Sample_70167/Sample_70167.R2_fastqc/Images/per_sequence_quality.png, Sample_70168/Sample_70168.R2_fastqc/Images/per_sequence_quality.png, Sample_70169/Sample_70169.R2_fastqc/Images/per_sequence_quality.png, Sample_70170/Sample_70170.R2_fastqc/Images/per_sequence_quality.png, Sample_70171/Sample_70171.R2_fastqc/Images/per_sequence_quality.png, Sample_70160/Sample_70160_screen.png, Sample_70161/Sample_70161_screen.png, Sample_70162/Sample_70162_screen.png, Sample_70166/Sample_70166_screen.png, Sample_70167/Sample_70167_screen.png, Sample_70168/Sample_70168_screen.png, Sample_70169/Sample_70169_screen.png, Sample_70170/Sample_70170_screen.png, Sample_70171/Sample_70171_screen.png
    output: QcImages/adapter_content_pngs.pdf, QcImages/duplication_levels_pngs.pdf, QcImages/kmer_profiles_pngs.pdf, QcImages/per_base_quality_pngs.pdf, QcImages/per_base_sequence_content_pngs.pdf, QcImages/per_sequence_gc_content_pngs.pdf, Screen/screen_pngs.pdf
    jobid: 11

[Mon Aug 12 08:48:39 2019]
Finished job 11.
20 of 59 steps (34%) done
[Mon Aug 12 08:49:46 2019]
Finished job 35.
21 of 59 steps (36%) done
[Mon Aug 12 09:07:42 2019]
Finished job 53.
22 of 59 steps (37%) done

[Mon Aug 12 09:07:42 2019]
Job 7: aligning Sample_70169/Sample_70169.R1.fq.gz Sample_70169/Sample_70169.R2.fq.gz using STAR: 20 threads

[Mon Aug 12 09:15:50 2019]
Finished job 7.
23 of 59 steps (39%) done

[Mon Aug 12 09:15:50 2019]
rule Picard:
    input: Sample_70169/Sample_70169Aligned.sortedByCoord.out.bam
    output: Sample_70169/Sample_70169picardresults.txt
    jobid: 38
    wildcards: sample=Sample_70169


[Mon Aug 12 09:15:50 2019]
Job 56: htseq-count Sample_70169/Sample_70169Aligned.sortedByCoord.out.bam : 1 threads


[Mon Aug 12 09:15:50 2019]
rule HtSeq_Move:
    input: Sample_70166/Sample_70166_htseq.cnt
    output: HtSeqCounts/Sample_70166_htseq.cnt
    jobid: 44
    wildcards: sample=Sample_70166

[Mon Aug 12 09:15:51 2019]
Finished job 44.
24 of 59 steps (41%) done
[Mon Aug 12 09:16:57 2019]
Finished job 38.
25 of 59 steps (42%) done
[Mon Aug 12 09:31:31 2019]
Finished job 56.
26 of 59 steps (44%) done

[Mon Aug 12 09:31:31 2019]
Job 5: aligning Sample_70167/Sample_70167.R1.fq.gz Sample_70167/Sample_70167.R2.fq.gz using STAR: 20 threads

[Mon Aug 12 09:39:05 2019]
Finished job 5.
27 of 59 steps (46%) done

[Mon Aug 12 09:39:05 2019]
rule HtSeq_Move:
    input: Sample_70169/Sample_70169_htseq.cnt
    output: HtSeqCounts/Sample_70169_htseq.cnt
    jobid: 47
    wildcards: sample=Sample_70169

Warning: the following output files of rule HtSeq_Move were not present when the DAG was created:
{'HtSeqCounts/Sample_70169_htseq.cnt'}

[Mon Aug 12 09:39:05 2019]
rule Picard:
    input: Sample_70167/Sample_70167Aligned.sortedByCoord.out.bam
    output: Sample_70167/Sample_70167picardresults.txt
    jobid: 36
    wildcards: sample=Sample_70167


[Mon Aug 12 09:39:05 2019]
Job 54: htseq-count Sample_70167/Sample_70167Aligned.sortedByCoord.out.bam : 1 threads

[Mon Aug 12 09:39:06 2019]
Finished job 47.
28 of 59 steps (47%) done
[Mon Aug 12 09:40:11 2019]
Finished job 36.
29 of 59 steps (49%) done
[Mon Aug 12 09:54:15 2019]
Finished job 54.
30 of 59 steps (51%) done

[Mon Aug 12 09:54:15 2019]
Job 2: aligning Sample_70161/Sample_70161.R1.fq.gz Sample_70161/Sample_70161.R2.fq.gz using STAR: 20 threads

[Mon Aug 12 10:01:13 2019]
Finished job 2.
31 of 59 steps (53%) done

[Mon Aug 12 10:01:13 2019]
rule HtSeq_Move:
    input: Sample_70167/Sample_70167_htseq.cnt
    output: HtSeqCounts/Sample_70167_htseq.cnt
    jobid: 45
    wildcards: sample=Sample_70167

Warning: the following output files of rule HtSeq_Move were not present when the DAG was created:
{'HtSeqCounts/Sample_70167_htseq.cnt'}

[Mon Aug 12 10:01:13 2019]
Job 51: htseq-count Sample_70161/Sample_70161Aligned.sortedByCoord.out.bam : 1 threads


[Mon Aug 12 10:01:13 2019]
rule Picard:
    input: Sample_70161/Sample_70161Aligned.sortedByCoord.out.bam
    output: Sample_70161/Sample_70161picardresults.txt
    jobid: 33
    wildcards: sample=Sample_70161

[Mon Aug 12 10:01:14 2019]
Finished job 45.
32 of 59 steps (54%) done
[Mon Aug 12 10:02:20 2019]
Finished job 33.
33 of 59 steps (56%) done
[Mon Aug 12 10:16:19 2019]
Finished job 51.
34 of 59 steps (58%) done

[Mon Aug 12 10:16:19 2019]
Job 8: aligning Sample_70170/Sample_70170.R1.fq.gz Sample_70170/Sample_70170.R2.fq.gz using STAR: 20 threads

[Mon Aug 12 10:23:05 2019]
Finished job 8.
35 of 59 steps (59%) done

[Mon Aug 12 10:23:05 2019]
rule Picard:
    input: Sample_70170/Sample_70170Aligned.sortedByCoord.out.bam
    output: Sample_70170/Sample_70170picardresults.txt
    jobid: 39
    wildcards: sample=Sample_70170


[Mon Aug 12 10:23:05 2019]
Job 57: htseq-count Sample_70170/Sample_70170Aligned.sortedByCoord.out.bam : 1 threads


[Mon Aug 12 10:23:05 2019]
rule HtSeq_Move:
    input: Sample_70161/Sample_70161_htseq.cnt
    output: HtSeqCounts/Sample_70161_htseq.cnt
    jobid: 42
    wildcards: sample=Sample_70161

Warning: the following output files of rule HtSeq_Move were not present when the DAG was created:
{'HtSeqCounts/Sample_70161_htseq.cnt'}
[Mon Aug 12 10:23:07 2019]
Finished job 42.
36 of 59 steps (61%) done
[Mon Aug 12 10:24:02 2019]
Finished job 39.
37 of 59 steps (63%) done
[Mon Aug 12 10:36:52 2019]
Finished job 57.
38 of 59 steps (64%) done

[Mon Aug 12 10:36:52 2019]
Job 3: aligning Sample_70162/Sample_70162.R1.fq.gz Sample_70162/Sample_70162.R2.fq.gz using STAR: 20 threads

[Mon Aug 12 10:43:39 2019]
Finished job 3.
39 of 59 steps (66%) done

[Mon Aug 12 10:43:39 2019]
rule HtSeq_Move:
    input: Sample_70170/Sample_70170_htseq.cnt
    output: HtSeqCounts/Sample_70170_htseq.cnt
    jobid: 48
    wildcards: sample=Sample_70170

Warning: the following output files of rule HtSeq_Move were not present when the DAG was created:
{'HtSeqCounts/Sample_70170_htseq.cnt'}

[Mon Aug 12 10:43:39 2019]
rule Picard:
    input: Sample_70162/Sample_70162Aligned.sortedByCoord.out.bam
    output: Sample_70162/Sample_70162picardresults.txt
    jobid: 34
    wildcards: sample=Sample_70162


[Mon Aug 12 10:43:39 2019]
Job 52: htseq-count Sample_70162/Sample_70162Aligned.sortedByCoord.out.bam : 1 threads

[Mon Aug 12 10:43:40 2019]
Finished job 48.
40 of 59 steps (68%) done
[Mon Aug 12 10:44:33 2019]
Finished job 34.
41 of 59 steps (69%) done
[Mon Aug 12 10:56:35 2019]
Finished job 52.
42 of 59 steps (71%) done

[Mon Aug 12 10:56:35 2019]
Job 9: aligning Sample_70171/Sample_70171.R1.fq.gz Sample_70171/Sample_70171.R2.fq.gz using STAR: 20 threads

[Mon Aug 12 11:03:27 2019]
Finished job 9.
43 of 59 steps (73%) done

[Mon Aug 12 11:03:27 2019]
rule HtSeq_Move:
    input: Sample_70162/Sample_70162_htseq.cnt
    output: HtSeqCounts/Sample_70162_htseq.cnt
    jobid: 43
    wildcards: sample=Sample_70162

Warning: the following output files of rule HtSeq_Move were not present when the DAG was created:
{'HtSeqCounts/Sample_70162_htseq.cnt'}

[Mon Aug 12 11:03:27 2019]
Job 58: htseq-count Sample_70171/Sample_70171Aligned.sortedByCoord.out.bam : 1 threads


[Mon Aug 12 11:03:27 2019]
rule Picard:
    input: Sample_70171/Sample_70171Aligned.sortedByCoord.out.bam
    output: Sample_70171/Sample_70171picardresults.txt
    jobid: 40
    wildcards: sample=Sample_70171

[Mon Aug 12 11:03:30 2019]
Finished job 43.
44 of 59 steps (75%) done
[Mon Aug 12 11:04:01 2019]
Finished job 40.
45 of 59 steps (76%) done
[Mon Aug 12 11:12:54 2019]
Finished job 58.
46 of 59 steps (78%) done

[Mon Aug 12 11:12:54 2019]
Job 1: aligning Sample_70160/Sample_70160.R1.fq.gz Sample_70160/Sample_70160.R2.fq.gz using STAR: 20 threads

[Mon Aug 12 11:18:42 2019]
Finished job 1.
47 of 59 steps (80%) done

[Mon Aug 12 11:18:42 2019]
rule Picard:
    input: Sample_70160/Sample_70160Aligned.sortedByCoord.out.bam
    output: Sample_70160/Sample_70160picardresults.txt
    jobid: 32
    wildcards: sample=Sample_70160


[Mon Aug 12 11:18:42 2019]
Job 50: htseq-count Sample_70160/Sample_70160Aligned.sortedByCoord.out.bam : 1 threads


[Mon Aug 12 11:18:42 2019]
rule HtSeq_Move:
    input: Sample_70171/Sample_70171_htseq.cnt
    output: HtSeqCounts/Sample_70171_htseq.cnt
    jobid: 49
    wildcards: sample=Sample_70171

Warning: the following output files of rule HtSeq_Move were not present when the DAG was created:
{'HtSeqCounts/Sample_70171_htseq.cnt'}
[Mon Aug 12 11:18:45 2019]
Finished job 49.
48 of 59 steps (81%) done
[Mon Aug 12 11:19:40 2019]
Finished job 32.
49 of 59 steps (83%) done
[Mon Aug 12 11:31:50 2019]
Finished job 50.
50 of 59 steps (85%) done

[Mon Aug 12 11:31:50 2019]
Job 6: aligning Sample_70168/Sample_70168.R1.fq.gz Sample_70168/Sample_70168.R2.fq.gz using STAR: 20 threads

[Mon Aug 12 11:37:30 2019]
Finished job 6.
51 of 59 steps (86%) done

[Mon Aug 12 11:37:30 2019]
rule HtSeq_Move:
    input: Sample_70160/Sample_70160_htseq.cnt
    output: HtSeqCounts/Sample_70160_htseq.cnt
    jobid: 41
    wildcards: sample=Sample_70160

Warning: the following output files of rule HtSeq_Move were not present when the DAG was created:
{'HtSeqCounts/Sample_70160_htseq.cnt'}

[Mon Aug 12 11:37:30 2019]
rule Picard:
    input: Sample_70168/Sample_70168Aligned.sortedByCoord.out.bam
    output: Sample_70168/Sample_70168picardresults.txt
    jobid: 37
    wildcards: sample=Sample_70168


[Mon Aug 12 11:37:30 2019]
rule StarCollect:
    input: Sample_70160/Sample_70160Log.final.out, Sample_70161/Sample_70161Log.final.out, Sample_70162/Sample_70162Log.final.out, Sample_70166/Sample_70166Log.final.out, Sample_70167/Sample_70167Log.final.out, Sample_70168/Sample_70168Log.final.out, Sample_70169/Sample_70169Log.final.out, Sample_70170/Sample_70170Log.final.out, Sample_70171/Sample_70171Log.final.out
    output: Reports/averageMappedLength.txt, Reports/input.txt, Reports/mappedPercent.txt, Reports/percentMultimappers.txt, Reports/unmappedTooShort.txt
    jobid: 10


[Mon Aug 12 11:37:30 2019]
Job 55: htseq-count Sample_70168/Sample_70168Aligned.sortedByCoord.out.bam : 1 threads

[Mon Aug 12 11:37:32 2019]
Finished job 10.
52 of 59 steps (88%) done
[Mon Aug 12 11:37:32 2019]
Finished job 41.
53 of 59 steps (90%) done
[Mon Aug 12 11:38:16 2019]
Finished job 37.
54 of 59 steps (92%) done

[Mon Aug 12 11:38:16 2019]
rule PicardGather:
    input: Sample_70160/Sample_70160picardresults.txt, Sample_70161/Sample_70161picardresults.txt, Sample_70162/Sample_70162picardresults.txt, Sample_70166/Sample_70166picardresults.txt, Sample_70167/Sample_70167picardresults.txt, Sample_70168/Sample_70168picardresults.txt, Sample_70169/Sample_70169picardresults.txt, Sample_70170/Sample_70170picardresults.txt, Sample_70171/Sample_70171picardresults.txt
    output: Reports/picard_classifications.txt
    jobid: 12

[Mon Aug 12 11:38:16 2019]
Finished job 12.
55 of 59 steps (93%) done
[Mon Aug 12 11:49:19 2019]
Finished job 55.
56 of 59 steps (95%) done

[Mon Aug 12 11:49:19 2019]
rule HtSeq_Move:
    input: Sample_70168/Sample_70168_htseq.cnt
    output: HtSeqCounts/Sample_70168_htseq.cnt
    jobid: 46
    wildcards: sample=Sample_70168

Warning: the following output files of rule HtSeq_Move were not present when the DAG was created:
{'HtSeqCounts/Sample_70168_htseq.cnt'}
[Mon Aug 12 11:49:19 2019]
Finished job 46.
57 of 59 steps (97%) done

[Mon Aug 12 11:49:19 2019]
rule HtSeq_Matrix:
    input: HtSeqCounts/Sample_70160_htseq.cnt, HtSeqCounts/Sample_70161_htseq.cnt, HtSeqCounts/Sample_70162_htseq.cnt, HtSeqCounts/Sample_70166_htseq.cnt, HtSeqCounts/Sample_70167_htseq.cnt, HtSeqCounts/Sample_70168_htseq.cnt, HtSeqCounts/Sample_70169_htseq.cnt, HtSeqCounts/Sample_70170_htseq.cnt, HtSeqCounts/Sample_70171_htseq.cnt
    output: HtSeqCounts/allCounts.txt, HtSeqCounts/CountsGt0.txt, HtSeqCounts/CountsGt0_voom.txt, HtSeqCounts/CountsGt0_voom_filtered.txt
    jobid: 13

[Mon Aug 12 11:49:32 2019]
Finished job 13.
58 of 59 steps (98%) done

[Mon Aug 12 11:49:32 2019]
localrule all:
    input: Sample_70160/Sample_70160Log.final.out, Sample_70161/Sample_70161Log.final.out, Sample_70162/Sample_70162Log.final.out, Sample_70166/Sample_70166Log.final.out, Sample_70167/Sample_70167Log.final.out, Sample_70168/Sample_70168Log.final.out, Sample_70169/Sample_70169Log.final.out, Sample_70170/Sample_70170Log.final.out, Sample_70171/Sample_70171Log.final.out, Sample_70160/Sample_70160Aligned.sortedByCoord.out.bam, Sample_70161/Sample_70161Aligned.sortedByCoord.out.bam, Sample_70162/Sample_70162Aligned.sortedByCoord.out.bam, Sample_70166/Sample_70166Aligned.sortedByCoord.out.bam, Sample_70167/Sample_70167Aligned.sortedByCoord.out.bam, Sample_70168/Sample_70168Aligned.sortedByCoord.out.bam, Sample_70169/Sample_70169Aligned.sortedByCoord.out.bam, Sample_70170/Sample_70170Aligned.sortedByCoord.out.bam, Sample_70171/Sample_70171Aligned.sortedByCoord.out.bam, Reports/averageMappedLength.txt, Reports/input.txt, Reports/mappedPercent.txt, Reports/percentMultimappers.txt, Reports/unmappedTooShort.txt, QcImages/adapter_content_pngs.pdf, QcImages/duplication_levels_pngs.pdf, QcImages/kmer_profiles_pngs.pdf, QcImages/per_base_quality_pngs.pdf, QcImages/per_base_sequence_content_pngs.pdf, QcImages/per_sequence_gc_content_pngs.pdf, Screen/screen_pngs.pdf, Reports/picard_classifications.txt, HtSeqCounts/CountsGt0.txt, HtSeqCounts/allCounts.txt, HtSeqCounts/CountsGt0_voom.txt, HtSeqCounts/CountsGt0_voom_filtered.txt
    jobid: 0

[Mon Aug 12 11:49:32 2019]
Finished job 0.
59 of 59 steps (100%) done
Complete log: /home/manninm/pyflow-RNAseq/.snakemake/log/2019-08-12T081529.256343.snakemake.log
