Building DAG of jobs...
Using shell: /bin/bash
Provided cores: 22
Rules claiming more threads will be scaled down.
Job counts:
	count	jobs
	3	STAR_fq
	1	all
	4

[Wed Aug  7 14:18:36 2019]
Job 2: aligning Sample_70161/Sample_70161.R1.fq.gz Sample_70161/Sample_70161.R2.fq.gz /home/deepSeq/STAR_index_HS_38.86_small/ using STAR: 20 threads

[Wed Aug  7 14:25:56 2019]
Finished job 2.
1 of 4 steps (25%) done

[Wed Aug  7 14:25:56 2019]
Job 3: aligning Sample_70162/Sample_70162.R1.fq.gz Sample_70162/Sample_70162.R2.fq.gz /home/deepSeq/STAR_index_HS_38.86_small/ using STAR: 20 threads

[Wed Aug  7 14:33:01 2019]
Finished job 3.
2 of 4 steps (50%) done

[Wed Aug  7 14:33:01 2019]
Job 1: aligning Sample_70160/Sample_70160.R1.fq.gz Sample_70160/Sample_70160.R2.fq.gz /home/deepSeq/STAR_index_HS_38.86_small/ using STAR: 20 threads

[Wed Aug  7 14:38:40 2019]
Finished job 1.
3 of 4 steps (75%) done

[Wed Aug  7 14:38:40 2019]
localrule all:
    input: Sample_70160/Sample_70160Aligned.sortedByCoord.out.bam, Sample_70161/Sample_70161Aligned.sortedByCoord.out.bam, Sample_70162/Sample_70162Aligned.sortedByCoord.out.bam
    jobid: 0

[Wed Aug  7 14:38:40 2019]
Finished job 0.
4 of 4 steps (100%) done
Complete log: /home/manninm/pyflow-RNAseq/.snakemake/log/2019-08-07T141835.910351.snakemake.log
