Building DAG of jobs...
Using shell: /bin/bash
Provided cores: 16
Rules claiming more threads will be scaled down.
Job counts:
	count	jobs
	9	HTSeq_fq
	9	STAR_fq
	1	all
	19

[Tue Aug  6 10:39:37 2019]
Job 4: aligning Sample_70166/Sample_70166.R1.fq.gz Sample_70166/Sample_70166.R2.fq.gz /home/deepSeq/STAR_index_HS_38.86_small/ using STAR: 16 threads

Terminating processes on user request, this might take some time.
[Tue Aug  6 10:39:59 2019]
Error in rule STAR_fq:
    jobid: 4
    output: Sample_70166/Sample_70166Aligned.sortedByCoord.out.bam

RuleException:
CalledProcessError in line 55 of /home/manninm/pyflow-RNAseq/Snakefile:
Command 'set -eo pipefail; echo BEGIN at $(date);  STAR --twopassMode Basic --runThreadN 16         --genomeDir /home/deepSeq/STAR_index_HS_38.86_small/ --outSAMtype BAM SortedByCoordinate         --outBAMcompression 10 --outSAMstrandField intronMotif         --outBAMsortingThreadN 9         --bamRemoveDuplicatesType UniqueIdentical --readFilesCommand gunzip -c --readFilesIn Sample_70166/Sample_70166.R1.fq.gz Sample_70166/Sample_70166.R2.fq.gz         --outFileNamePrefix echo {params.outprefix} ; exitstat=$?; echo END at $(date); echo exit status was $exitstat; exit $exitstat' died with <Signals.SIGINT: 2>.
  File "/home/manninm/pyflow-RNAseq/Snakefile", line 55, in __rule_STAR_fq
  File "/usr/lib64/python3.6/concurrent/futures/thread.py", line 56, in run
Complete log: /home/manninm/pyflow-RNAseq/.snakemake/log/2019-08-06T103937.058276.snakemake.log
