Building DAG of jobs...
Using shell: /bin/bash
Provided cores: 22
Rules claiming more threads will be scaled down.
Job counts:
	count	jobs
	2	STAR_fq
	1	all
	3

[Wed Aug  7 12:57:10 2019]
Job 2: aligning Sample_70161/Sample_70161.R1.fq.gz Sample_70161/Sample_70161.R2.fq.gz /home/deepSeq/STAR_index_HS_38.86_small/ using STAR: 6 threads


[Wed Aug  7 12:57:10 2019]
Job 1: aligning Sample_70160/Sample_70160.R1.fq.gz Sample_70160/Sample_70160.R2.fq.gz /home/deepSeq/STAR_index_HS_38.86_small/ using STAR: 6 threads

Terminating processes on user request, this might take some time.
[Wed Aug  7 13:16:34 2019]
Error in rule STAR_fq:
    jobid: 1
    output: Sample_70160/Sample_70160Aligned.sortedByCoord.out.bam

RuleException:
CalledProcessError in line 80 of /home/manninm/pyflow-RNAseq/Snakefile:
Command 'set -eo pipefail; echo BEGIN at $(date);  STAR --twopassMode Basic --runThreadN 6         --genomeDir /home/deepSeq/STAR_index_HS_38.86_small/ --outSAMtype BAM SortedByCoordinate         --outBAMcompression 10 --outSAMstrandField intronMotif         --outBAMsortingThreadN 4         --bamRemoveDuplicatesType UniqueIdentical --readFilesCommand gunzip -c --readFilesIn Sample_70160/Sample_70160.R1.fq.gz Sample_70160/Sample_70160.R2.fq.gz         --outFileNamePrefix Sample_70160/Sample_70160 ; exitstat=$?; echo END at $(date); echo exit status was $exitstat; exit $exitstat' died with <Signals.SIGINT: 2>.
  File "/home/manninm/pyflow-RNAseq/Snakefile", line 80, in __rule_STAR_fq
  File "/usr/lib64/python3.6/concurrent/futures/thread.py", line 56, in run
Cancelling snakemake on user request.
