Building DAG of jobs...
Using shell: /bin/bash
Provided cores: 22
Rules claiming more threads will be scaled down.
Job counts:
	count	jobs
	3	HtSeq_Count
	1	HtSeq_Matrix
	3	HtSeq_Move
	1	PNGRename
	3	Picard
	1	PicardGather
	3	STAR_fq
	1	StarCollect
	3	String_Tie
	1	all
	3	fastqScreen
	3	fastqc
	26

[Fri Aug  9 15:29:50 2019]
rule fastqScreen:
    input: Sample_70160/Sample_70160.R1.fq.gz, Sample_70160/Sample_70160.R2.fq.gz
    output: Sample_70160/Sample_70160.fq.gz, Sample_70160/Sample_70160_screen.png
    jobid: 14
    wildcards: sample=Sample_70160
    priority: 3
    threads: 4


[Fri Aug  9 15:29:50 2019]
rule fastqc:
    input: Sample_70161/Sample_70161.R1.fq.gz, Sample_70161/Sample_70161.R2.fq.gz
    output: Sample_70161/Sample_70161.R1_fastqc/Images/duplication_levels.png, Sample_70161/Sample_70161.R1_fastqc/Images/per_sequence_gc_content.png, Sample_70161/Sample_70161.R1_fastqc/Images/sequence_length_distribution.png, Sample_70161/Sample_70161.R1_fastqc/Images/per_base_n_content.png, Sample_70161/Sample_70161.R1_fastqc/Images/per_tile_quality.png, Sample_70161/Sample_70161.R1_fastqc/Images/kmer_profiles.png, Sample_70161/Sample_70161.R1_fastqc/Images/per_base_quality.png, Sample_70161/Sample_70161.R1_fastqc/Images/per_base_sequence_content.png, Sample_70161/Sample_70161.R1_fastqc/Images/adapter_content.png, Sample_70161/Sample_70161.R1_fastqc/Images/per_sequence_quality.png, Sample_70161/Sample_70161.R2_fastqc/Images/duplication_levels.png, Sample_70161/Sample_70161.R2_fastqc/Images/per_sequence_gc_content.png, Sample_70161/Sample_70161.R2_fastqc/Images/sequence_length_distribution.png, Sample_70161/Sample_70161.R2_fastqc/Images/per_base_n_content.png, Sample_70161/Sample_70161.R2_fastqc/Images/per_tile_quality.png, Sample_70161/Sample_70161.R2_fastqc/Images/kmer_profiles.png, Sample_70161/Sample_70161.R2_fastqc/Images/per_base_quality.png, Sample_70161/Sample_70161.R2_fastqc/Images/per_base_sequence_content.png, Sample_70161/Sample_70161.R2_fastqc/Images/adapter_content.png, Sample_70161/Sample_70161.R2_fastqc/Images/per_sequence_quality.png
    jobid: 12
    wildcards: sample=Sample_70161
    threads: 2


[Fri Aug  9 15:29:50 2019]
rule fastqc:
    input: Sample_70162/Sample_70162.R1.fq.gz, Sample_70162/Sample_70162.R2.fq.gz
    output: Sample_70162/Sample_70162.R1_fastqc/Images/duplication_levels.png, Sample_70162/Sample_70162.R1_fastqc/Images/per_sequence_gc_content.png, Sample_70162/Sample_70162.R1_fastqc/Images/sequence_length_distribution.png, Sample_70162/Sample_70162.R1_fastqc/Images/per_base_n_content.png, Sample_70162/Sample_70162.R1_fastqc/Images/per_tile_quality.png, Sample_70162/Sample_70162.R1_fastqc/Images/kmer_profiles.png, Sample_70162/Sample_70162.R1_fastqc/Images/per_base_quality.png, Sample_70162/Sample_70162.R1_fastqc/Images/per_base_sequence_content.png, Sample_70162/Sample_70162.R1_fastqc/Images/adapter_content.png, Sample_70162/Sample_70162.R1_fastqc/Images/per_sequence_quality.png, Sample_70162/Sample_70162.R2_fastqc/Images/duplication_levels.png, Sample_70162/Sample_70162.R2_fastqc/Images/per_sequence_gc_content.png, Sample_70162/Sample_70162.R2_fastqc/Images/sequence_length_distribution.png, Sample_70162/Sample_70162.R2_fastqc/Images/per_base_n_content.png, Sample_70162/Sample_70162.R2_fastqc/Images/per_tile_quality.png, Sample_70162/Sample_70162.R2_fastqc/Images/kmer_profiles.png, Sample_70162/Sample_70162.R2_fastqc/Images/per_base_quality.png, Sample_70162/Sample_70162.R2_fastqc/Images/per_base_sequence_content.png, Sample_70162/Sample_70162.R2_fastqc/Images/adapter_content.png, Sample_70162/Sample_70162.R2_fastqc/Images/per_sequence_quality.png
    jobid: 13
    wildcards: sample=Sample_70162
    threads: 2


[Fri Aug  9 15:29:50 2019]
rule fastqScreen:
    input: Sample_70162/Sample_70162.R1.fq.gz, Sample_70162/Sample_70162.R2.fq.gz
    output: Sample_70162/Sample_70162.fq.gz, Sample_70162/Sample_70162_screen.png
    jobid: 16
    wildcards: sample=Sample_70162
    priority: 3
    threads: 4


[Fri Aug  9 15:29:50 2019]
rule fastqc:
    input: Sample_70160/Sample_70160.R1.fq.gz, Sample_70160/Sample_70160.R2.fq.gz
    output: Sample_70160/Sample_70160.R1_fastqc/Images/duplication_levels.png, Sample_70160/Sample_70160.R1_fastqc/Images/per_sequence_gc_content.png, Sample_70160/Sample_70160.R1_fastqc/Images/sequence_length_distribution.png, Sample_70160/Sample_70160.R1_fastqc/Images/per_base_n_content.png, Sample_70160/Sample_70160.R1_fastqc/Images/per_tile_quality.png, Sample_70160/Sample_70160.R1_fastqc/Images/kmer_profiles.png, Sample_70160/Sample_70160.R1_fastqc/Images/per_base_quality.png, Sample_70160/Sample_70160.R1_fastqc/Images/per_base_sequence_content.png, Sample_70160/Sample_70160.R1_fastqc/Images/adapter_content.png, Sample_70160/Sample_70160.R1_fastqc/Images/per_sequence_quality.png, Sample_70160/Sample_70160.R2_fastqc/Images/duplication_levels.png, Sample_70160/Sample_70160.R2_fastqc/Images/per_sequence_gc_content.png, Sample_70160/Sample_70160.R2_fastqc/Images/sequence_length_distribution.png, Sample_70160/Sample_70160.R2_fastqc/Images/per_base_n_content.png, Sample_70160/Sample_70160.R2_fastqc/Images/per_tile_quality.png, Sample_70160/Sample_70160.R2_fastqc/Images/kmer_profiles.png, Sample_70160/Sample_70160.R2_fastqc/Images/per_base_quality.png, Sample_70160/Sample_70160.R2_fastqc/Images/per_base_sequence_content.png, Sample_70160/Sample_70160.R2_fastqc/Images/adapter_content.png, Sample_70160/Sample_70160.R2_fastqc/Images/per_sequence_quality.png
    jobid: 11
    wildcards: sample=Sample_70160
    threads: 2


[Fri Aug  9 15:29:50 2019]
rule fastqScreen:
    input: Sample_70161/Sample_70161.R1.fq.gz, Sample_70161/Sample_70161.R2.fq.gz
    output: Sample_70161/Sample_70161.fq.gz, Sample_70161/Sample_70161_screen.png
    jobid: 15
    wildcards: sample=Sample_70161
    priority: 3
    threads: 4

[Fri Aug  9 15:30:51 2019]
Finished job 11.
1 of 26 steps (4%) done
[Fri Aug  9 15:30:51 2019]
Finished job 13.
2 of 26 steps (8%) done
[Fri Aug  9 15:30:52 2019]
Finished job 12.
3 of 26 steps (12%) done
Terminating processes on user request, this might take some time.
[Fri Aug  9 15:35:36 2019]
Error in rule fastqScreen:
[Fri Aug  9 15:35:36 2019]
    jobid: 14
[Fri Aug  9 15:35:36 2019]
Error in rule fastqScreen:
    output: Sample_70160/Sample_70160.fq.gz, Sample_70160/Sample_70160_screen.png
Error in rule fastqScreen:
    jobid: 16

    jobid: 15
    output: Sample_70162/Sample_70162.fq.gz, Sample_70162/Sample_70162_screen.png
    output: Sample_70161/Sample_70161.fq.gz, Sample_70161/Sample_70161_screen.png


RuleException:
CalledProcessError in line 44 of /home/manninm/pyflow-RNAseq/rules/Fast.smk:
Command 'set -eo pipefail; echo BEGIN at $(date);  cat Sample_70161/Sample_70161.R1.fq.gz Sample_70161/Sample_70161.R2.fq.gz > Sample_70161/Sample_70161.fq.gz && fastq_screen --quiet --force --threads 4 Sample_70161/Sample_70161.fq.gz ; exitstat=$?; echo END at $(date); echo exit status was $exitstat; exit $exitstat' died with <Signals.SIGINT: 2>.
  File "/home/manninm/pyflow-RNAseq/rules/Fast.smk", line 44, in __rule_fastqScreen
  File "/usr/lib64/python3.6/concurrent/futures/thread.py", line 56, in run
RuleException:
CalledProcessError in line 44 of /home/manninm/pyflow-RNAseq/rules/Fast.smk:
Command 'set -eo pipefail; echo BEGIN at $(date);  cat Sample_70162/Sample_70162.R1.fq.gz Sample_70162/Sample_70162.R2.fq.gz > Sample_70162/Sample_70162.fq.gz && fastq_screen --quiet --force --threads 4 Sample_70162/Sample_70162.fq.gz ; exitstat=$?; echo END at $(date); echo exit status was $exitstat; exit $exitstat' died with <Signals.SIGINT: 2>.
  File "/home/manninm/pyflow-RNAseq/rules/Fast.smk", line 44, in __rule_fastqScreen
  File "/usr/lib64/python3.6/concurrent/futures/thread.py", line 56, in run
Removing output files of failed job fastqScreen since they might be corrupted:
Sample_70161/Sample_70161.fq.gz
RuleException:
CalledProcessError in line 44 of /home/manninm/pyflow-RNAseq/rules/Fast.smk:
Command 'set -eo pipefail; echo BEGIN at $(date);  cat Sample_70160/Sample_70160.R1.fq.gz Sample_70160/Sample_70160.R2.fq.gz > Sample_70160/Sample_70160.fq.gz && fastq_screen --quiet --force --threads 4 Sample_70160/Sample_70160.fq.gz ; exitstat=$?; echo END at $(date); echo exit status was $exitstat; exit $exitstat' died with <Signals.SIGINT: 2>.
  File "/home/manninm/pyflow-RNAseq/rules/Fast.smk", line 44, in __rule_fastqScreen
  File "/usr/lib64/python3.6/concurrent/futures/thread.py", line 56, in run
Removing output files of failed job fastqScreen since they might be corrupted:
Sample_70162/Sample_70162.fq.gz
Removing output files of failed job fastqScreen since they might be corrupted:
Sample_70160/Sample_70160.fq.gz
Complete log: /home/manninm/pyflow-RNAseq/.snakemake/log/2019-08-09T152949.927825.snakemake.log
