Building DAG of jobs...
Using shell: /bin/bash
Provided cores: 22
Rules claiming more threads will be scaled down.
Job counts:
	count	jobs
	1	PNGRename
	3	STAR_fq
	1	StarCollect
	1	all
	3	fastqScreen
	3	fastqc
	12

[Thu Aug  8 12:34:30 2019]
rule fastqScreen:
    input: Sample_70160/Sample_70160.R1.fq.gz, Sample_70160/Sample_70160.R2.fq.gz
    output: Sample_70160/Sample_70160.fq.gz, Sample_70160/Sample_70160_screen.png
    jobid: 9
    wildcards: sample=Sample_70160
    priority: 3
    threads: 4

RuleException in line 32 of /home/manninm/pyflow-RNAseq/rules/Fast.smk:
'OutputFiles' object has no attribute 'outp1'
