Building DAG of jobs...
Using shell: /bin/bash
Provided cores: 22
Rules claiming more threads will be scaled down.
Job counts:
	count	jobs
	3	HTSeq_fq
	3	STAR_fq
	1	all
	7

[Tue Aug  6 17:10:30 2019]
Job 2: aligning Sample_70161/Sample_70161.R1.fq.gz Sample_70161/Sample_70161.R2.fq.gz /home/deepSeq/STAR_index_HS_38.86_small/ using STAR: 22 threads

Terminating processes on user request, this might take some time.
[Tue Aug  6 17:11:03 2019]
Error in rule STAR_fq:
    jobid: 2
    output: Sample_70161/Sample_70161Aligned.sortedByCoord.out.bam

RuleException:
CalledProcessError in line 79 of /home/manninm/pyflow-RNAseq/Snakefile:
Command 'set -eo pipefail; echo BEGIN at $(date);  STAR --twopassMode Basic --runThreadN 22         --genomeDir /home/deepSeq/STAR_index_HS_38.86_small/ --outSAMtype BAM SortedByCoordinate         --outBAMcompression 10 --outSAMstrandField intronMotif         --outBAMsortingThreadN 9         --bamRemoveDuplicatesType UniqueIdentical --readFilesCommand gunzip -c --readFilesIn Sample_70161/Sample_70161.R1.fq.gz Sample_70161/Sample_70161.R2.fq.gz         --outFileNamePrefix `echo Sample_70161/Sample_70161Aligned.sortedByCoord.out.bam` ; exitstat=$?; echo END at $(date); echo exit status was $exitstat; exit $exitstat' died with <Signals.SIGINT: 2>.
  File "/home/manninm/pyflow-RNAseq/Snakefile", line 79, in __rule_STAR_fq
  File "/usr/lib64/python3.6/concurrent/futures/thread.py", line 56, in run
Complete log: /home/manninm/pyflow-RNAseq/.snakemake/log/2019-08-06T171030.708152.snakemake.log
