File extensions are good
No Group File provided!
Building DAG of jobs...
Using shell: /bin/bash
Provided cores: 22
Rules claiming more threads will be scaled down.
Job counts:
	count	jobs
	1	BallGownGeneBoxPlot
	1	BallGownGeneCluster
	1	BallGownGenePca
	1	BallGownTxBoxPlot
	1	BallGownTxCluster
	1	BallGownTxPca
	1	HtSeqBoxPlot
	1	HtSeqCluster
	1	HtSeqPca
	1	all
	10

[Wed Aug 28 11:59:21 2019]
rule BallGownTxBoxPlot:
    input: BallGown/transcript_fpkm.txt
    output: Plots/transcript_fpkmBoxPlot.png
    jobid: 19


[Wed Aug 28 11:59:21 2019]
rule BallGownTxCluster:
    input: BallGown/transcript_fpkm.txt
    output: Plots/transcript_fpkmWard.D2.25, Plots/transcript_fpkmWard.D.25
    jobid: 21
    wildcards: TxBootStraps=25


[Wed Aug 28 11:59:21 2019]
rule HtSeqCluster:
    input: HtSeqCounts/CountsGt0_voom_filtered.txt
    output: Plots/CountsGt0_voom_filteredWard.D.25, Plots/CountsGt0_voom_filteredWard.D2.25
    jobid: 15
    wildcards: GeneBootStraps=25


[Wed Aug 28 11:59:21 2019]
rule HtSeqBoxPlot:
    input: HtSeqCounts/CountsGt0_voom.txt
    output: Plots/CountsGt0_VoomBoxPlot.png
    jobid: 13


[Wed Aug 28 11:59:21 2019]
rule HtSeqPca:
    input: HtSeqCounts/CountsGt0_voom_filtered.txt
    output: Plots/CountsGt0_voom_filteredPCA1v2&2v3&3v4.pdf
    jobid: 14


[Wed Aug 28 11:59:21 2019]
rule BallGownGeneCluster:
    input: BallGown/filt_gene_expression_table.txt
    output: Plots/filt_gene_expression_tableWard.D.25, Plots/filt_gene_expression_tableWard.D2.25
    jobid: 18
    wildcards: GeneBootStraps=25


[Wed Aug 28 11:59:21 2019]
rule BallGownGeneBoxPlot:
    input: BallGown/filt_gene_expression_table.txt
    output: Plots/filt_gene_expression_tableBoxPlot.png
    jobid: 16


[Wed Aug 28 11:59:21 2019]
rule BallGownTxPca:
    input: BallGown/transcript_fpkm.txt
    output: Plots/transcript_fpkmPCA1v2&2v3&3v4.pdf
    jobid: 20


[Wed Aug 28 11:59:21 2019]
rule BallGownGenePca:
    input: BallGown/filt_gene_expression_table.txt
    output: Plots/filt_gene_expression_tablePCA1v2&2v3&3v4.pdf
    jobid: 17

[Wed Aug 28 11:59:21 2019]
Finished job 14.
1 of 10 steps (10%) done
[Wed Aug 28 11:59:21 2019]
Finished job 17.
2 of 10 steps (20%) done
Waiting at most 5 seconds for missing files.
MissingOutputException in line 1 of /home/manninm/pyflow-RNAseq/rules/HtSeqPlots.smk:
Missing files after 5 seconds:
Plots/CountsGt0_VoomBoxPlot.png
This might be due to filesystem latency. If that is the case, consider to increase the wait time with --latency-wait.
[Wed Aug 28 11:59:26 2019]
Finished job 16.
3 of 10 steps (30%) done
[Wed Aug 28 11:59:26 2019]
Finished job 19.
4 of 10 steps (40%) done
[Wed Aug 28 11:59:26 2019]
Finished job 20.
5 of 10 steps (50%) done
Waiting at most 5 seconds for missing files.
MissingOutputException in line 19 of /home/manninm/pyflow-RNAseq/rules/HtSeqPlots.smk:
Missing files after 5 seconds:
Plots/CountsGt0_voom_filteredWard.D.25
Plots/CountsGt0_voom_filteredWard.D2.25
This might be due to filesystem latency. If that is the case, consider to increase the wait time with --latency-wait.
Waiting at most 5 seconds for missing files.
MissingOutputException in line 19 of /home/manninm/pyflow-RNAseq/rules/BallGownGenePlots.smk:
Missing files after 5 seconds:
Plots/filt_gene_expression_tableWard.D.25
Plots/filt_gene_expression_tableWard.D2.25
This might be due to filesystem latency. If that is the case, consider to increase the wait time with --latency-wait.
Waiting at most 5 seconds for missing files.
MissingOutputException in line 19 of /home/manninm/pyflow-RNAseq/rules/BallGownTx.smk:
Missing files after 5 seconds:
Plots/transcript_fpkmWard.D2.25
Plots/transcript_fpkmWard.D.25
This might be due to filesystem latency. If that is the case, consider to increase the wait time with --latency-wait.
Shutting down, this might take some time.
Exiting because a job execution failed. Look above for error message
Complete log: /home/manninm/pyflow-RNAseq/.snakemake/log/2019-08-28T115920.554945.snakemake.log
