Building DAG of jobs...
Using shell: /bin/bash
Provided cores: 22
Rules claiming more threads will be scaled down.
Job counts:
	count	jobs
	1	StarCollect
	1	all
	2

[Mon Aug 12 12:14:02 2019]
rule StarCollect:
    input: Sample_70160/Sample_70160Log.final.out, Sample_70161/Sample_70161Log.final.out, Sample_70162/Sample_70162Log.final.out, Sample_70166/Sample_70166Log.final.out, Sample_70167/Sample_70167Log.final.out, Sample_70168/Sample_70168Log.final.out, Sample_70169/Sample_70169Log.final.out, Sample_70170/Sample_70170Log.final.out, Sample_70171/Sample_70171Log.final.out
    output: Reports/averageMappedLength.txt, Reports/input.txt, Reports/mappedPercent.txt, Reports/percentMultimappers.txt, Reports/unmappedTooShort.txt
    jobid: 10

[Mon Aug 12 12:14:03 2019]
Finished job 10.
1 of 2 steps (50%) done

[Mon Aug 12 12:14:03 2019]
localrule all:
    input: Sample_70160/Sample_70160Log.final.out, Sample_70161/Sample_70161Log.final.out, Sample_70162/Sample_70162Log.final.out, Sample_70166/Sample_70166Log.final.out, Sample_70167/Sample_70167Log.final.out, Sample_70168/Sample_70168Log.final.out, Sample_70169/Sample_70169Log.final.out, Sample_70170/Sample_70170Log.final.out, Sample_70171/Sample_70171Log.final.out, Sample_70160/Sample_70160Aligned.sortedByCoord.out.bam, Sample_70161/Sample_70161Aligned.sortedByCoord.out.bam, Sample_70162/Sample_70162Aligned.sortedByCoord.out.bam, Sample_70166/Sample_70166Aligned.sortedByCoord.out.bam, Sample_70167/Sample_70167Aligned.sortedByCoord.out.bam, Sample_70168/Sample_70168Aligned.sortedByCoord.out.bam, Sample_70169/Sample_70169Aligned.sortedByCoord.out.bam, Sample_70170/Sample_70170Aligned.sortedByCoord.out.bam, Sample_70171/Sample_70171Aligned.sortedByCoord.out.bam, Reports/averageMappedLength.txt, Reports/input.txt, Reports/mappedPercent.txt, Reports/percentMultimappers.txt, Reports/unmappedTooShort.txt, QcImages/adapter_content_pngs.pdf, QcImages/duplication_levels_pngs.pdf, QcImages/kmer_profiles_pngs.pdf, QcImages/per_base_quality_pngs.pdf, QcImages/per_base_sequence_content_pngs.pdf, QcImages/per_sequence_gc_content_pngs.pdf, Screen/screen_pngs.pdf, Reports/picard_classifications.txt, HtSeqCounts/CountsGt0.txt, HtSeqCounts/allCounts.txt, HtSeqCounts/CountsGt0_voom.txt, HtSeqCounts/CountsGt0_voom_filtered.txt
    jobid: 0

[Mon Aug 12 12:14:03 2019]
Finished job 0.
2 of 2 steps (100%) done
Complete log: /home/manninm/pyflow-RNAseq/.snakemake/log/2019-08-12T121402.629510.snakemake.log
