File extensions are good
No Group File provided!
Building DAG of jobs...
Using shell: /bin/bash
Provided cores: 23
Rules claiming more threads will be scaled down.
Job counts:
	count	jobs
	1	BallGownGeneBoxPlot
	1	BallGownGeneCluster
	1	BallGownGenePca
	1	BallGownTxBoxPlot
	1	BallGownTxCluster
	1	BallGownTxPca
	1	HtSeqBoxPlot
	1	HtSeqCluster
	1	HtSeqPca
	1	all
	10

[Tue Aug 27 14:55:07 2019]
rule BallGownGeneBoxPlot:
    input: BallGown/filt_gene_expression_table.txt
    output: Plots/BoxPlotfilt_gene_expression_table.png
    jobid: 16


[Tue Aug 27 14:55:07 2019]
rule BallGownTxBoxPlot:
    input: BallGown/transcript_fpkm.txt
    output: Plots/BoxPlottranscript_fpkm.png
    jobid: 19


[Tue Aug 27 14:55:07 2019]
rule BallGownGenePca:
    input: BallGown/filt_gene_expression_table.txt
    output: Plots/PCA1v2&2v3&3v4filt_gene_expression_table
    jobid: 17


[Tue Aug 27 14:55:07 2019]
rule HtSeqCluster:
    input: HtSeqCounts/CountsGt0_voom_filtered.txt
    output: Plots/Gt0_voom_filteredWard.D.25, Plots/Gt0_voom_filteredWard.D2.25
    jobid: 15
    wildcards: GeneBootStraps=25


[Tue Aug 27 14:55:07 2019]
rule HtSeqPca:
    input: HtSeqCounts/CountsGt0_voom_filtered.txt
    output: Plots/PCA1v2&2v3&3v4CountsGt0_voom_filtered
    jobid: 14


[Tue Aug 27 14:55:07 2019]
rule BallGownTxPca:
    input: BallGown/transcript_fpkm.txt
    output: Plots/PCA1v2&2v3&3v4transcript_fpkm
    jobid: 20


[Tue Aug 27 14:55:07 2019]
rule BallGownTxCluster:
    input: BallGown/transcript_fpkm.txt
    output: Plots/transcript_fpkmWard.D2.25, Plots/transcript_fpkmWard.D.25
    jobid: 21
    wildcards: TxBootStraps=25


[Tue Aug 27 14:55:07 2019]
rule HtSeqBoxPlot:
    input: HtSeqCounts/CountsGt0_voom.txt
    output: Plots/BoxPlotHtSeqVoomGt0.png
    jobid: 13


[Tue Aug 27 14:55:07 2019]
rule BallGownGeneCluster:
    input: BallGown/filt_gene_expression_table.txt
    output: Plots/filt_gene_expression_tableWard.D.25, Plots/filt_gene_expression_tableWard.D2.25
    jobid: 18
    wildcards: GeneBootStraps=25

[Tue Aug 27 14:55:08 2019]
Error in rule BallGownTxBoxPlot:
    jobid: 19
    output: Plots/BoxPlottranscript_fpkm.png

RuleException:
CalledProcessError in line 7 of /home/manninm/pyflow-RNAseq/rules/BallGownTx.smk:
Command 'set -eo pipefail; echo BEGIN at $(date);  cd BallGown/; Rscript ../scripts/TxBoxPlot.R transcript_fpkm.txt ; exitstat=$?; echo END at $(date); echo exit status was $exitstat; exit $exitstat' returned non-zero exit status 1.
  File "/home/manninm/pyflow-RNAseq/rules/BallGownTx.smk", line 7, in __rule_BallGownTxBoxPlot
  File "/usr/lib64/python3.6/concurrent/futures/thread.py", line 56, in run
[Tue Aug 27 14:55:08 2019]
Error in rule BallGownGenePca:
    jobid: 17
    output: Plots/PCA1v2&2v3&3v4filt_gene_expression_table

RuleException:
CalledProcessError in line 16 of /home/manninm/pyflow-RNAseq/rules/BallGownGenePlots.smk:
Command 'set -eo pipefail; echo BEGIN at $(date);  cd BallGown/; Rscript ../scripts/GenePca.R filt_gene_expression_table ; exitstat=$?; echo END at $(date); echo exit status was $exitstat; exit $exitstat' returned non-zero exit status 1.
  File "/home/manninm/pyflow-RNAseq/rules/BallGownGenePlots.smk", line 16, in __rule_BallGownGenePca
  File "/usr/lib64/python3.6/concurrent/futures/thread.py", line 56, in run
[Tue Aug 27 14:55:08 2019]
Error in rule HtSeqPca:
    jobid: 14
    output: Plots/PCA1v2&2v3&3v4CountsGt0_voom_filtered

RuleException:
CalledProcessError in line 16 of /home/manninm/pyflow-RNAseq/rules/HtSeqPlots.smk:
Command 'set -eo pipefail; echo BEGIN at $(date);  cd HtSeqCounts/; Rscript ../scripts/GenePca.R CountsGt0_voom_filtered.txt ; exitstat=$?; echo END at $(date); echo exit status was $exitstat; exit $exitstat' returned non-zero exit status 1.
  File "/home/manninm/pyflow-RNAseq/rules/HtSeqPlots.smk", line 16, in __rule_HtSeqPca
  File "/usr/lib64/python3.6/concurrent/futures/thread.py", line 56, in run
[Tue Aug 27 14:55:08 2019]
Error in rule HtSeqCluster:
    jobid: 15
    output: Plots/Gt0_voom_filteredWard.D.25, Plots/Gt0_voom_filteredWard.D2.25

RuleException:
CalledProcessError in line 27 of /home/manninm/pyflow-RNAseq/rules/HtSeqPlots.smk:
Command 'set -eo pipefail; echo BEGIN at $(date);  cd HtSeqCounts/; Rscript ../scripts/GeneCluster.R CountsGt0_voom_filtered.txt 25 22 ; exitstat=$?; echo END at $(date); echo exit status was $exitstat; exit $exitstat' returned non-zero exit status 1.
  File "/home/manninm/pyflow-RNAseq/rules/HtSeqPlots.smk", line 27, in __rule_HtSeqCluster
  File "/usr/lib64/python3.6/concurrent/futures/thread.py", line 56, in run
[Tue Aug 27 14:55:08 2019]
Error in rule BallGownGeneCluster:
    jobid: 18
    output: Plots/filt_gene_expression_tableWard.D.25, Plots/filt_gene_expression_tableWard.D2.25

RuleException:
CalledProcessError in line 27 of /home/manninm/pyflow-RNAseq/rules/BallGownGenePlots.smk:
Command 'set -eo pipefail; echo BEGIN at $(date);  cd BallGown/; Rscript ../scripts/GeneCluster.R filt_gene_expression_table.txt 25 22 ; exitstat=$?; echo END at $(date); echo exit status was $exitstat; exit $exitstat' returned non-zero exit status 1.
  File "/home/manninm/pyflow-RNAseq/rules/BallGownGenePlots.smk", line 27, in __rule_BallGownGeneCluster
  File "/usr/lib64/python3.6/concurrent/futures/thread.py", line 56, in run
Waiting at most 5 seconds for missing files.
MissingOutputException in line 1 of /home/manninm/pyflow-RNAseq/rules/BallGownGenePlots.smk:
Missing files after 5 seconds:
Plots/BoxPlotfilt_gene_expression_table.png
This might be due to filesystem latency. If that is the case, consider to increase the wait time with --latency-wait.
Waiting at most 5 seconds for missing files.
MissingOutputException in line 1 of /home/manninm/pyflow-RNAseq/rules/HtSeqPlots.smk:
Missing files after 5 seconds:
Plots/BoxPlotHtSeqVoomGt0.png
This might be due to filesystem latency. If that is the case, consider to increase the wait time with --latency-wait.
Waiting at most 5 seconds for missing files.
MissingOutputException in line 10 of /home/manninm/pyflow-RNAseq/rules/BallGownTx.smk:
Missing files after 5 seconds:
Plots/PCA1v2&2v3&3v4transcript_fpkm
This might be due to filesystem latency. If that is the case, consider to increase the wait time with --latency-wait.
Terminating processes on user request, this might take some time.
[Tue Aug 27 15:03:34 2019]
Error in rule BallGownTxCluster:
    jobid: 21
    output: Plots/transcript_fpkmWard.D2.25, Plots/transcript_fpkmWard.D.25

RuleException:
CalledProcessError in line 27 of /home/manninm/pyflow-RNAseq/rules/BallGownTx.smk:
Command 'set -eo pipefail; echo BEGIN at $(date);  cd BallGown/; Rscript ../scripts/TxCluster.R transcript_fpkm.txt 25 22 ; exitstat=$?; echo END at $(date); echo exit status was $exitstat; exit $exitstat' returned non-zero exit status 1.
  File "/home/manninm/pyflow-RNAseq/rules/BallGownTx.smk", line 27, in __rule_BallGownTxCluster
  File "/usr/lib64/python3.6/concurrent/futures/thread.py", line 56, in run
Complete log: /home/manninm/pyflow-RNAseq/.snakemake/log/2019-08-27T145507.316383.snakemake.log
