Building DAG of jobs...
Using shell: /bin/bash
Provided cores: 22
Rules claiming more threads will be scaled down.
Job counts:
	count	jobs
	1	HtSeq_Matrix
	3	HtSeq_Move
	1	all
	5

[Fri Aug  9 13:19:59 2019]
rule HtSeq_Move:
    input: Sample_70162/Sample_70162_htseq.cnt
    output: HtSeqCounts/Sample_70162_htseq.cnt
    jobid: 19
    wildcards: sample=Sample_70162


[Fri Aug  9 13:19:59 2019]
rule HtSeq_Move:
    input: Sample_70161/Sample_70161_htseq.cnt
    output: HtSeqCounts/Sample_70161_htseq.cnt
    jobid: 18
    wildcards: sample=Sample_70161


[Fri Aug  9 13:19:59 2019]
rule HtSeq_Move:
    input: Sample_70160/Sample_70160_htseq.cnt
    output: HtSeqCounts/Sample_70160_htseq.cnt
    jobid: 17
    wildcards: sample=Sample_70160

[Fri Aug  9 13:19:59 2019]
Finished job 18.
1 of 5 steps (20%) done
[Fri Aug  9 13:19:59 2019]
Finished job 19.
2 of 5 steps (40%) done
[Fri Aug  9 13:19:59 2019]
Finished job 17.
3 of 5 steps (60%) done

[Fri Aug  9 13:19:59 2019]
rule HtSeq_Matrix:
    input: HtSeqCounts/Sample_70160_htseq.cnt, HtSeqCounts/Sample_70161_htseq.cnt, HtSeqCounts/Sample_70162_htseq.cnt
    output: allCounts.txt, HtSeqCounts/CountsGt0.txt, HtSeqCounts/CountsGt0_voom.txt, HtSeqCounts/CountsGt0_voom_filtered.txt
    jobid: 7

[Fri Aug  9 13:20:02 2019]
Error in rule HtSeq_Matrix:
    jobid: 7
    output: allCounts.txt, HtSeqCounts/CountsGt0.txt, HtSeqCounts/CountsGt0_voom.txt, HtSeqCounts/CountsGt0_voom_filtered.txt

RuleException:
CalledProcessError in line 30 of /home/manninm/pyflow-RNAseq/rules/HtSeq.smk:
Command 'set -eo pipefail; echo BEGIN at $(date);  Rscript --vanilla /home/manninm/pyflow-RNAseq/.snakemake/scripts/tmp5rfz5cmo.HtSeqVoomMerge.R ; exitstat=$?; echo END at $(date); echo exit status was $exitstat; exit $exitstat' returned non-zero exit status 1.
  File "/home/manninm/pyflow-RNAseq/rules/HtSeq.smk", line 30, in __rule_HtSeq_Matrix
  File "/usr/lib64/python3.6/concurrent/futures/thread.py", line 56, in run
Shutting down, this might take some time.
Exiting because a job execution failed. Look above for error message
Complete log: /home/manninm/pyflow-RNAseq/.snakemake/log/2019-08-09T131959.724833.snakemake.log
