Building DAG of jobs...
Using shell: /bin/bash
Provided cores: 22
Rules claiming more threads will be scaled down.
Job counts:
	count	jobs
	9	HtSeq_Count
	1	HtSeq_Matrix
	9	HtSeq_Move
	1	PNGRename
	9	Picard
	1	PicardGather
	9	STAR_fq
	1	StarCollect
	9	String_Tie
	1	all
	9	fastqScreen
	9	fastqc
	68

[Fri Aug  9 15:50:46 2019]
rule fastqScreen:
    input: Sample_70166/Sample_70166.R1.fq.gz, Sample_70166/Sample_70166.R2.fq.gz
    output: Sample_70166/Sample_70166.fq.gz, Sample_70166/Sample_70166_screen.png
    jobid: 35
    wildcards: sample=Sample_70166
    priority: 3
    threads: 4


[Fri Aug  9 15:50:46 2019]
rule fastqScreen:
    input: Sample_70167/Sample_70167.R1.fq.gz, Sample_70167/Sample_70167.R2.fq.gz
    output: Sample_70167/Sample_70167.fq.gz, Sample_70167/Sample_70167_screen.png
    jobid: 36
    wildcards: sample=Sample_70167
    priority: 3
    threads: 4


[Fri Aug  9 15:50:46 2019]
rule fastqScreen:
    input: Sample_70170/Sample_70170.R1.fq.gz, Sample_70170/Sample_70170.R2.fq.gz
    output: Sample_70170/Sample_70170.fq.gz, Sample_70170/Sample_70170_screen.png
    jobid: 39
    wildcards: sample=Sample_70170
    priority: 3
    threads: 4


[Fri Aug  9 15:50:46 2019]
rule fastqScreen:
    input: Sample_70169/Sample_70169.R1.fq.gz, Sample_70169/Sample_70169.R2.fq.gz
    output: Sample_70169/Sample_70169.fq.gz, Sample_70169/Sample_70169_screen.png
    jobid: 38
    wildcards: sample=Sample_70169
    priority: 3
    threads: 4


[Fri Aug  9 15:50:46 2019]
rule fastqc:
    input: Sample_70166/Sample_70166.R1.fq.gz, Sample_70166/Sample_70166.R2.fq.gz
    output: Sample_70166/Sample_70166.R1_fastqc/Images/duplication_levels.png, Sample_70166/Sample_70166.R1_fastqc/Images/per_sequence_gc_content.png, Sample_70166/Sample_70166.R1_fastqc/Images/sequence_length_distribution.png, Sample_70166/Sample_70166.R1_fastqc/Images/per_base_n_content.png, Sample_70166/Sample_70166.R1_fastqc/Images/per_tile_quality.png, Sample_70166/Sample_70166.R1_fastqc/Images/kmer_profiles.png, Sample_70166/Sample_70166.R1_fastqc/Images/per_base_quality.png, Sample_70166/Sample_70166.R1_fastqc/Images/per_base_sequence_content.png, Sample_70166/Sample_70166.R1_fastqc/Images/adapter_content.png, Sample_70166/Sample_70166.R1_fastqc/Images/per_sequence_quality.png, Sample_70166/Sample_70166.R2_fastqc/Images/duplication_levels.png, Sample_70166/Sample_70166.R2_fastqc/Images/per_sequence_gc_content.png, Sample_70166/Sample_70166.R2_fastqc/Images/sequence_length_distribution.png, Sample_70166/Sample_70166.R2_fastqc/Images/per_base_n_content.png, Sample_70166/Sample_70166.R2_fastqc/Images/per_tile_quality.png, Sample_70166/Sample_70166.R2_fastqc/Images/kmer_profiles.png, Sample_70166/Sample_70166.R2_fastqc/Images/per_base_quality.png, Sample_70166/Sample_70166.R2_fastqc/Images/per_base_sequence_content.png, Sample_70166/Sample_70166.R2_fastqc/Images/adapter_content.png, Sample_70166/Sample_70166.R2_fastqc/Images/per_sequence_quality.png
    jobid: 26
    wildcards: sample=Sample_70166
    threads: 2


[Fri Aug  9 15:50:46 2019]
rule fastqScreen:
    input: Sample_70161/Sample_70161.R1.fq.gz, Sample_70161/Sample_70161.R2.fq.gz
    output: Sample_70161/Sample_70161.fq.gz, Sample_70161/Sample_70161_screen.png
    jobid: 33
    wildcards: sample=Sample_70161
    priority: 3
    threads: 4

[Fri Aug  9 15:51:57 2019]
Finished job 26.
1 of 68 steps (1%) done

[Fri Aug  9 15:51:57 2019]
rule fastqc:
    input: Sample_70169/Sample_70169.R1.fq.gz, Sample_70169/Sample_70169.R2.fq.gz
    output: Sample_70169/Sample_70169.R1_fastqc/Images/duplication_levels.png, Sample_70169/Sample_70169.R1_fastqc/Images/per_sequence_gc_content.png, Sample_70169/Sample_70169.R1_fastqc/Images/sequence_length_distribution.png, Sample_70169/Sample_70169.R1_fastqc/Images/per_base_n_content.png, Sample_70169/Sample_70169.R1_fastqc/Images/per_tile_quality.png, Sample_70169/Sample_70169.R1_fastqc/Images/kmer_profiles.png, Sample_70169/Sample_70169.R1_fastqc/Images/per_base_quality.png, Sample_70169/Sample_70169.R1_fastqc/Images/per_base_sequence_content.png, Sample_70169/Sample_70169.R1_fastqc/Images/adapter_content.png, Sample_70169/Sample_70169.R1_fastqc/Images/per_sequence_quality.png, Sample_70169/Sample_70169.R2_fastqc/Images/duplication_levels.png, Sample_70169/Sample_70169.R2_fastqc/Images/per_sequence_gc_content.png, Sample_70169/Sample_70169.R2_fastqc/Images/sequence_length_distribution.png, Sample_70169/Sample_70169.R2_fastqc/Images/per_base_n_content.png, Sample_70169/Sample_70169.R2_fastqc/Images/per_tile_quality.png, Sample_70169/Sample_70169.R2_fastqc/Images/kmer_profiles.png, Sample_70169/Sample_70169.R2_fastqc/Images/per_base_quality.png, Sample_70169/Sample_70169.R2_fastqc/Images/per_base_sequence_content.png, Sample_70169/Sample_70169.R2_fastqc/Images/adapter_content.png, Sample_70169/Sample_70169.R2_fastqc/Images/per_sequence_quality.png
    jobid: 29
    wildcards: sample=Sample_70169
    threads: 2

[Fri Aug  9 15:53:35 2019]
Finished job 29.
2 of 68 steps (3%) done

[Fri Aug  9 15:53:35 2019]
rule fastqc:
    input: Sample_70167/Sample_70167.R1.fq.gz, Sample_70167/Sample_70167.R2.fq.gz
    output: Sample_70167/Sample_70167.R1_fastqc/Images/duplication_levels.png, Sample_70167/Sample_70167.R1_fastqc/Images/per_sequence_gc_content.png, Sample_70167/Sample_70167.R1_fastqc/Images/sequence_length_distribution.png, Sample_70167/Sample_70167.R1_fastqc/Images/per_base_n_content.png, Sample_70167/Sample_70167.R1_fastqc/Images/per_tile_quality.png, Sample_70167/Sample_70167.R1_fastqc/Images/kmer_profiles.png, Sample_70167/Sample_70167.R1_fastqc/Images/per_base_quality.png, Sample_70167/Sample_70167.R1_fastqc/Images/per_base_sequence_content.png, Sample_70167/Sample_70167.R1_fastqc/Images/adapter_content.png, Sample_70167/Sample_70167.R1_fastqc/Images/per_sequence_quality.png, Sample_70167/Sample_70167.R2_fastqc/Images/duplication_levels.png, Sample_70167/Sample_70167.R2_fastqc/Images/per_sequence_gc_content.png, Sample_70167/Sample_70167.R2_fastqc/Images/sequence_length_distribution.png, Sample_70167/Sample_70167.R2_fastqc/Images/per_base_n_content.png, Sample_70167/Sample_70167.R2_fastqc/Images/per_tile_quality.png, Sample_70167/Sample_70167.R2_fastqc/Images/kmer_profiles.png, Sample_70167/Sample_70167.R2_fastqc/Images/per_base_quality.png, Sample_70167/Sample_70167.R2_fastqc/Images/per_base_sequence_content.png, Sample_70167/Sample_70167.R2_fastqc/Images/adapter_content.png, Sample_70167/Sample_70167.R2_fastqc/Images/per_sequence_quality.png
    jobid: 27
    wildcards: sample=Sample_70167
    threads: 2

[Fri Aug  9 15:56:24 2019]
Finished job 27.
3 of 68 steps (4%) done

[Fri Aug  9 15:56:24 2019]
rule fastqc:
    input: Sample_70161/Sample_70161.R1.fq.gz, Sample_70161/Sample_70161.R2.fq.gz
    output: Sample_70161/Sample_70161.R1_fastqc/Images/duplication_levels.png, Sample_70161/Sample_70161.R1_fastqc/Images/per_sequence_gc_content.png, Sample_70161/Sample_70161.R1_fastqc/Images/sequence_length_distribution.png, Sample_70161/Sample_70161.R1_fastqc/Images/per_base_n_content.png, Sample_70161/Sample_70161.R1_fastqc/Images/per_tile_quality.png, Sample_70161/Sample_70161.R1_fastqc/Images/kmer_profiles.png, Sample_70161/Sample_70161.R1_fastqc/Images/per_base_quality.png, Sample_70161/Sample_70161.R1_fastqc/Images/per_base_sequence_content.png, Sample_70161/Sample_70161.R1_fastqc/Images/adapter_content.png, Sample_70161/Sample_70161.R1_fastqc/Images/per_sequence_quality.png, Sample_70161/Sample_70161.R2_fastqc/Images/duplication_levels.png, Sample_70161/Sample_70161.R2_fastqc/Images/per_sequence_gc_content.png, Sample_70161/Sample_70161.R2_fastqc/Images/sequence_length_distribution.png, Sample_70161/Sample_70161.R2_fastqc/Images/per_base_n_content.png, Sample_70161/Sample_70161.R2_fastqc/Images/per_tile_quality.png, Sample_70161/Sample_70161.R2_fastqc/Images/kmer_profiles.png, Sample_70161/Sample_70161.R2_fastqc/Images/per_base_quality.png, Sample_70161/Sample_70161.R2_fastqc/Images/per_base_sequence_content.png, Sample_70161/Sample_70161.R2_fastqc/Images/adapter_content.png, Sample_70161/Sample_70161.R2_fastqc/Images/per_sequence_quality.png
    jobid: 24
    wildcards: sample=Sample_70161
    threads: 2

[Fri Aug  9 15:57:01 2019]
Finished job 24.
4 of 68 steps (6%) done

[Fri Aug  9 15:57:01 2019]
rule fastqc:
    input: Sample_70170/Sample_70170.R1.fq.gz, Sample_70170/Sample_70170.R2.fq.gz
    output: Sample_70170/Sample_70170.R1_fastqc/Images/duplication_levels.png, Sample_70170/Sample_70170.R1_fastqc/Images/per_sequence_gc_content.png, Sample_70170/Sample_70170.R1_fastqc/Images/sequence_length_distribution.png, Sample_70170/Sample_70170.R1_fastqc/Images/per_base_n_content.png, Sample_70170/Sample_70170.R1_fastqc/Images/per_tile_quality.png, Sample_70170/Sample_70170.R1_fastqc/Images/kmer_profiles.png, Sample_70170/Sample_70170.R1_fastqc/Images/per_base_quality.png, Sample_70170/Sample_70170.R1_fastqc/Images/per_base_sequence_content.png, Sample_70170/Sample_70170.R1_fastqc/Images/adapter_content.png, Sample_70170/Sample_70170.R1_fastqc/Images/per_sequence_quality.png, Sample_70170/Sample_70170.R2_fastqc/Images/duplication_levels.png, Sample_70170/Sample_70170.R2_fastqc/Images/per_sequence_gc_content.png, Sample_70170/Sample_70170.R2_fastqc/Images/sequence_length_distribution.png, Sample_70170/Sample_70170.R2_fastqc/Images/per_base_n_content.png, Sample_70170/Sample_70170.R2_fastqc/Images/per_tile_quality.png, Sample_70170/Sample_70170.R2_fastqc/Images/kmer_profiles.png, Sample_70170/Sample_70170.R2_fastqc/Images/per_base_quality.png, Sample_70170/Sample_70170.R2_fastqc/Images/per_base_sequence_content.png, Sample_70170/Sample_70170.R2_fastqc/Images/adapter_content.png, Sample_70170/Sample_70170.R2_fastqc/Images/per_sequence_quality.png
    jobid: 30
    wildcards: sample=Sample_70170
    threads: 2

[Fri Aug  9 15:58:42 2019]
Finished job 30.
5 of 68 steps (7%) done

[Fri Aug  9 15:58:42 2019]
rule fastqc:
    input: Sample_70162/Sample_70162.R1.fq.gz, Sample_70162/Sample_70162.R2.fq.gz
    output: Sample_70162/Sample_70162.R1_fastqc/Images/duplication_levels.png, Sample_70162/Sample_70162.R1_fastqc/Images/per_sequence_gc_content.png, Sample_70162/Sample_70162.R1_fastqc/Images/sequence_length_distribution.png, Sample_70162/Sample_70162.R1_fastqc/Images/per_base_n_content.png, Sample_70162/Sample_70162.R1_fastqc/Images/per_tile_quality.png, Sample_70162/Sample_70162.R1_fastqc/Images/kmer_profiles.png, Sample_70162/Sample_70162.R1_fastqc/Images/per_base_quality.png, Sample_70162/Sample_70162.R1_fastqc/Images/per_base_sequence_content.png, Sample_70162/Sample_70162.R1_fastqc/Images/adapter_content.png, Sample_70162/Sample_70162.R1_fastqc/Images/per_sequence_quality.png, Sample_70162/Sample_70162.R2_fastqc/Images/duplication_levels.png, Sample_70162/Sample_70162.R2_fastqc/Images/per_sequence_gc_content.png, Sample_70162/Sample_70162.R2_fastqc/Images/sequence_length_distribution.png, Sample_70162/Sample_70162.R2_fastqc/Images/per_base_n_content.png, Sample_70162/Sample_70162.R2_fastqc/Images/per_tile_quality.png, Sample_70162/Sample_70162.R2_fastqc/Images/kmer_profiles.png, Sample_70162/Sample_70162.R2_fastqc/Images/per_base_quality.png, Sample_70162/Sample_70162.R2_fastqc/Images/per_base_sequence_content.png, Sample_70162/Sample_70162.R2_fastqc/Images/adapter_content.png, Sample_70162/Sample_70162.R2_fastqc/Images/per_sequence_quality.png
    jobid: 25
    wildcards: sample=Sample_70162
    threads: 2

[Fri Aug  9 15:59:49 2019]
Finished job 25.
6 of 68 steps (9%) done

[Fri Aug  9 15:59:49 2019]
rule fastqc:
    input: Sample_70171/Sample_70171.R1.fq.gz, Sample_70171/Sample_70171.R2.fq.gz
    output: Sample_70171/Sample_70171.R1_fastqc/Images/duplication_levels.png, Sample_70171/Sample_70171.R1_fastqc/Images/per_sequence_gc_content.png, Sample_70171/Sample_70171.R1_fastqc/Images/sequence_length_distribution.png, Sample_70171/Sample_70171.R1_fastqc/Images/per_base_n_content.png, Sample_70171/Sample_70171.R1_fastqc/Images/per_tile_quality.png, Sample_70171/Sample_70171.R1_fastqc/Images/kmer_profiles.png, Sample_70171/Sample_70171.R1_fastqc/Images/per_base_quality.png, Sample_70171/Sample_70171.R1_fastqc/Images/per_base_sequence_content.png, Sample_70171/Sample_70171.R1_fastqc/Images/adapter_content.png, Sample_70171/Sample_70171.R1_fastqc/Images/per_sequence_quality.png, Sample_70171/Sample_70171.R2_fastqc/Images/duplication_levels.png, Sample_70171/Sample_70171.R2_fastqc/Images/per_sequence_gc_content.png, Sample_70171/Sample_70171.R2_fastqc/Images/sequence_length_distribution.png, Sample_70171/Sample_70171.R2_fastqc/Images/per_base_n_content.png, Sample_70171/Sample_70171.R2_fastqc/Images/per_tile_quality.png, Sample_70171/Sample_70171.R2_fastqc/Images/kmer_profiles.png, Sample_70171/Sample_70171.R2_fastqc/Images/per_base_quality.png, Sample_70171/Sample_70171.R2_fastqc/Images/per_base_sequence_content.png, Sample_70171/Sample_70171.R2_fastqc/Images/adapter_content.png, Sample_70171/Sample_70171.R2_fastqc/Images/per_sequence_quality.png
    jobid: 31
    wildcards: sample=Sample_70171
    threads: 2

[Fri Aug  9 16:00:25 2019]
Finished job 31.
7 of 68 steps (10%) done

[Fri Aug  9 16:00:25 2019]
rule fastqc:
    input: Sample_70160/Sample_70160.R1.fq.gz, Sample_70160/Sample_70160.R2.fq.gz
    output: Sample_70160/Sample_70160.R1_fastqc/Images/duplication_levels.png, Sample_70160/Sample_70160.R1_fastqc/Images/per_sequence_gc_content.png, Sample_70160/Sample_70160.R1_fastqc/Images/sequence_length_distribution.png, Sample_70160/Sample_70160.R1_fastqc/Images/per_base_n_content.png, Sample_70160/Sample_70160.R1_fastqc/Images/per_tile_quality.png, Sample_70160/Sample_70160.R1_fastqc/Images/kmer_profiles.png, Sample_70160/Sample_70160.R1_fastqc/Images/per_base_quality.png, Sample_70160/Sample_70160.R1_fastqc/Images/per_base_sequence_content.png, Sample_70160/Sample_70160.R1_fastqc/Images/adapter_content.png, Sample_70160/Sample_70160.R1_fastqc/Images/per_sequence_quality.png, Sample_70160/Sample_70160.R2_fastqc/Images/duplication_levels.png, Sample_70160/Sample_70160.R2_fastqc/Images/per_sequence_gc_content.png, Sample_70160/Sample_70160.R2_fastqc/Images/sequence_length_distribution.png, Sample_70160/Sample_70160.R2_fastqc/Images/per_base_n_content.png, Sample_70160/Sample_70160.R2_fastqc/Images/per_tile_quality.png, Sample_70160/Sample_70160.R2_fastqc/Images/kmer_profiles.png, Sample_70160/Sample_70160.R2_fastqc/Images/per_base_quality.png, Sample_70160/Sample_70160.R2_fastqc/Images/per_base_sequence_content.png, Sample_70160/Sample_70160.R2_fastqc/Images/adapter_content.png, Sample_70160/Sample_70160.R2_fastqc/Images/per_sequence_quality.png
    jobid: 23
    wildcards: sample=Sample_70160
    threads: 2

[Fri Aug  9 16:01:09 2019]
Finished job 23.
8 of 68 steps (12%) done

[Fri Aug  9 16:01:09 2019]
rule fastqc:
    input: Sample_70168/Sample_70168.R1.fq.gz, Sample_70168/Sample_70168.R2.fq.gz
    output: Sample_70168/Sample_70168.R1_fastqc/Images/duplication_levels.png, Sample_70168/Sample_70168.R1_fastqc/Images/per_sequence_gc_content.png, Sample_70168/Sample_70168.R1_fastqc/Images/sequence_length_distribution.png, Sample_70168/Sample_70168.R1_fastqc/Images/per_base_n_content.png, Sample_70168/Sample_70168.R1_fastqc/Images/per_tile_quality.png, Sample_70168/Sample_70168.R1_fastqc/Images/kmer_profiles.png, Sample_70168/Sample_70168.R1_fastqc/Images/per_base_quality.png, Sample_70168/Sample_70168.R1_fastqc/Images/per_base_sequence_content.png, Sample_70168/Sample_70168.R1_fastqc/Images/adapter_content.png, Sample_70168/Sample_70168.R1_fastqc/Images/per_sequence_quality.png, Sample_70168/Sample_70168.R2_fastqc/Images/duplication_levels.png, Sample_70168/Sample_70168.R2_fastqc/Images/per_sequence_gc_content.png, Sample_70168/Sample_70168.R2_fastqc/Images/sequence_length_distribution.png, Sample_70168/Sample_70168.R2_fastqc/Images/per_base_n_content.png, Sample_70168/Sample_70168.R2_fastqc/Images/per_tile_quality.png, Sample_70168/Sample_70168.R2_fastqc/Images/kmer_profiles.png, Sample_70168/Sample_70168.R2_fastqc/Images/per_base_quality.png, Sample_70168/Sample_70168.R2_fastqc/Images/per_base_sequence_content.png, Sample_70168/Sample_70168.R2_fastqc/Images/adapter_content.png, Sample_70168/Sample_70168.R2_fastqc/Images/per_sequence_quality.png
    jobid: 28
    wildcards: sample=Sample_70168
    threads: 2

[Fri Aug  9 16:01:51 2019]
Finished job 28.
9 of 68 steps (13%) done
[Fri Aug  9 16:03:56 2019]
Finished job 36.
10 of 68 steps (15%) done
[Fri Aug  9 16:03:56 2019]
Finished job 33.
11 of 68 steps (16%) done
[Fri Aug  9 16:03:56 2019]
Finished job 35.
12 of 68 steps (18%) done
[Fri Aug  9 16:03:56 2019]
Finished job 39.
13 of 68 steps (19%) done
[Fri Aug  9 16:03:56 2019]
Finished job 38.
14 of 68 steps (21%) done

[Fri Aug  9 16:03:56 2019]
rule fastqScreen:
    input: Sample_70168/Sample_70168.R1.fq.gz, Sample_70168/Sample_70168.R2.fq.gz
    output: Sample_70168/Sample_70168.fq.gz, Sample_70168/Sample_70168_screen.png
    jobid: 37
    wildcards: sample=Sample_70168
    priority: 3
    threads: 4


[Fri Aug  9 16:03:56 2019]
rule fastqScreen:
    input: Sample_70171/Sample_70171.R1.fq.gz, Sample_70171/Sample_70171.R2.fq.gz
    output: Sample_70171/Sample_70171.fq.gz, Sample_70171/Sample_70171_screen.png
    jobid: 40
    wildcards: sample=Sample_70171
    priority: 3
    threads: 4


[Fri Aug  9 16:03:56 2019]
rule fastqScreen:
    input: Sample_70162/Sample_70162.R1.fq.gz, Sample_70162/Sample_70162.R2.fq.gz
    output: Sample_70162/Sample_70162.fq.gz, Sample_70162/Sample_70162_screen.png
    jobid: 34
    wildcards: sample=Sample_70162
    priority: 3
    threads: 4


[Fri Aug  9 16:03:56 2019]
rule fastqScreen:
    input: Sample_70160/Sample_70160.R1.fq.gz, Sample_70160/Sample_70160.R2.fq.gz
    output: Sample_70160/Sample_70160.fq.gz, Sample_70160/Sample_70160_screen.png
    jobid: 32
    wildcards: sample=Sample_70160
    priority: 3
    threads: 4

[Fri Aug  9 16:14:18 2019]
Finished job 32.
15 of 68 steps (22%) done
[Fri Aug  9 16:14:18 2019]
Finished job 40.
16 of 68 steps (24%) done
[Fri Aug  9 16:14:19 2019]
Finished job 37.
17 of 68 steps (25%) done
[Fri Aug  9 16:14:19 2019]
Finished job 34.
18 of 68 steps (26%) done

[Fri Aug  9 16:14:19 2019]
rule PNGRename:
    input: Sample_70160/Sample_70160.R1_fastqc/Images/duplication_levels.png, Sample_70161/Sample_70161.R1_fastqc/Images/duplication_levels.png, Sample_70162/Sample_70162.R1_fastqc/Images/duplication_levels.png, Sample_70166/Sample_70166.R1_fastqc/Images/duplication_levels.png, Sample_70167/Sample_70167.R1_fastqc/Images/duplication_levels.png, Sample_70168/Sample_70168.R1_fastqc/Images/duplication_levels.png, Sample_70169/Sample_70169.R1_fastqc/Images/duplication_levels.png, Sample_70170/Sample_70170.R1_fastqc/Images/duplication_levels.png, Sample_70171/Sample_70171.R1_fastqc/Images/duplication_levels.png, Sample_70160/Sample_70160.R1_fastqc/Images/per_sequence_gc_content.png, Sample_70161/Sample_70161.R1_fastqc/Images/per_sequence_gc_content.png, Sample_70162/Sample_70162.R1_fastqc/Images/per_sequence_gc_content.png, Sample_70166/Sample_70166.R1_fastqc/Images/per_sequence_gc_content.png, Sample_70167/Sample_70167.R1_fastqc/Images/per_sequence_gc_content.png, Sample_70168/Sample_70168.R1_fastqc/Images/per_sequence_gc_content.png, Sample_70169/Sample_70169.R1_fastqc/Images/per_sequence_gc_content.png, Sample_70170/Sample_70170.R1_fastqc/Images/per_sequence_gc_content.png, Sample_70171/Sample_70171.R1_fastqc/Images/per_sequence_gc_content.png, Sample_70160/Sample_70160.R1_fastqc/Images/sequence_length_distribution.png, Sample_70161/Sample_70161.R1_fastqc/Images/sequence_length_distribution.png, Sample_70162/Sample_70162.R1_fastqc/Images/sequence_length_distribution.png, Sample_70166/Sample_70166.R1_fastqc/Images/sequence_length_distribution.png, Sample_70167/Sample_70167.R1_fastqc/Images/sequence_length_distribution.png, Sample_70168/Sample_70168.R1_fastqc/Images/sequence_length_distribution.png, Sample_70169/Sample_70169.R1_fastqc/Images/sequence_length_distribution.png, Sample_70170/Sample_70170.R1_fastqc/Images/sequence_length_distribution.png, Sample_70171/Sample_70171.R1_fastqc/Images/sequence_length_distribution.png, Sample_70160/Sample_70160.R1_fastqc/Images/per_base_n_content.png, Sample_70161/Sample_70161.R1_fastqc/Images/per_base_n_content.png, Sample_70162/Sample_70162.R1_fastqc/Images/per_base_n_content.png, Sample_70166/Sample_70166.R1_fastqc/Images/per_base_n_content.png, Sample_70167/Sample_70167.R1_fastqc/Images/per_base_n_content.png, Sample_70168/Sample_70168.R1_fastqc/Images/per_base_n_content.png, Sample_70169/Sample_70169.R1_fastqc/Images/per_base_n_content.png, Sample_70170/Sample_70170.R1_fastqc/Images/per_base_n_content.png, Sample_70171/Sample_70171.R1_fastqc/Images/per_base_n_content.png, Sample_70160/Sample_70160.R1_fastqc/Images/per_tile_quality.png, Sample_70161/Sample_70161.R1_fastqc/Images/per_tile_quality.png, Sample_70162/Sample_70162.R1_fastqc/Images/per_tile_quality.png, Sample_70166/Sample_70166.R1_fastqc/Images/per_tile_quality.png, Sample_70167/Sample_70167.R1_fastqc/Images/per_tile_quality.png, Sample_70168/Sample_70168.R1_fastqc/Images/per_tile_quality.png, Sample_70169/Sample_70169.R1_fastqc/Images/per_tile_quality.png, Sample_70170/Sample_70170.R1_fastqc/Images/per_tile_quality.png, Sample_70171/Sample_70171.R1_fastqc/Images/per_tile_quality.png, Sample_70160/Sample_70160.R1_fastqc/Images/kmer_profiles.png, Sample_70161/Sample_70161.R1_fastqc/Images/kmer_profiles.png, Sample_70162/Sample_70162.R1_fastqc/Images/kmer_profiles.png, Sample_70166/Sample_70166.R1_fastqc/Images/kmer_profiles.png, Sample_70167/Sample_70167.R1_fastqc/Images/kmer_profiles.png, Sample_70168/Sample_70168.R1_fastqc/Images/kmer_profiles.png, Sample_70169/Sample_70169.R1_fastqc/Images/kmer_profiles.png, Sample_70170/Sample_70170.R1_fastqc/Images/kmer_profiles.png, Sample_70171/Sample_70171.R1_fastqc/Images/kmer_profiles.png, Sample_70160/Sample_70160.R1_fastqc/Images/per_base_quality.png, Sample_70161/Sample_70161.R1_fastqc/Images/per_base_quality.png, Sample_70162/Sample_70162.R1_fastqc/Images/per_base_quality.png, Sample_70166/Sample_70166.R1_fastqc/Images/per_base_quality.png, Sample_70167/Sample_70167.R1_fastqc/Images/per_base_quality.png, Sample_70168/Sample_70168.R1_fastqc/Images/per_base_quality.png, Sample_70169/Sample_70169.R1_fastqc/Images/per_base_quality.png, Sample_70170/Sample_70170.R1_fastqc/Images/per_base_quality.png, Sample_70171/Sample_70171.R1_fastqc/Images/per_base_quality.png, Sample_70160/Sample_70160.R1_fastqc/Images/per_base_sequence_content.png, Sample_70161/Sample_70161.R1_fastqc/Images/per_base_sequence_content.png, Sample_70162/Sample_70162.R1_fastqc/Images/per_base_sequence_content.png, Sample_70166/Sample_70166.R1_fastqc/Images/per_base_sequence_content.png, Sample_70167/Sample_70167.R1_fastqc/Images/per_base_sequence_content.png, Sample_70168/Sample_70168.R1_fastqc/Images/per_base_sequence_content.png, Sample_70169/Sample_70169.R1_fastqc/Images/per_base_sequence_content.png, Sample_70170/Sample_70170.R1_fastqc/Images/per_base_sequence_content.png, Sample_70171/Sample_70171.R1_fastqc/Images/per_base_sequence_content.png, Sample_70160/Sample_70160.R1_fastqc/Images/adapter_content.png, Sample_70161/Sample_70161.R1_fastqc/Images/adapter_content.png, Sample_70162/Sample_70162.R1_fastqc/Images/adapter_content.png, Sample_70166/Sample_70166.R1_fastqc/Images/adapter_content.png, Sample_70167/Sample_70167.R1_fastqc/Images/adapter_content.png, Sample_70168/Sample_70168.R1_fastqc/Images/adapter_content.png, Sample_70169/Sample_70169.R1_fastqc/Images/adapter_content.png, Sample_70170/Sample_70170.R1_fastqc/Images/adapter_content.png, Sample_70171/Sample_70171.R1_fastqc/Images/adapter_content.png, Sample_70160/Sample_70160.R1_fastqc/Images/per_sequence_quality.png, Sample_70161/Sample_70161.R1_fastqc/Images/per_sequence_quality.png, Sample_70162/Sample_70162.R1_fastqc/Images/per_sequence_quality.png, Sample_70166/Sample_70166.R1_fastqc/Images/per_sequence_quality.png, Sample_70167/Sample_70167.R1_fastqc/Images/per_sequence_quality.png, Sample_70168/Sample_70168.R1_fastqc/Images/per_sequence_quality.png, Sample_70169/Sample_70169.R1_fastqc/Images/per_sequence_quality.png, Sample_70170/Sample_70170.R1_fastqc/Images/per_sequence_quality.png, Sample_70171/Sample_70171.R1_fastqc/Images/per_sequence_quality.png, Sample_70160/Sample_70160.R2_fastqc/Images/duplication_levels.png, Sample_70161/Sample_70161.R2_fastqc/Images/duplication_levels.png, Sample_70162/Sample_70162.R2_fastqc/Images/duplication_levels.png, Sample_70166/Sample_70166.R2_fastqc/Images/duplication_levels.png, Sample_70167/Sample_70167.R2_fastqc/Images/duplication_levels.png, Sample_70168/Sample_70168.R2_fastqc/Images/duplication_levels.png, Sample_70169/Sample_70169.R2_fastqc/Images/duplication_levels.png, Sample_70170/Sample_70170.R2_fastqc/Images/duplication_levels.png, Sample_70171/Sample_70171.R2_fastqc/Images/duplication_levels.png, Sample_70160/Sample_70160.R2_fastqc/Images/per_sequence_gc_content.png, Sample_70161/Sample_70161.R2_fastqc/Images/per_sequence_gc_content.png, Sample_70162/Sample_70162.R2_fastqc/Images/per_sequence_gc_content.png, Sample_70166/Sample_70166.R2_fastqc/Images/per_sequence_gc_content.png, Sample_70167/Sample_70167.R2_fastqc/Images/per_sequence_gc_content.png, Sample_70168/Sample_70168.R2_fastqc/Images/per_sequence_gc_content.png, Sample_70169/Sample_70169.R2_fastqc/Images/per_sequence_gc_content.png, Sample_70170/Sample_70170.R2_fastqc/Images/per_sequence_gc_content.png, Sample_70171/Sample_70171.R2_fastqc/Images/per_sequence_gc_content.png, Sample_70160/Sample_70160.R2_fastqc/Images/sequence_length_distribution.png, Sample_70161/Sample_70161.R2_fastqc/Images/sequence_length_distribution.png, Sample_70162/Sample_70162.R2_fastqc/Images/sequence_length_distribution.png, Sample_70166/Sample_70166.R2_fastqc/Images/sequence_length_distribution.png, Sample_70167/Sample_70167.R2_fastqc/Images/sequence_length_distribution.png, Sample_70168/Sample_70168.R2_fastqc/Images/sequence_length_distribution.png, Sample_70169/Sample_70169.R2_fastqc/Images/sequence_length_distribution.png, Sample_70170/Sample_70170.R2_fastqc/Images/sequence_length_distribution.png, Sample_70171/Sample_70171.R2_fastqc/Images/sequence_length_distribution.png, Sample_70160/Sample_70160.R2_fastqc/Images/per_base_n_content.png, Sample_70161/Sample_70161.R2_fastqc/Images/per_base_n_content.png, Sample_70162/Sample_70162.R2_fastqc/Images/per_base_n_content.png, Sample_70166/Sample_70166.R2_fastqc/Images/per_base_n_content.png, Sample_70167/Sample_70167.R2_fastqc/Images/per_base_n_content.png, Sample_70168/Sample_70168.R2_fastqc/Images/per_base_n_content.png, Sample_70169/Sample_70169.R2_fastqc/Images/per_base_n_content.png, Sample_70170/Sample_70170.R2_fastqc/Images/per_base_n_content.png, Sample_70171/Sample_70171.R2_fastqc/Images/per_base_n_content.png, Sample_70160/Sample_70160.R2_fastqc/Images/per_tile_quality.png, Sample_70161/Sample_70161.R2_fastqc/Images/per_tile_quality.png, Sample_70162/Sample_70162.R2_fastqc/Images/per_tile_quality.png, Sample_70166/Sample_70166.R2_fastqc/Images/per_tile_quality.png, Sample_70167/Sample_70167.R2_fastqc/Images/per_tile_quality.png, Sample_70168/Sample_70168.R2_fastqc/Images/per_tile_quality.png, Sample_70169/Sample_70169.R2_fastqc/Images/per_tile_quality.png, Sample_70170/Sample_70170.R2_fastqc/Images/per_tile_quality.png, Sample_70171/Sample_70171.R2_fastqc/Images/per_tile_quality.png, Sample_70160/Sample_70160.R2_fastqc/Images/kmer_profiles.png, Sample_70161/Sample_70161.R2_fastqc/Images/kmer_profiles.png, Sample_70162/Sample_70162.R2_fastqc/Images/kmer_profiles.png, Sample_70166/Sample_70166.R2_fastqc/Images/kmer_profiles.png, Sample_70167/Sample_70167.R2_fastqc/Images/kmer_profiles.png, Sample_70168/Sample_70168.R2_fastqc/Images/kmer_profiles.png, Sample_70169/Sample_70169.R2_fastqc/Images/kmer_profiles.png, Sample_70170/Sample_70170.R2_fastqc/Images/kmer_profiles.png, Sample_70171/Sample_70171.R2_fastqc/Images/kmer_profiles.png, Sample_70160/Sample_70160.R2_fastqc/Images/per_base_quality.png, Sample_70161/Sample_70161.R2_fastqc/Images/per_base_quality.png, Sample_70162/Sample_70162.R2_fastqc/Images/per_base_quality.png, Sample_70166/Sample_70166.R2_fastqc/Images/per_base_quality.png, Sample_70167/Sample_70167.R2_fastqc/Images/per_base_quality.png, Sample_70168/Sample_70168.R2_fastqc/Images/per_base_quality.png, Sample_70169/Sample_70169.R2_fastqc/Images/per_base_quality.png, Sample_70170/Sample_70170.R2_fastqc/Images/per_base_quality.png, Sample_70171/Sample_70171.R2_fastqc/Images/per_base_quality.png, Sample_70160/Sample_70160.R2_fastqc/Images/per_base_sequence_content.png, Sample_70161/Sample_70161.R2_fastqc/Images/per_base_sequence_content.png, Sample_70162/Sample_70162.R2_fastqc/Images/per_base_sequence_content.png, Sample_70166/Sample_70166.R2_fastqc/Images/per_base_sequence_content.png, Sample_70167/Sample_70167.R2_fastqc/Images/per_base_sequence_content.png, Sample_70168/Sample_70168.R2_fastqc/Images/per_base_sequence_content.png, Sample_70169/Sample_70169.R2_fastqc/Images/per_base_sequence_content.png, Sample_70170/Sample_70170.R2_fastqc/Images/per_base_sequence_content.png, Sample_70171/Sample_70171.R2_fastqc/Images/per_base_sequence_content.png, Sample_70160/Sample_70160.R2_fastqc/Images/adapter_content.png, Sample_70161/Sample_70161.R2_fastqc/Images/adapter_content.png, Sample_70162/Sample_70162.R2_fastqc/Images/adapter_content.png, Sample_70166/Sample_70166.R2_fastqc/Images/adapter_content.png, Sample_70167/Sample_70167.R2_fastqc/Images/adapter_content.png, Sample_70168/Sample_70168.R2_fastqc/Images/adapter_content.png, Sample_70169/Sample_70169.R2_fastqc/Images/adapter_content.png, Sample_70170/Sample_70170.R2_fastqc/Images/adapter_content.png, Sample_70171/Sample_70171.R2_fastqc/Images/adapter_content.png, Sample_70160/Sample_70160.R2_fastqc/Images/per_sequence_quality.png, Sample_70161/Sample_70161.R2_fastqc/Images/per_sequence_quality.png, Sample_70162/Sample_70162.R2_fastqc/Images/per_sequence_quality.png, Sample_70166/Sample_70166.R2_fastqc/Images/per_sequence_quality.png, Sample_70167/Sample_70167.R2_fastqc/Images/per_sequence_quality.png, Sample_70168/Sample_70168.R2_fastqc/Images/per_sequence_quality.png, Sample_70169/Sample_70169.R2_fastqc/Images/per_sequence_quality.png, Sample_70170/Sample_70170.R2_fastqc/Images/per_sequence_quality.png, Sample_70171/Sample_70171.R2_fastqc/Images/per_sequence_quality.png, Sample_70160/Sample_70160_screen.png, Sample_70161/Sample_70161_screen.png, Sample_70162/Sample_70162_screen.png, Sample_70166/Sample_70166_screen.png, Sample_70167/Sample_70167_screen.png, Sample_70168/Sample_70168_screen.png, Sample_70169/Sample_70169_screen.png, Sample_70170/Sample_70170_screen.png, Sample_70171/Sample_70171_screen.png
    output: QcImages/adapter_content_pngs.pdf, QcImages/duplication_levels_pngs.pdf, QcImages/kmer_profiles_pngs.pdf, QcImages/per_base_quality_pngs.pdf, QcImages/per_base_sequence_content_pngs.pdf, QcImages/per_sequence_gc_content_pngs.pdf, Screen/screen_pngs.pdf
    jobid: 20

[Fri Aug  9 16:14:19 2019]
Job 4: aligning Sample_70166/Sample_70166.R1.fq.gz Sample_70166/Sample_70166.R2.fq.gz using STAR: 20 threads

[Fri Aug  9 16:14:19 2019]
Error in rule STAR_fq:
    jobid: 4
    output: Sample_70166/Sample_70166Aligned.sortedByCoord.out.bam, Sample_70166/Sample_70166Log.final.out

RuleException:
CalledProcessError in line 14 of /home/manninm/pyflow-RNAseq/rules/Star_Map.smk:
Command 'set -eo pipefail; echo BEGIN at $(date);  STAR --twopassMode Basic --runThreadN 20         --genomeDir <built-in method index of InputFiles object at 0x7ff91bdc9868> --outSAMtype BAM SortedByCoordinate         --outBAMcompression 10 --outSAMstrandField intronMotif         --outBAMsortingThreadN 4         --bamRemoveDuplicatesType UniqueIdentical --readFilesCommand gunzip -c --readFilesIn Sample_70166/Sample_70166.R1.fq.gz Sample_70166/Sample_70166.R2.fq.gz         --outFileNamePrefix Sample_70166/Sample_70166 ; exitstat=$?; echo END at $(date); echo exit status was $exitstat; exit $exitstat' returned non-zero exit status 1.
  File "/home/manninm/pyflow-RNAseq/rules/Star_Map.smk", line 14, in __rule_STAR_fq
  File "/usr/lib64/python3.6/concurrent/futures/thread.py", line 56, in run
[Fri Aug  9 16:14:40 2019]
Finished job 20.
19 of 68 steps (28%) done
Shutting down, this might take some time.
Exiting because a job execution failed. Look above for error message
Complete log: /home/manninm/pyflow-RNAseq/.snakemake/log/2019-08-09T155045.206108.snakemake.log
