Building DAG of jobs...
Using shell: /bin/bash
Provided cores: 22
Rules claiming more threads will be scaled down.
Job counts:
	count	jobs
	9	HTSeq_fq
	9	STAR_fq
	1	all
	19

[Tue Aug  6 10:42:20 2019]
Job 4: aligning Sample_70166/Sample_70166.R1.fq.gz Sample_70166/Sample_70166.R2.fq.gz /home/deepSeq/STAR_index_HS_38.86_small/ using STAR: 4 threads


[Tue Aug  6 10:42:20 2019]
Job 2: aligning Sample_70161/Sample_70161.R1.fq.gz Sample_70161/Sample_70161.R2.fq.gz /home/deepSeq/STAR_index_HS_38.86_small/ using STAR: 4 threads


[Tue Aug  6 10:42:20 2019]
Job 8: aligning Sample_70170/Sample_70170.R1.fq.gz Sample_70170/Sample_70170.R2.fq.gz /home/deepSeq/STAR_index_HS_38.86_small/ using STAR: 4 threads


[Tue Aug  6 10:42:20 2019]
Job 5: aligning Sample_70167/Sample_70167.R1.fq.gz Sample_70167/Sample_70167.R2.fq.gz /home/deepSeq/STAR_index_HS_38.86_small/ using STAR: 4 threads


[Tue Aug  6 10:42:20 2019]
Job 7: aligning Sample_70169/Sample_70169.R1.fq.gz Sample_70169/Sample_70169.R2.fq.gz /home/deepSeq/STAR_index_HS_38.86_small/ using STAR: 4 threads

Terminating processes on user request, this might take some time.
[Tue Aug  6 10:42:30 2019]
Error in rule STAR_fq:
    jobid: 8
    output: Sample_70170/Sample_70170Aligned.sortedByCoord.out.bam

[Tue Aug  6 10:42:30 2019]
[Tue Aug  6 10:42:30 2019]
[Tue Aug  6 10:42:30 2019]
[Tue Aug  6 10:42:30 2019]
Error in rule STAR_fq:
Error in rule STAR_fq:
RuleException:
CalledProcessError in line 55 of /home/manninm/pyflow-RNAseq/Snakefile:
Command 'set -eo pipefail; echo BEGIN at $(date);  STAR --twopassMode Basic --runThreadN 4         --genomeDir /home/deepSeq/STAR_index_HS_38.86_small/ --outSAMtype BAM SortedByCoordinate         --outBAMcompression 10 --outSAMstrandField intronMotif         --outBAMsortingThreadN 9         --bamRemoveDuplicatesType UniqueIdentical --readFilesCommand gunzip -c --readFilesIn Sample_70170/Sample_70170.R1.fq.gz Sample_70170/Sample_70170.R2.fq.gz         --outFileNamePrefix `echo Sample_70170/Sample_70170Aligned.sortedByCoord.out.bam` ; exitstat=$?; echo END at $(date); echo exit status was $exitstat; exit $exitstat' died with <Signals.SIGINT: 2>.
  File "/home/manninm/pyflow-RNAseq/Snakefile", line 55, in __rule_STAR_fq
  File "/usr/lib64/python3.6/concurrent/futures/thread.py", line 56, in run
Error in rule STAR_fq:
Error in rule STAR_fq:
    jobid: 5
    jobid: 4
    jobid: 2
    jobid: 7
    output: Sample_70167/Sample_70167Aligned.sortedByCoord.out.bam
    output: Sample_70166/Sample_70166Aligned.sortedByCoord.out.bam
    output: Sample_70161/Sample_70161Aligned.sortedByCoord.out.bam
    output: Sample_70169/Sample_70169Aligned.sortedByCoord.out.bam




RuleException:
CalledProcessError in line 55 of /home/manninm/pyflow-RNAseq/Snakefile:
Command 'set -eo pipefail; echo BEGIN at $(date);  STAR --twopassMode Basic --runThreadN 4         --genomeDir /home/deepSeq/STAR_index_HS_38.86_small/ --outSAMtype BAM SortedByCoordinate         --outBAMcompression 10 --outSAMstrandField intronMotif         --outBAMsortingThreadN 9         --bamRemoveDuplicatesType UniqueIdentical --readFilesCommand gunzip -c --readFilesIn Sample_70167/Sample_70167.R1.fq.gz Sample_70167/Sample_70167.R2.fq.gz         --outFileNamePrefix `echo Sample_70167/Sample_70167Aligned.sortedByCoord.out.bam` ; exitstat=$?; echo END at $(date); echo exit status was $exitstat; exit $exitstat' died with <Signals.SIGINT: 2>.
  File "/home/manninm/pyflow-RNAseq/Snakefile", line 55, in __rule_STAR_fq
  File "/usr/lib64/python3.6/concurrent/futures/thread.py", line 56, in run
RuleException:
CalledProcessError in line 55 of /home/manninm/pyflow-RNAseq/Snakefile:
Command 'set -eo pipefail; echo BEGIN at $(date);  STAR --twopassMode Basic --runThreadN 4         --genomeDir /home/deepSeq/STAR_index_HS_38.86_small/ --outSAMtype BAM SortedByCoordinate         --outBAMcompression 10 --outSAMstrandField intronMotif         --outBAMsortingThreadN 9         --bamRemoveDuplicatesType UniqueIdentical --readFilesCommand gunzip -c --readFilesIn Sample_70161/Sample_70161.R1.fq.gz Sample_70161/Sample_70161.R2.fq.gz         --outFileNamePrefix `echo Sample_70161/Sample_70161Aligned.sortedByCoord.out.bam` ; exitstat=$?; echo END at $(date); echo exit status was $exitstat; exit $exitstat' died with <Signals.SIGINT: 2>.
  File "/home/manninm/pyflow-RNAseq/Snakefile", line 55, in __rule_STAR_fq
  File "/usr/lib64/python3.6/concurrent/futures/thread.py", line 56, in run
RuleException:
CalledProcessError in line 55 of /home/manninm/pyflow-RNAseq/Snakefile:
Command 'set -eo pipefail; echo BEGIN at $(date);  STAR --twopassMode Basic --runThreadN 4         --genomeDir /home/deepSeq/STAR_index_HS_38.86_small/ --outSAMtype BAM SortedByCoordinate         --outBAMcompression 10 --outSAMstrandField intronMotif         --outBAMsortingThreadN 9         --bamRemoveDuplicatesType UniqueIdentical --readFilesCommand gunzip -c --readFilesIn Sample_70166/Sample_70166.R1.fq.gz Sample_70166/Sample_70166.R2.fq.gz         --outFileNamePrefix `echo Sample_70166/Sample_70166Aligned.sortedByCoord.out.bam` ; exitstat=$?; echo END at $(date); echo exit status was $exitstat; exit $exitstat' died with <Signals.SIGINT: 2>.
  File "/home/manninm/pyflow-RNAseq/Snakefile", line 55, in __rule_STAR_fq
  File "/usr/lib64/python3.6/concurrent/futures/thread.py", line 56, in run
RuleException:
CalledProcessError in line 55 of /home/manninm/pyflow-RNAseq/Snakefile:
Command 'set -eo pipefail; echo BEGIN at $(date);  STAR --twopassMode Basic --runThreadN 4         --genomeDir /home/deepSeq/STAR_index_HS_38.86_small/ --outSAMtype BAM SortedByCoordinate         --outBAMcompression 10 --outSAMstrandField intronMotif         --outBAMsortingThreadN 9         --bamRemoveDuplicatesType UniqueIdentical --readFilesCommand gunzip -c --readFilesIn Sample_70169/Sample_70169.R1.fq.gz Sample_70169/Sample_70169.R2.fq.gz         --outFileNamePrefix `echo Sample_70169/Sample_70169Aligned.sortedByCoord.out.bam` ; exitstat=$?; echo END at $(date); echo exit status was $exitstat; exit $exitstat' died with <Signals.SIGINT: 2>.
  File "/home/manninm/pyflow-RNAseq/Snakefile", line 55, in __rule_STAR_fq
  File "/usr/lib64/python3.6/concurrent/futures/thread.py", line 56, in run
Complete log: /home/manninm/pyflow-RNAseq/.snakemake/log/2019-08-06T104219.568211.snakemake.log
