Building DAG of jobs...
Using shell: /bin/bash
Provided cores: 22
Rules claiming more threads will be scaled down.
Job counts:
	count	jobs
	3	STAR_fq
	1	all
	4

[Wed Aug  7 12:34:58 2019]
Job 3: aligning Sample_70162/Sample_70162.R1.fq.gz Sample_70162/Sample_70162.R2.fq.gz /home/deepSeq/STAR_index_HS_38.86_small/ using STAR: 6 threads


[Wed Aug  7 12:34:58 2019]
Job 2: aligning Sample_70161/Sample_70161.R1.fq.gz Sample_70161/Sample_70161.R2.fq.gz /home/deepSeq/STAR_index_HS_38.86_small/ using STAR: 6 threads


[Wed Aug  7 12:34:58 2019]
Job 1: aligning Sample_70160/Sample_70160.R1.fq.gz Sample_70160/Sample_70160.R2.fq.gz /home/deepSeq/STAR_index_HS_38.86_small/ using STAR: 6 threads

[Wed Aug  7 12:41:32 2019]
Error in rule STAR_fq:
    jobid: 3
    output: Sample_70162/Sample_70162Aligned.sortedByCoord.out.bam

RuleException:
CalledProcessError in line 80 of /home/manninm/pyflow-RNAseq/Snakefile:
Command 'set -eo pipefail; echo BEGIN at $(date);  STAR --twopassMode Basic --runThreadN 6         --genomeDir /home/deepSeq/STAR_index_HS_38.86_small/ --outSAMtype BAM SortedByCoordinate         --outBAMcompression 10 --outSAMstrandField intronMotif         --outBAMsortingThreadN 4         --bamRemoveDuplicatesType UniqueIdentical --readFilesCommand gunzip -c --readFilesIn Sample_70162/Sample_70162.R1.fq.gz Sample_70162/Sample_70162.R2.fq.gz         --outFileNamePrefix Sample_70162/Sample_70162 ; exitstat=$?; echo END at $(date); echo exit status was $exitstat; exit $exitstat' returned non-zero exit status 137.
  File "/home/manninm/pyflow-RNAseq/Snakefile", line 80, in __rule_STAR_fq
  File "/usr/lib64/python3.6/concurrent/futures/thread.py", line 56, in run
Removing output files of failed job STAR_fq since they might be corrupted:
Sample_70162/Sample_70162Aligned.sortedByCoord.out.bam
Terminating processes on user request, this might take some time.
[Wed Aug  7 12:56:37 2019]
Error in rule STAR_fq:
    jobid: 1
    output: Sample_70160/Sample_70160Aligned.sortedByCoord.out.bam

RuleException:
CalledProcessError in line 80 of /home/manninm/pyflow-RNAseq/Snakefile:
Command 'set -eo pipefail; echo BEGIN at $(date);  STAR --twopassMode Basic --runThreadN 6         --genomeDir /home/deepSeq/STAR_index_HS_38.86_small/ --outSAMtype BAM SortedByCoordinate         --outBAMcompression 10 --outSAMstrandField intronMotif         --outBAMsortingThreadN 4         --bamRemoveDuplicatesType UniqueIdentical --readFilesCommand gunzip -c --readFilesIn Sample_70160/Sample_70160.R1.fq.gz Sample_70160/Sample_70160.R2.fq.gz         --outFileNamePrefix Sample_70160/Sample_70160 ; exitstat=$?; echo END at $(date); echo exit status was $exitstat; exit $exitstat' died with <Signals.SIGINT: 2>.
  File "/home/manninm/pyflow-RNAseq/Snakefile", line 80, in __rule_STAR_fq
  File "/usr/lib64/python3.6/concurrent/futures/thread.py", line 56, in run
Removing output files of failed job STAR_fq since they might be corrupted:
Sample_70160/Sample_70160Aligned.sortedByCoord.out.bam
[Wed Aug  7 12:56:38 2019]
Error in rule STAR_fq:
    jobid: 2
    output: Sample_70161/Sample_70161Aligned.sortedByCoord.out.bam

RuleException:
CalledProcessError in line 80 of /home/manninm/pyflow-RNAseq/Snakefile:
Command 'set -eo pipefail; echo BEGIN at $(date);  STAR --twopassMode Basic --runThreadN 6         --genomeDir /home/deepSeq/STAR_index_HS_38.86_small/ --outSAMtype BAM SortedByCoordinate         --outBAMcompression 10 --outSAMstrandField intronMotif         --outBAMsortingThreadN 4         --bamRemoveDuplicatesType UniqueIdentical --readFilesCommand gunzip -c --readFilesIn Sample_70161/Sample_70161.R1.fq.gz Sample_70161/Sample_70161.R2.fq.gz         --outFileNamePrefix Sample_70161/Sample_70161 ; exitstat=$?; echo END at $(date); echo exit status was $exitstat; exit $exitstat' died with <Signals.SIGINT: 2>.
  File "/home/manninm/pyflow-RNAseq/Snakefile", line 80, in __rule_STAR_fq
  File "/usr/lib64/python3.6/concurrent/futures/thread.py", line 56, in run
Removing output files of failed job STAR_fq since they might be corrupted:
Sample_70161/Sample_70161Aligned.sortedByCoord.out.bam
Complete log: /home/manninm/pyflow-RNAseq/.snakemake/log/2019-08-07T123457.695301.snakemake.log
