Sequence file extensions have fastq
Building DAG of jobs...
Using shell: /bin/bash
Provided cores: 22
Rules claiming more threads will be scaled down.
Job counts:
	count	jobs
	1	BallGownGeneBoxPlot
	1	BallGownGeneCluster
	1	BallGownGenePca
	1	BallGownTxBoxPlot
	1	BallGownTxCluster
	1	BallGownTxPca
	1	Ball_Gown
	1	HtSeqBoxPlot
	1	HtSeqCluster
	1	HtSeqPca
	2	HtSeq_Count
	1	HtSeq_Matrix
	2	HtSeq_Move
	1	MultiQc
	1	PNGRename
	2	Picard
	1	PicardGather
	2	STAR_fq
	1	StarCollect
	2	String_Tie
	1	all
	2	fastqScreen
	2	fastqc
	30

[Tue Aug 27 08:28:18 2019]
rule fastqc:
    input: Sample_70161/Sample_70161.R1.fq.gz, Sample_70161/Sample_70161.R2.fq.gz
    output: Sample_70161/Sample_70161.R1_fastqc/Images/duplication_levels.png, Sample_70161/Sample_70161.R1_fastqc/Images/per_sequence_gc_content.png, Sample_70161/Sample_70161.R1_fastqc/Images/sequence_length_distribution.png, Sample_70161/Sample_70161.R1_fastqc/Images/per_base_n_content.png, Sample_70161/Sample_70161.R1_fastqc/Images/per_tile_quality.png, Sample_70161/Sample_70161.R1_fastqc/Images/kmer_profiles.png, Sample_70161/Sample_70161.R1_fastqc/Images/per_base_quality.png, Sample_70161/Sample_70161.R1_fastqc/Images/per_base_sequence_content.png, Sample_70161/Sample_70161.R1_fastqc/Images/adapter_content.png, Sample_70161/Sample_70161.R1_fastqc/Images/per_sequence_quality.png, Sample_70161/Sample_70161.R2_fastqc/Images/duplication_levels.png, Sample_70161/Sample_70161.R2_fastqc/Images/per_sequence_gc_content.png, Sample_70161/Sample_70161.R2_fastqc/Images/sequence_length_distribution.png, Sample_70161/Sample_70161.R2_fastqc/Images/per_base_n_content.png, Sample_70161/Sample_70161.R2_fastqc/Images/per_tile_quality.png, Sample_70161/Sample_70161.R2_fastqc/Images/kmer_profiles.png, Sample_70161/Sample_70161.R2_fastqc/Images/per_base_quality.png, Sample_70161/Sample_70161.R2_fastqc/Images/per_base_sequence_content.png, Sample_70161/Sample_70161.R2_fastqc/Images/adapter_content.png, Sample_70161/Sample_70161.R2_fastqc/Images/per_sequence_quality.png, Sample_70161/Sample_70161.R1_fastqc/summary.txt, Sample_70161/Sample_70161.R2_fastqc/summary.txt
    jobid: 23
    wildcards: sample=Sample_70161
    threads: 2


[Tue Aug 27 08:28:18 2019]
rule fastqc:
    input: Sample_70160/Sample_70160.R1.fq.gz, Sample_70160/Sample_70160.R2.fq.gz
    output: Sample_70160/Sample_70160.R1_fastqc/Images/duplication_levels.png, Sample_70160/Sample_70160.R1_fastqc/Images/per_sequence_gc_content.png, Sample_70160/Sample_70160.R1_fastqc/Images/sequence_length_distribution.png, Sample_70160/Sample_70160.R1_fastqc/Images/per_base_n_content.png, Sample_70160/Sample_70160.R1_fastqc/Images/per_tile_quality.png, Sample_70160/Sample_70160.R1_fastqc/Images/kmer_profiles.png, Sample_70160/Sample_70160.R1_fastqc/Images/per_base_quality.png, Sample_70160/Sample_70160.R1_fastqc/Images/per_base_sequence_content.png, Sample_70160/Sample_70160.R1_fastqc/Images/adapter_content.png, Sample_70160/Sample_70160.R1_fastqc/Images/per_sequence_quality.png, Sample_70160/Sample_70160.R2_fastqc/Images/duplication_levels.png, Sample_70160/Sample_70160.R2_fastqc/Images/per_sequence_gc_content.png, Sample_70160/Sample_70160.R2_fastqc/Images/sequence_length_distribution.png, Sample_70160/Sample_70160.R2_fastqc/Images/per_base_n_content.png, Sample_70160/Sample_70160.R2_fastqc/Images/per_tile_quality.png, Sample_70160/Sample_70160.R2_fastqc/Images/kmer_profiles.png, Sample_70160/Sample_70160.R2_fastqc/Images/per_base_quality.png, Sample_70160/Sample_70160.R2_fastqc/Images/per_base_sequence_content.png, Sample_70160/Sample_70160.R2_fastqc/Images/adapter_content.png, Sample_70160/Sample_70160.R2_fastqc/Images/per_sequence_quality.png, Sample_70160/Sample_70160.R1_fastqc/summary.txt, Sample_70160/Sample_70160.R2_fastqc/summary.txt
    jobid: 22
    wildcards: sample=Sample_70160
    threads: 2


[Tue Aug 27 08:28:18 2019]
rule fastqScreen:
    input: Sample_70161/Sample_70161.R1.fq.gz, Sample_70161/Sample_70161.R2.fq.gz
    output: Sample_70161/Sample_70161.fq.gz, Sample_70161/Sample_70161_screen.png
    jobid: 25
    wildcards: sample=Sample_70161
    priority: 3
    threads: 4


[Tue Aug 27 08:28:18 2019]
rule fastqScreen:
    input: Sample_70160/Sample_70160.R1.fq.gz, Sample_70160/Sample_70160.R2.fq.gz
    output: Sample_70160/Sample_70160.fq.gz, Sample_70160/Sample_70160_screen.png
    jobid: 24
    wildcards: sample=Sample_70160
    priority: 3
    threads: 4

[Tue Aug 27 08:29:12 2019]
Finished job 23.
1 of 30 steps (3%) done
[Tue Aug 27 08:29:15 2019]
Finished job 22.
2 of 30 steps (7%) done
[Tue Aug 27 08:38:19 2019]
Finished job 25.
3 of 30 steps (10%) done
[Tue Aug 27 08:38:19 2019]
Finished job 24.
4 of 30 steps (13%) done

[Tue Aug 27 08:38:19 2019]
Job 2: aligning Sample_70161/Sample_70161.R1.fq.gz Sample_70161/Sample_70161.R2.fq.gz using STAR: 20 threads


[Tue Aug 27 08:38:19 2019]
rule PNGRename:
    input: Sample_70160/Sample_70160.R1_fastqc/Images/duplication_levels.png, Sample_70161/Sample_70161.R1_fastqc/Images/duplication_levels.png, Sample_70160/Sample_70160.R1_fastqc/Images/per_sequence_gc_content.png, Sample_70161/Sample_70161.R1_fastqc/Images/per_sequence_gc_content.png, Sample_70160/Sample_70160.R1_fastqc/Images/sequence_length_distribution.png, Sample_70161/Sample_70161.R1_fastqc/Images/sequence_length_distribution.png, Sample_70160/Sample_70160.R1_fastqc/Images/per_base_n_content.png, Sample_70161/Sample_70161.R1_fastqc/Images/per_base_n_content.png, Sample_70160/Sample_70160.R1_fastqc/Images/per_tile_quality.png, Sample_70161/Sample_70161.R1_fastqc/Images/per_tile_quality.png, Sample_70160/Sample_70160.R1_fastqc/Images/kmer_profiles.png, Sample_70161/Sample_70161.R1_fastqc/Images/kmer_profiles.png, Sample_70160/Sample_70160.R1_fastqc/Images/per_base_quality.png, Sample_70161/Sample_70161.R1_fastqc/Images/per_base_quality.png, Sample_70160/Sample_70160.R1_fastqc/Images/per_base_sequence_content.png, Sample_70161/Sample_70161.R1_fastqc/Images/per_base_sequence_content.png, Sample_70160/Sample_70160.R1_fastqc/Images/adapter_content.png, Sample_70161/Sample_70161.R1_fastqc/Images/adapter_content.png, Sample_70160/Sample_70160.R1_fastqc/Images/per_sequence_quality.png, Sample_70161/Sample_70161.R1_fastqc/Images/per_sequence_quality.png, Sample_70160/Sample_70160.R2_fastqc/Images/duplication_levels.png, Sample_70161/Sample_70161.R2_fastqc/Images/duplication_levels.png, Sample_70160/Sample_70160.R2_fastqc/Images/per_sequence_gc_content.png, Sample_70161/Sample_70161.R2_fastqc/Images/per_sequence_gc_content.png, Sample_70160/Sample_70160.R2_fastqc/Images/sequence_length_distribution.png, Sample_70161/Sample_70161.R2_fastqc/Images/sequence_length_distribution.png, Sample_70160/Sample_70160.R2_fastqc/Images/per_base_n_content.png, Sample_70161/Sample_70161.R2_fastqc/Images/per_base_n_content.png, Sample_70160/Sample_70160.R2_fastqc/Images/per_tile_quality.png, Sample_70161/Sample_70161.R2_fastqc/Images/per_tile_quality.png, Sample_70160/Sample_70160.R2_fastqc/Images/kmer_profiles.png, Sample_70161/Sample_70161.R2_fastqc/Images/kmer_profiles.png, Sample_70160/Sample_70160.R2_fastqc/Images/per_base_quality.png, Sample_70161/Sample_70161.R2_fastqc/Images/per_base_quality.png, Sample_70160/Sample_70160.R2_fastqc/Images/per_base_sequence_content.png, Sample_70161/Sample_70161.R2_fastqc/Images/per_base_sequence_content.png, Sample_70160/Sample_70160.R2_fastqc/Images/adapter_content.png, Sample_70161/Sample_70161.R2_fastqc/Images/adapter_content.png, Sample_70160/Sample_70160.R2_fastqc/Images/per_sequence_quality.png, Sample_70161/Sample_70161.R2_fastqc/Images/per_sequence_quality.png, Sample_70160/Sample_70160_screen.png, Sample_70161/Sample_70161_screen.png
    output: QcImages/adapter_content_pngs.pdf, QcImages/duplication_levels_pngs.pdf, QcImages/kmer_profiles_pngs.pdf, QcImages/per_base_quality_pngs.pdf, QcImages/per_base_sequence_content_pngs.pdf, QcImages/per_sequence_gc_content_pngs.pdf, Screen/screen_pngs.pdf
    jobid: 17

[Tue Aug 27 08:38:50 2019]
Finished job 17.
5 of 30 steps (17%) done
[Tue Aug 27 08:46:07 2019]
Finished job 2.
6 of 30 steps (20%) done

[Tue Aug 27 08:46:07 2019]
Job 29: htseq-count Sample_70161/Sample_70161Aligned.sortedByCoord.out.bam : 1 threads


[Tue Aug 27 08:46:07 2019]
rule String_Tie:
    input: Sample_70161/Sample_70161Aligned.sortedByCoord.out.bam
    output: Sample_70161/Sample_70161_onlyKnown.gtf
    jobid: 4
    wildcards: sample=Sample_70161


[Tue Aug 27 08:46:07 2019]
rule Picard:
    input: Sample_70161/Sample_70161Aligned.sortedByCoord.out.bam
    output: Sample_70161/Sample_70161picardresults.txt
    jobid: 6
    wildcards: sample=Sample_70161

[Tue Aug 27 08:46:20 2019]
Error in rule Picard:
    jobid: 6
    output: Sample_70161/Sample_70161picardresults.txt

RuleException:
CalledProcessError in line 7 of /home/manninm/pyflow-RNAseq/rules/Picard.smk:
Command 'set -eo pipefail; echo BEGIN at $(date);  java -jar /opt/programs/picardtools/2.9/picard.jar CollectRnaSeqMetrics REF_FLAT=/opt/programs/picardtools/refFlat.txt STRAND_SPECIFICITY=FIRST_READ_TRANSCRIPTION_STRAND CHART_OUTPUT=./Reports/coverage.pdf INPUT=Sample_70161/Sample_70161Aligned.sortedByCoord.out.bam OUTPUT=Sample_70161/Sample_70161picardresults.txt ; exitstat=$?; echo END at $(date); echo exit status was $exitstat; exit $exitstat' returned non-zero exit status 1.
  File "/home/manninm/pyflow-RNAseq/rules/Picard.smk", line 7, in __rule_Picard
  File "/usr/lib64/python3.6/concurrent/futures/thread.py", line 56, in run
[Tue Aug 27 08:47:19 2019]
Finished job 4.
7 of 30 steps (23%) done
[Tue Aug 27 09:01:19 2019]
Finished job 29.
8 of 30 steps (27%) done
Shutting down, this might take some time.
Exiting because a job execution failed. Look above for error message
Complete log: /home/manninm/pyflow-RNAseq/.snakemake/log/2019-08-27T082817.942549.snakemake.log
