Building DAG of jobs...
Using shell: /bin/bash
Provided cores: 22
Rules claiming more threads will be scaled down.
Job counts:
	count	jobs
	3	HTSeq_fq
	3	STAR_fq
	1	all
	7

[Wed Aug  7 11:13:20 2019]
Job 2: aligning Sample_70161/Sample_70161.R1.fq.gz Sample_70161/Sample_70161.R2.fq.gz /home/deepSeq/STAR_index_HS_38.86_small/ using STAR: 8 threads


[Wed Aug  7 11:13:20 2019]
Job 3: aligning Sample_70162/Sample_70162.R1.fq.gz Sample_70162/Sample_70162.R2.fq.gz /home/deepSeq/STAR_index_HS_38.86_small/ using STAR: 8 threads

Terminating processes on user request, this might take some time.
[Wed Aug  7 11:14:30 2019]
[Wed Aug  7 11:14:30 2019]
Error in rule STAR_fq:
Error in rule STAR_fq:
    jobid: 3
    jobid: 2
    output: Sample_70162/Sample_70162Aligned.sortedByCoord.out.bam
    output: Sample_70161/Sample_70161Aligned.sortedByCoord.out.bam


RuleException:
CalledProcessError in line 79 of /home/manninm/pyflow-RNAseq/Snakefile:
Command 'set -eo pipefail; echo BEGIN at $(date);  STAR --twopassMode Basic --runThreadN 8         --genomeDir /home/deepSeq/STAR_index_HS_38.86_small/ --outSAMtype BAM SortedByCoordinate         --outBAMcompression 10 --outSAMstrandField intronMotif         --outBAMsortingThreadN 9         --bamRemoveDuplicatesType UniqueIdentical --readFilesCommand gunzip -c --readFilesIn Sample_70162/Sample_70162.R1.fq.gz Sample_70162/Sample_70162.R2.fq.gz         --outFileNamePrefix `echo Sample_70162/Sample_70162` ; exitstat=$?; echo END at $(date); echo exit status was $exitstat; exit $exitstat' died with <Signals.SIGINT: 2>.
  File "/home/manninm/pyflow-RNAseq/Snakefile", line 79, in __rule_STAR_fq
  File "/usr/lib64/python3.6/concurrent/futures/thread.py", line 56, in run
RuleException:
CalledProcessError in line 79 of /home/manninm/pyflow-RNAseq/Snakefile:
Command 'set -eo pipefail; echo BEGIN at $(date);  STAR --twopassMode Basic --runThreadN 8         --genomeDir /home/deepSeq/STAR_index_HS_38.86_small/ --outSAMtype BAM SortedByCoordinate         --outBAMcompression 10 --outSAMstrandField intronMotif         --outBAMsortingThreadN 9         --bamRemoveDuplicatesType UniqueIdentical --readFilesCommand gunzip -c --readFilesIn Sample_70161/Sample_70161.R1.fq.gz Sample_70161/Sample_70161.R2.fq.gz         --outFileNamePrefix `echo Sample_70161/Sample_70161` ; exitstat=$?; echo END at $(date); echo exit status was $exitstat; exit $exitstat' died with <Signals.SIGINT: 2>.
  File "/home/manninm/pyflow-RNAseq/Snakefile", line 79, in __rule_STAR_fq
  File "/usr/lib64/python3.6/concurrent/futures/thread.py", line 56, in run
Removing output files of failed job STAR_fq since they might be corrupted:
Sample_70162/Sample_70162Aligned.sortedByCoord.out.bam
Removing output files of failed job STAR_fq since they might be corrupted:
Sample_70161/Sample_70161Aligned.sortedByCoord.out.bam
Complete log: /home/manninm/pyflow-RNAseq/.snakemake/log/2019-08-07T111320.243343.snakemake.log
