File extensions are good
Building DAG of jobs...
Using shell: /bin/bash
Provided cores: 22
Rules claiming more threads will be scaled down.
Job counts:
	count	jobs
	1	BallGownGeneBoxPlot
	1	BallGownGeneCluster
	1	BallGownGenePca
	1	BallGownTxBoxPlot
	1	BallGownTxCluster
	1	BallGownTxPca
	1	HtSeqBoxPlot
	1	HtSeqCluster
	1	HtSeqPca
	1	all
	10

[Mon Aug 26 15:39:41 2019]
rule BallGownGenePca:
    input: BallGown/filt_gene_expression_table.txt
    output: Plots/PCA1v2&2v3&3v4filt_gene_expression_table
    jobid: 11


[Mon Aug 26 15:39:41 2019]
rule BallGownTxCluster:
    input: BallGown/transcript_fpkm.txt
    output: Plots/transcript_fpkmWard.D2.25, Plots/transcript_fpkmWard.D.25
    jobid: 15
    wildcards: GeneBootStraps=25


[Mon Aug 26 15:39:41 2019]
rule HtSeqCluster:
    input: HtSeqCounts/CountsGt0_voom_filtered.txt
    output: Plots/Gt0_voom_filteredWard.D.25, Plots/Gt0_voom_filteredWard.D2.25
    jobid: 9
    wildcards: GeneBootStraps=25


[Mon Aug 26 15:39:41 2019]
rule BallGownTxPca:
    input: BallGown/transcript_fpkm.txt
    output: Plots/PCA1v2&2v3&3v4transcript_fpkm
    jobid: 14


[Mon Aug 26 15:39:41 2019]
rule BallGownTxBoxPlot:
    input: BallGown/transcript_fpkm.txt
    output: Plots/BoxPlottranscript_fpkm.png
    jobid: 13


[Mon Aug 26 15:39:41 2019]
rule HtSeqBoxPlot:
    input: HtSeqCounts/CountsGt0_voom.txt
    output: Plots/BoxPlotHtSeqVoomGt0.png
    jobid: 7


[Mon Aug 26 15:39:41 2019]
rule BallGownGeneBoxPlot:
    input: BallGown/filt_gene_expression_table.txt
    output: Plots/BoxPlotfilt_gene_expression_table.png
    jobid: 10


[Mon Aug 26 15:39:41 2019]
rule BallGownGeneCluster:
    input: BallGown/filt_gene_expression_table.txt
    output: Plots/filt_gene_expression_tableWard.D.25, Plots/filt_gene_expression_tableWard.D2.25
    jobid: 12
    wildcards: GeneBootStraps=25


[Mon Aug 26 15:39:41 2019]
rule HtSeqPca:
    input: HtSeqCounts/CountsGt0_voom_filtered.txt
    output: Plots/PCA1v2&2v3&3v4CountsGt0_voom_filtered
    jobid: 8

[Mon Aug 26 15:39:41 2019]
Error in rule BallGownGenePca:
    jobid: 11
    output: Plots/PCA1v2&2v3&3v4filt_gene_expression_table

[Mon Aug 26 15:39:41 2019]
Error in rule BallGownTxBoxPlot:
    jobid: 13
    output: Plots/BoxPlottranscript_fpkm.png

RuleException:
CalledProcessError in line 16 of /home/manninm/pyflow-RNAseq/rules/BallGownGenePlots.smk:
Command 'set -eo pipefail; echo BEGIN at $(date);  cd BallGown/; Rscript ../scripts/GenePca.R filt_gene_expression_table ; exitstat=$?; echo END at $(date); echo exit status was $exitstat; exit $exitstat' returned non-zero exit status 1.
  File "/home/manninm/pyflow-RNAseq/rules/BallGownGenePlots.smk", line 16, in __rule_BallGownGenePca
  File "/usr/lib64/python3.6/concurrent/futures/thread.py", line 56, in run
RuleException:
CalledProcessError in line 7 of /home/manninm/pyflow-RNAseq/rules/BallGownTx.smk:
Command 'set -eo pipefail; echo BEGIN at $(date);  cd BallGown/; Rscript ../scripts/TxBoxPlot.R transcript_fpkm.txt ; exitstat=$?; echo END at $(date); echo exit status was $exitstat; exit $exitstat' returned non-zero exit status 1.
  File "/home/manninm/pyflow-RNAseq/rules/BallGownTx.smk", line 7, in __rule_BallGownTxBoxPlot
  File "/usr/lib64/python3.6/concurrent/futures/thread.py", line 56, in run
[Mon Aug 26 15:39:41 2019]
Error in rule HtSeqBoxPlot:
    jobid: 7
    output: Plots/BoxPlotHtSeqVoomGt0.png

RuleException:
CalledProcessError in line 7 of /home/manninm/pyflow-RNAseq/rules/HtSeqPlots.smk:
Command 'set -eo pipefail; echo BEGIN at $(date);  cd HtSeqCounts/; Rscript ../scripts/GeneBoxPlot.R CountsGt0_voom.txt ; exitstat=$?; echo END at $(date); echo exit status was $exitstat; exit $exitstat' returned non-zero exit status 1.
  File "/home/manninm/pyflow-RNAseq/rules/HtSeqPlots.smk", line 7, in __rule_HtSeqBoxPlot
  File "/usr/lib64/python3.6/concurrent/futures/thread.py", line 56, in run
[Mon Aug 26 15:39:41 2019]
Error in rule BallGownGeneBoxPlot:
    jobid: 10
    output: Plots/BoxPlotfilt_gene_expression_table.png

RuleException:
CalledProcessError in line 7 of /home/manninm/pyflow-RNAseq/rules/BallGownGenePlots.smk:
Command 'set -eo pipefail; echo BEGIN at $(date);  cd BallGown/; Rscript ../scripts/GeneBoxPlot.R filt_gene_expression_table.txt ; exitstat=$?; echo END at $(date); echo exit status was $exitstat; exit $exitstat' returned non-zero exit status 1.
  File "/home/manninm/pyflow-RNAseq/rules/BallGownGenePlots.smk", line 7, in __rule_BallGownGeneBoxPlot
  File "/usr/lib64/python3.6/concurrent/futures/thread.py", line 56, in run
[Mon Aug 26 15:39:41 2019]
Error in rule BallGownTxCluster:
    jobid: 15
    output: Plots/transcript_fpkmWard.D2.25, Plots/transcript_fpkmWard.D.25

RuleException:
CalledProcessError in line 27 of /home/manninm/pyflow-RNAseq/rules/BallGownTx.smk:
Command 'set -eo pipefail; echo BEGIN at $(date);  cd BallGown/; Rscript ../scripts/TxCluster.R transcript_fpkm.txt 25 22 ; exitstat=$?; echo END at $(date); echo exit status was $exitstat; exit $exitstat' returned non-zero exit status 1.
  File "/home/manninm/pyflow-RNAseq/rules/BallGownTx.smk", line 27, in __rule_BallGownTxCluster
  File "/usr/lib64/python3.6/concurrent/futures/thread.py", line 56, in run
[Mon Aug 26 15:39:41 2019]
Error in rule BallGownTxPca:
    jobid: 14
    output: Plots/PCA1v2&2v3&3v4transcript_fpkm

[Mon Aug 26 15:39:41 2019]
Error in rule BallGownGeneCluster:
    jobid: 12
    output: Plots/filt_gene_expression_tableWard.D.25, Plots/filt_gene_expression_tableWard.D2.25

RuleException:
CalledProcessError in line 16 of /home/manninm/pyflow-RNAseq/rules/BallGownTx.smk:
Command 'set -eo pipefail; echo BEGIN at $(date);  cd BallGown/; Rscript ../scripts/TxPca.R transcript_fpkm.txt ; exitstat=$?; echo END at $(date); echo exit status was $exitstat; exit $exitstat' returned non-zero exit status 1.
  File "/home/manninm/pyflow-RNAseq/rules/BallGownTx.smk", line 16, in __rule_BallGownTxPca
  File "/usr/lib64/python3.6/concurrent/futures/thread.py", line 56, in run
RuleException:
CalledProcessError in line 27 of /home/manninm/pyflow-RNAseq/rules/BallGownGenePlots.smk:
Command 'set -eo pipefail; echo BEGIN at $(date);  cd BallGown/; Rscript ../scripts/GeneCluster.R filt_gene_expression_table.txt 25 22 ; exitstat=$?; echo END at $(date); echo exit status was $exitstat; exit $exitstat' returned non-zero exit status 1.
  File "/home/manninm/pyflow-RNAseq/rules/BallGownGenePlots.smk", line 27, in __rule_BallGownGeneCluster
  File "/usr/lib64/python3.6/concurrent/futures/thread.py", line 56, in run
[Mon Aug 26 15:39:41 2019]
Error in rule HtSeqCluster:
    jobid: 9
    output: Plots/Gt0_voom_filteredWard.D.25, Plots/Gt0_voom_filteredWard.D2.25

RuleException:
CalledProcessError in line 27 of /home/manninm/pyflow-RNAseq/rules/HtSeqPlots.smk:
Command 'set -eo pipefail; echo BEGIN at $(date);  cd HtSeqCounts/; Rscript ../scripts/GeneCluster.R CountsGt0_voom_filtered.txt 25 22 ; exitstat=$?; echo END at $(date); echo exit status was $exitstat; exit $exitstat' returned non-zero exit status 1.
  File "/home/manninm/pyflow-RNAseq/rules/HtSeqPlots.smk", line 27, in __rule_HtSeqCluster
  File "/usr/lib64/python3.6/concurrent/futures/thread.py", line 56, in run
[Mon Aug 26 15:39:41 2019]
Error in rule HtSeqPca:
    jobid: 8
    output: Plots/PCA1v2&2v3&3v4CountsGt0_voom_filtered

RuleException:
CalledProcessError in line 16 of /home/manninm/pyflow-RNAseq/rules/HtSeqPlots.smk:
Command 'set -eo pipefail; echo BEGIN at $(date);  cd HtSeqCounts/; Rscript ../scripts/GenePca.R CountsGt0_voom_filtered.txt ; exitstat=$?; echo END at $(date); echo exit status was $exitstat; exit $exitstat' returned non-zero exit status 1.
  File "/home/manninm/pyflow-RNAseq/rules/HtSeqPlots.smk", line 16, in __rule_HtSeqPca
  File "/usr/lib64/python3.6/concurrent/futures/thread.py", line 56, in run
Shutting down, this might take some time.
Exiting because a job execution failed. Look above for error message
Complete log: /home/manninm/pyflow-RNAseq/.snakemake/log/2019-08-26T153941.177684.snakemake.log
