Sequence file extensions have fastq
Building DAG of jobs...
Using shell: /bin/bash
Provided cores: 22
Rules claiming more threads will be scaled down.
Job counts:
	count	jobs
	1	Ball_Gown
	2	HtSeq_Count
	1	HtSeq_Matrix
	2	HtSeq_Move
	1	MultiQc
	1	PNGRename
	2	Picard
	1	PicardGather
	2	STAR_fq
	1	StarCollect
	2	String_Tie
	1	all
	2	fastqScreen
	2	fastqc
	21

[Mon Aug 26 14:53:29 2019]
rule fastqScreen:
    input: Sample_70161/Sample_70161.R1.fq.gz, Sample_70161/Sample_70161.R2.fq.gz
    output: Sample_70161/Sample_70161.fq.gz, Sample_70161/Sample_70161_screen.png
    jobid: 16
    wildcards: sample=Sample_70161
    priority: 3
    threads: 4


[Mon Aug 26 14:53:29 2019]
rule fastqScreen:
    input: Sample_70160/Sample_70160.R1.fq.gz, Sample_70160/Sample_70160.R2.fq.gz
    output: Sample_70160/Sample_70160.fq.gz, Sample_70160/Sample_70160_screen.png
    jobid: 15
    wildcards: sample=Sample_70160
    priority: 3
    threads: 4


[Mon Aug 26 14:53:29 2019]
rule fastqc:
    input: Sample_70160/Sample_70160.R1.fq.gz, Sample_70160/Sample_70160.R2.fq.gz
    output: Sample_70160/Sample_70160.R1_fastqc/Images/duplication_levels.png, Sample_70160/Sample_70160.R1_fastqc/Images/per_sequence_gc_content.png, Sample_70160/Sample_70160.R1_fastqc/Images/sequence_length_distribution.png, Sample_70160/Sample_70160.R1_fastqc/Images/per_base_n_content.png, Sample_70160/Sample_70160.R1_fastqc/Images/per_tile_quality.png, Sample_70160/Sample_70160.R1_fastqc/Images/kmer_profiles.png, Sample_70160/Sample_70160.R1_fastqc/Images/per_base_quality.png, Sample_70160/Sample_70160.R1_fastqc/Images/per_base_sequence_content.png, Sample_70160/Sample_70160.R1_fastqc/Images/adapter_content.png, Sample_70160/Sample_70160.R1_fastqc/Images/per_sequence_quality.png, Sample_70160/Sample_70160.R2_fastqc/Images/duplication_levels.png, Sample_70160/Sample_70160.R2_fastqc/Images/per_sequence_gc_content.png, Sample_70160/Sample_70160.R2_fastqc/Images/sequence_length_distribution.png, Sample_70160/Sample_70160.R2_fastqc/Images/per_base_n_content.png, Sample_70160/Sample_70160.R2_fastqc/Images/per_tile_quality.png, Sample_70160/Sample_70160.R2_fastqc/Images/kmer_profiles.png, Sample_70160/Sample_70160.R2_fastqc/Images/per_base_quality.png, Sample_70160/Sample_70160.R2_fastqc/Images/per_base_sequence_content.png, Sample_70160/Sample_70160.R2_fastqc/Images/adapter_content.png, Sample_70160/Sample_70160.R2_fastqc/Images/per_sequence_quality.png, Sample_70160/Sample_70160.R1_fastqc/summary.txt, Sample_70160/Sample_70160.R2_fastqc/summary.txt
    jobid: 13
    wildcards: sample=Sample_70160
    threads: 2


[Mon Aug 26 14:53:29 2019]
rule fastqc:
    input: Sample_70161/Sample_70161.R1.fq.gz, Sample_70161/Sample_70161.R2.fq.gz
    output: Sample_70161/Sample_70161.R1_fastqc/Images/duplication_levels.png, Sample_70161/Sample_70161.R1_fastqc/Images/per_sequence_gc_content.png, Sample_70161/Sample_70161.R1_fastqc/Images/sequence_length_distribution.png, Sample_70161/Sample_70161.R1_fastqc/Images/per_base_n_content.png, Sample_70161/Sample_70161.R1_fastqc/Images/per_tile_quality.png, Sample_70161/Sample_70161.R1_fastqc/Images/kmer_profiles.png, Sample_70161/Sample_70161.R1_fastqc/Images/per_base_quality.png, Sample_70161/Sample_70161.R1_fastqc/Images/per_base_sequence_content.png, Sample_70161/Sample_70161.R1_fastqc/Images/adapter_content.png, Sample_70161/Sample_70161.R1_fastqc/Images/per_sequence_quality.png, Sample_70161/Sample_70161.R2_fastqc/Images/duplication_levels.png, Sample_70161/Sample_70161.R2_fastqc/Images/per_sequence_gc_content.png, Sample_70161/Sample_70161.R2_fastqc/Images/sequence_length_distribution.png, Sample_70161/Sample_70161.R2_fastqc/Images/per_base_n_content.png, Sample_70161/Sample_70161.R2_fastqc/Images/per_tile_quality.png, Sample_70161/Sample_70161.R2_fastqc/Images/kmer_profiles.png, Sample_70161/Sample_70161.R2_fastqc/Images/per_base_quality.png, Sample_70161/Sample_70161.R2_fastqc/Images/per_base_sequence_content.png, Sample_70161/Sample_70161.R2_fastqc/Images/adapter_content.png, Sample_70161/Sample_70161.R2_fastqc/Images/per_sequence_quality.png, Sample_70161/Sample_70161.R1_fastqc/summary.txt, Sample_70161/Sample_70161.R2_fastqc/summary.txt
    jobid: 14
    wildcards: sample=Sample_70161
    threads: 2

[Mon Aug 26 14:54:16 2019]
Finished job 13.
1 of 21 steps (5%) done
[Mon Aug 26 14:54:18 2019]
Finished job 14.
2 of 21 steps (10%) done
[Mon Aug 26 15:01:54 2019]
Finished job 15.
3 of 21 steps (14%) done
[Mon Aug 26 15:01:54 2019]
Finished job 16.
4 of 21 steps (19%) done

[Mon Aug 26 15:01:54 2019]
rule PNGRename:
    input: Sample_70160/Sample_70160.R1_fastqc/Images/duplication_levels.png, Sample_70161/Sample_70161.R1_fastqc/Images/duplication_levels.png, Sample_70160/Sample_70160.R1_fastqc/Images/per_sequence_gc_content.png, Sample_70161/Sample_70161.R1_fastqc/Images/per_sequence_gc_content.png, Sample_70160/Sample_70160.R1_fastqc/Images/sequence_length_distribution.png, Sample_70161/Sample_70161.R1_fastqc/Images/sequence_length_distribution.png, Sample_70160/Sample_70160.R1_fastqc/Images/per_base_n_content.png, Sample_70161/Sample_70161.R1_fastqc/Images/per_base_n_content.png, Sample_70160/Sample_70160.R1_fastqc/Images/per_tile_quality.png, Sample_70161/Sample_70161.R1_fastqc/Images/per_tile_quality.png, Sample_70160/Sample_70160.R1_fastqc/Images/kmer_profiles.png, Sample_70161/Sample_70161.R1_fastqc/Images/kmer_profiles.png, Sample_70160/Sample_70160.R1_fastqc/Images/per_base_quality.png, Sample_70161/Sample_70161.R1_fastqc/Images/per_base_quality.png, Sample_70160/Sample_70160.R1_fastqc/Images/per_base_sequence_content.png, Sample_70161/Sample_70161.R1_fastqc/Images/per_base_sequence_content.png, Sample_70160/Sample_70160.R1_fastqc/Images/adapter_content.png, Sample_70161/Sample_70161.R1_fastqc/Images/adapter_content.png, Sample_70160/Sample_70160.R1_fastqc/Images/per_sequence_quality.png, Sample_70161/Sample_70161.R1_fastqc/Images/per_sequence_quality.png, Sample_70160/Sample_70160.R2_fastqc/Images/duplication_levels.png, Sample_70161/Sample_70161.R2_fastqc/Images/duplication_levels.png, Sample_70160/Sample_70160.R2_fastqc/Images/per_sequence_gc_content.png, Sample_70161/Sample_70161.R2_fastqc/Images/per_sequence_gc_content.png, Sample_70160/Sample_70160.R2_fastqc/Images/sequence_length_distribution.png, Sample_70161/Sample_70161.R2_fastqc/Images/sequence_length_distribution.png, Sample_70160/Sample_70160.R2_fastqc/Images/per_base_n_content.png, Sample_70161/Sample_70161.R2_fastqc/Images/per_base_n_content.png, Sample_70160/Sample_70160.R2_fastqc/Images/per_tile_quality.png, Sample_70161/Sample_70161.R2_fastqc/Images/per_tile_quality.png, Sample_70160/Sample_70160.R2_fastqc/Images/kmer_profiles.png, Sample_70161/Sample_70161.R2_fastqc/Images/kmer_profiles.png, Sample_70160/Sample_70160.R2_fastqc/Images/per_base_quality.png, Sample_70161/Sample_70161.R2_fastqc/Images/per_base_quality.png, Sample_70160/Sample_70160.R2_fastqc/Images/per_base_sequence_content.png, Sample_70161/Sample_70161.R2_fastqc/Images/per_base_sequence_content.png, Sample_70160/Sample_70160.R2_fastqc/Images/adapter_content.png, Sample_70161/Sample_70161.R2_fastqc/Images/adapter_content.png, Sample_70160/Sample_70160.R2_fastqc/Images/per_sequence_quality.png, Sample_70161/Sample_70161.R2_fastqc/Images/per_sequence_quality.png, Sample_70160/Sample_70160_screen.png, Sample_70161/Sample_70161_screen.png
    output: QcImages/adapter_content_pngs.pdf, QcImages/duplication_levels_pngs.pdf, QcImages/kmer_profiles_pngs.pdf, QcImages/per_base_quality_pngs.pdf, QcImages/per_base_sequence_content_pngs.pdf, QcImages/per_sequence_gc_content_pngs.pdf, Screen/screen_pngs.pdf
    jobid: 8

[Mon Aug 26 15:01:54 2019]
Job 2: aligning Sample_70161/Sample_70161.R1.fq.gz Sample_70161/Sample_70161.R2.fq.gz using STAR: 20 threads

[Mon Aug 26 15:02:19 2019]
Finished job 8.
5 of 21 steps (24%) done
[Mon Aug 26 15:09:40 2019]
Finished job 2.
6 of 21 steps (29%) done

[Mon Aug 26 15:09:40 2019]
rule Picard:
    input: Sample_70161/Sample_70161Aligned.sortedByCoord.out.bam
    output: Sample_70161/Sample_70161picardresults.txt
    jobid: 6
    wildcards: sample=Sample_70161


[Mon Aug 26 15:09:40 2019]
rule String_Tie:
    input: Sample_70161/Sample_70161Aligned.sortedByCoord.out.bam
    output: Sample_70161/Sample_70161_onlyKnown.gtf
    jobid: 4
    wildcards: sample=Sample_70161


[Mon Aug 26 15:09:40 2019]
Job 20: htseq-count Sample_70161/Sample_70161Aligned.sortedByCoord.out.bam : 1 threads

[Mon Aug 26 15:10:55 2019]
Finished job 4.
7 of 21 steps (33%) done

[Mon Aug 26 15:10:55 2019]
Job 1: aligning Sample_70160/Sample_70160.R1.fq.gz Sample_70160/Sample_70160.R2.fq.gz using STAR: 20 threads

[Mon Aug 26 15:11:32 2019]
Finished job 6.
8 of 21 steps (38%) done
[Mon Aug 26 15:17:52 2019]
Finished job 1.
9 of 21 steps (43%) done

[Mon Aug 26 15:17:52 2019]
Job 19: htseq-count Sample_70160/Sample_70160Aligned.sortedByCoord.out.bam : 1 threads


[Mon Aug 26 15:17:52 2019]
rule StarCollect:
    input: Sample_70160/Sample_70160Log.final.out, Sample_70161/Sample_70161Log.final.out
    output: Reports/averageMappedLength.txt, Reports/input.txt, Reports/mappedPercent.txt, Reports/percentMultimappers.txt, Reports/unmappedTooShort.txt
    jobid: 7


[Mon Aug 26 15:17:52 2019]
rule String_Tie:
    input: Sample_70160/Sample_70160Aligned.sortedByCoord.out.bam
    output: Sample_70160/Sample_70160_onlyKnown.gtf
    jobid: 3
    wildcards: sample=Sample_70160


[Mon Aug 26 15:17:52 2019]
rule Picard:
    input: Sample_70160/Sample_70160Aligned.sortedByCoord.out.bam
    output: Sample_70160/Sample_70160picardresults.txt
    jobid: 5
    wildcards: sample=Sample_70160

[Mon Aug 26 15:17:53 2019]
Finished job 7.
10 of 21 steps (48%) done
[Mon Aug 26 15:18:58 2019]
Finished job 3.
11 of 21 steps (52%) done

[Mon Aug 26 15:18:58 2019]
rule Ball_Gown:
    input: Sample_70160/Sample_70160_onlyKnown.gtf, Sample_70161/Sample_70161_onlyKnown.gtf
    output: BallGown/gene_expression_table.txt, BallGown/transcript_fpkm.txt, BallGown/transcript_cov.txt, BallGown/whole_tx_table.txt, BallGown/filt_gene_expression_table.txt, BallGown/filt_transcript_fpkm.txt, BallGown/filt_transcript_cov.txt, BallGown/filt_whole_tx_table.txt
    jobid: 11

[Mon Aug 26 15:19:01 2019]
Finished job 5.
12 of 21 steps (57%) done

[Mon Aug 26 15:19:01 2019]
rule PicardGather:
    input: Sample_70160/Sample_70160picardresults.txt, Sample_70161/Sample_70161picardresults.txt
    output: Reports/picard_classifications.txt
    jobid: 9

[Mon Aug 26 15:19:02 2019]
Finished job 9.
13 of 21 steps (62%) done
[Mon Aug 26 15:21:15 2019]
Finished job 11.
14 of 21 steps (67%) done
[Mon Aug 26 15:25:49 2019]
Finished job 20.
15 of 21 steps (71%) done

[Mon Aug 26 15:25:49 2019]
rule HtSeq_Move:
    input: Sample_70161/Sample_70161_htseq.cnt
    output: HtSeqCounts/Sample_70161_htseq.cnt
    jobid: 18
    wildcards: sample=Sample_70161

[Mon Aug 26 15:25:49 2019]
Finished job 18.
16 of 21 steps (76%) done
[Mon Aug 26 15:31:10 2019]
Finished job 19.
17 of 21 steps (81%) done

[Mon Aug 26 15:31:10 2019]
rule HtSeq_Move:
    input: Sample_70160/Sample_70160_htseq.cnt
    output: HtSeqCounts/Sample_70160_htseq.cnt
    jobid: 17
    wildcards: sample=Sample_70160

Warning: the following output files of rule HtSeq_Move were not present when the DAG was created:
{'HtSeqCounts/Sample_70160_htseq.cnt'}

[Mon Aug 26 15:31:10 2019]
rule MultiQc:
    input: Sample_70160/Sample_70160picardresults.txt, Sample_70161/Sample_70161picardresults.txt, Sample_70160/Sample_70160Log.final.out, Sample_70161/Sample_70161Log.final.out, Sample_70160/Sample_70160Aligned.sortedByCoord.out.bam, Sample_70161/Sample_70161Aligned.sortedByCoord.out.bam, Sample_70160/Sample_70160.R1_fastqc/summary.txt, Sample_70161/Sample_70161.R1_fastqc/summary.txt, Sample_70160/Sample_70160.R2_fastqc/summary.txt, Sample_70161/Sample_70161.R2_fastqc/summary.txt, Sample_70160/Sample_70160_htseq.cnt, Sample_70161/Sample_70161_htseq.cnt
    output: multiqc_report.html
    jobid: 12

[Mon Aug 26 15:31:11 2019]
Finished job 17.
18 of 21 steps (86%) done

[Mon Aug 26 15:31:11 2019]
rule HtSeq_Matrix:
    input: HtSeqCounts/Sample_70160_htseq.cnt, HtSeqCounts/Sample_70161_htseq.cnt
    output: HtSeqCounts/allCounts.txt, HtSeqCounts/CountsGt0.txt, HtSeqCounts/CountsGt0_voom.txt, HtSeqCounts/CountsGt0_voom_filtered.txt
    jobid: 10

[Mon Aug 26 15:31:11 2019]
Error in rule HtSeq_Matrix:
    jobid: 10
    output: HtSeqCounts/allCounts.txt, HtSeqCounts/CountsGt0.txt, HtSeqCounts/CountsGt0_voom.txt, HtSeqCounts/CountsGt0_voom_filtered.txt

RuleException:
CalledProcessError in line 30 of /home/manninm/pyflow-RNAseq/rules/HtSeq.smk:
Command 'set -eo pipefail; echo BEGIN at $(date);  cd /HtSeqCounts/ Rscript ../scripts/HtSeqVoomMerge.R ; exitstat=$?; echo END at $(date); echo exit status was $exitstat; exit $exitstat' returned non-zero exit status 1.
  File "/home/manninm/pyflow-RNAseq/rules/HtSeq.smk", line 30, in __rule_HtSeq_Matrix
  File "/usr/lib64/python3.6/concurrent/futures/thread.py", line 56, in run
[Mon Aug 26 15:31:45 2019]
Finished job 12.
19 of 21 steps (90%) done
Shutting down, this might take some time.
Exiting because a job execution failed. Look above for error message
Complete log: /home/manninm/pyflow-RNAseq/.snakemake/log/2019-08-26T145328.527551.snakemake.log
