File extensions are good
Building DAG of jobs...
Using shell: /bin/bash
Provided cores: 22
Rules claiming more threads will be scaled down.
Job counts:
	count	jobs
	1	HtSeq_Matrix
	1	all
	2

[Mon Aug 26 15:34:11 2019]
rule HtSeq_Matrix:
    input: HtSeqCounts/Sample_70160_htseq.cnt, HtSeqCounts/Sample_70161_htseq.cnt
    output: HtSeqCounts/allCounts.txt, HtSeqCounts/CountsGt0.txt, HtSeqCounts/CountsGt0_voom.txt, HtSeqCounts/CountsGt0_voom_filtered.txt
    jobid: 10

[Mon Aug 26 15:34:14 2019]
Finished job 10.
1 of 2 steps (50%) done

[Mon Aug 26 15:34:14 2019]
localrule all:
    input: Sample_70160/Sample_70160Log.final.out, Sample_70161/Sample_70161Log.final.out, Sample_70160/Sample_70160Aligned.sortedByCoord.out.bam, Sample_70161/Sample_70161Aligned.sortedByCoord.out.bam, Sample_70160/Sample_70160_onlyKnown.gtf, Sample_70161/Sample_70161_onlyKnown.gtf, Sample_70160/Sample_70160picardresults.txt, Sample_70161/Sample_70161picardresults.txt, Reports/averageMappedLength.txt, Reports/input.txt, Reports/mappedPercent.txt, Reports/percentMultimappers.txt, Reports/unmappedTooShort.txt, QcImages/adapter_content_pngs.pdf, QcImages/duplication_levels_pngs.pdf, QcImages/kmer_profiles_pngs.pdf, QcImages/per_base_quality_pngs.pdf, QcImages/per_base_sequence_content_pngs.pdf, QcImages/per_sequence_gc_content_pngs.pdf, Screen/screen_pngs.pdf, Reports/picard_classifications.txt, HtSeqCounts/CountsGt0.txt, HtSeqCounts/allCounts.txt, HtSeqCounts/CountsGt0_voom.txt, HtSeqCounts/CountsGt0_voom_filtered.txt, BallGown/gene_expression_table.txt, BallGown/transcript_fpkm.txt, BallGown/transcript_cov.txt, BallGown/whole_tx_table.txt, BallGown/filt_gene_expression_table.txt, BallGown/filt_transcript_fpkm.txt, BallGown/filt_transcript_cov.txt, BallGown/filt_whole_tx_table.txt, multiqc_report.html
    jobid: 0

[Mon Aug 26 15:34:14 2019]
Finished job 0.
2 of 2 steps (100%) done
Complete log: /home/manninm/pyflow-RNAseq/.snakemake/log/2019-08-26T153411.270339.snakemake.log
