Building DAG of jobs...
Using shell: /bin/bash
Provided cores: 22
Rules claiming more threads will be scaled down.
Job counts:
	count	jobs
	3	HtSeq_Count
	1	HtSeq_Matrix
	3	HtSeq_Move
	1	all
	8

[Fri Aug  9 11:54:20 2019]
Job 21: htseq-count Sample_70161/Sample_70161Aligned.sortedByCoord.out.bam : 1 threads


[Fri Aug  9 11:54:20 2019]
Job 20: htseq-count Sample_70160/Sample_70160Aligned.sortedByCoord.out.bam : 1 threads


[Fri Aug  9 11:54:20 2019]
Job 22: htseq-count Sample_70162/Sample_70162Aligned.sortedByCoord.out.bam : 1 threads

[Fri Aug  9 12:07:43 2019]
Finished job 22.
1 of 8 steps (12%) done

[Fri Aug  9 12:07:43 2019]
localrule HtSeq_Move:
    input: Sample_70162/Sample_70162_htseq.cnt
    output: HtSeqCounts/Sample_70162_htseq.cnt
    jobid: 19
    wildcards: sample=Sample_70162

Waiting at most 5 seconds for missing files.
MissingOutputException in line 12 of /home/manninm/pyflow-RNAseq/rules/HtSeq.smk:
Missing files after 5 seconds:
HtSeqCounts/Sample_70162_htseq.cnt
This might be due to filesystem latency. If that is the case, consider to increase the wait time with --latency-wait.
[Fri Aug  9 12:08:04 2019]
Finished job 20.
2 of 8 steps (25%) done
[Fri Aug  9 12:09:24 2019]
Finished job 21.
3 of 8 steps (38%) done
Shutting down, this might take some time.
Exiting because a job execution failed. Look above for error message
Complete log: /home/manninm/pyflow-RNAseq/.snakemake/log/2019-08-09T115419.943150.snakemake.log
