Building DAG of jobs...
Using shell: /bin/bash
Provided cores: 22
Rules claiming more threads will be scaled down.
Job counts:
	count	jobs
	1	PNGRename
	9	STAR_fq
	1	StarCollect
	1	all
	9	fastqScreen
	9	fastqc
	30

[Thu Aug  8 14:56:44 2019]
rule fastqScreen:
    input: Sample_70166/Sample_70166.R1.fq.gz, Sample_70166/Sample_70166.R2.fq.gz
    output: Sample_70166/Sample_70166.fq.gz, Sample_70166/Sample_70166_screen.png
    jobid: 24
    wildcards: sample=Sample_70166
    priority: 3
    threads: 4


[Thu Aug  8 14:56:44 2019]
rule fastqScreen:
    input: Sample_70169/Sample_70169.R1.fq.gz, Sample_70169/Sample_70169.R2.fq.gz
    output: Sample_70169/Sample_70169.fq.gz, Sample_70169/Sample_70169_screen.png
    jobid: 27
    wildcards: sample=Sample_70169
    priority: 3
    threads: 4


[Thu Aug  8 14:56:44 2019]
rule fastqScreen:
    input: Sample_70161/Sample_70161.R1.fq.gz, Sample_70161/Sample_70161.R2.fq.gz
    output: Sample_70161/Sample_70161.fq.gz, Sample_70161/Sample_70161_screen.png
    jobid: 22
    wildcards: sample=Sample_70161
    priority: 3
    threads: 4


[Thu Aug  8 14:56:44 2019]
rule fastqScreen:
    input: Sample_70167/Sample_70167.R1.fq.gz, Sample_70167/Sample_70167.R2.fq.gz
    output: Sample_70167/Sample_70167.fq.gz, Sample_70167/Sample_70167_screen.png
    jobid: 25
    wildcards: sample=Sample_70167
    priority: 3
    threads: 4


[Thu Aug  8 14:56:44 2019]
rule fastqc:
    input: Sample_70166/Sample_70166.R1.fq.gz, Sample_70166/Sample_70166.R2.fq.gz
    output: Sample_70166/Sample_70166.R1_fastqc/Images/duplication_levels.png, Sample_70166/Sample_70166.R1_fastqc/Images/per_sequence_gc_content.png, Sample_70166/Sample_70166.R1_fastqc/Images/sequence_length_distribution.png, Sample_70166/Sample_70166.R1_fastqc/Images/per_base_n_content.png, Sample_70166/Sample_70166.R1_fastqc/Images/per_tile_quality.png, Sample_70166/Sample_70166.R1_fastqc/Images/kmer_profiles.png, Sample_70166/Sample_70166.R1_fastqc/Images/per_base_quality.png, Sample_70166/Sample_70166.R1_fastqc/Images/per_base_sequence_content.png, Sample_70166/Sample_70166.R1_fastqc/Images/adapter_content.png, Sample_70166/Sample_70166.R1_fastqc/Images/per_sequence_quality.png, Sample_70166/Sample_70166.R2_fastqc/Images/duplication_levels.png, Sample_70166/Sample_70166.R2_fastqc/Images/per_sequence_gc_content.png, Sample_70166/Sample_70166.R2_fastqc/Images/sequence_length_distribution.png, Sample_70166/Sample_70166.R2_fastqc/Images/per_base_n_content.png, Sample_70166/Sample_70166.R2_fastqc/Images/per_tile_quality.png, Sample_70166/Sample_70166.R2_fastqc/Images/kmer_profiles.png, Sample_70166/Sample_70166.R2_fastqc/Images/per_base_quality.png, Sample_70166/Sample_70166.R2_fastqc/Images/per_base_sequence_content.png, Sample_70166/Sample_70166.R2_fastqc/Images/adapter_content.png, Sample_70166/Sample_70166.R2_fastqc/Images/per_sequence_quality.png
    jobid: 15
    wildcards: sample=Sample_70166
    threads: 2


[Thu Aug  8 14:56:44 2019]
rule fastqScreen:
    input: Sample_70170/Sample_70170.R1.fq.gz, Sample_70170/Sample_70170.R2.fq.gz
    output: Sample_70170/Sample_70170.fq.gz, Sample_70170/Sample_70170_screen.png
    jobid: 28
    wildcards: sample=Sample_70170
    priority: 3
    threads: 4

[Thu Aug  8 14:58:17 2019]
Finished job 15.
1 of 30 steps (3%) done

[Thu Aug  8 14:58:17 2019]
rule fastqc:
    input: Sample_70169/Sample_70169.R1.fq.gz, Sample_70169/Sample_70169.R2.fq.gz
    output: Sample_70169/Sample_70169.R1_fastqc/Images/duplication_levels.png, Sample_70169/Sample_70169.R1_fastqc/Images/per_sequence_gc_content.png, Sample_70169/Sample_70169.R1_fastqc/Images/sequence_length_distribution.png, Sample_70169/Sample_70169.R1_fastqc/Images/per_base_n_content.png, Sample_70169/Sample_70169.R1_fastqc/Images/per_tile_quality.png, Sample_70169/Sample_70169.R1_fastqc/Images/kmer_profiles.png, Sample_70169/Sample_70169.R1_fastqc/Images/per_base_quality.png, Sample_70169/Sample_70169.R1_fastqc/Images/per_base_sequence_content.png, Sample_70169/Sample_70169.R1_fastqc/Images/adapter_content.png, Sample_70169/Sample_70169.R1_fastqc/Images/per_sequence_quality.png, Sample_70169/Sample_70169.R2_fastqc/Images/duplication_levels.png, Sample_70169/Sample_70169.R2_fastqc/Images/per_sequence_gc_content.png, Sample_70169/Sample_70169.R2_fastqc/Images/sequence_length_distribution.png, Sample_70169/Sample_70169.R2_fastqc/Images/per_base_n_content.png, Sample_70169/Sample_70169.R2_fastqc/Images/per_tile_quality.png, Sample_70169/Sample_70169.R2_fastqc/Images/kmer_profiles.png, Sample_70169/Sample_70169.R2_fastqc/Images/per_base_quality.png, Sample_70169/Sample_70169.R2_fastqc/Images/per_base_sequence_content.png, Sample_70169/Sample_70169.R2_fastqc/Images/adapter_content.png, Sample_70169/Sample_70169.R2_fastqc/Images/per_sequence_quality.png
    jobid: 18
    wildcards: sample=Sample_70169
    threads: 2

[Thu Aug  8 14:59:37 2019]
Finished job 18.
2 of 30 steps (7%) done

[Thu Aug  8 14:59:37 2019]
rule fastqc:
    input: Sample_70167/Sample_70167.R1.fq.gz, Sample_70167/Sample_70167.R2.fq.gz
    output: Sample_70167/Sample_70167.R1_fastqc/Images/duplication_levels.png, Sample_70167/Sample_70167.R1_fastqc/Images/per_sequence_gc_content.png, Sample_70167/Sample_70167.R1_fastqc/Images/sequence_length_distribution.png, Sample_70167/Sample_70167.R1_fastqc/Images/per_base_n_content.png, Sample_70167/Sample_70167.R1_fastqc/Images/per_tile_quality.png, Sample_70167/Sample_70167.R1_fastqc/Images/kmer_profiles.png, Sample_70167/Sample_70167.R1_fastqc/Images/per_base_quality.png, Sample_70167/Sample_70167.R1_fastqc/Images/per_base_sequence_content.png, Sample_70167/Sample_70167.R1_fastqc/Images/adapter_content.png, Sample_70167/Sample_70167.R1_fastqc/Images/per_sequence_quality.png, Sample_70167/Sample_70167.R2_fastqc/Images/duplication_levels.png, Sample_70167/Sample_70167.R2_fastqc/Images/per_sequence_gc_content.png, Sample_70167/Sample_70167.R2_fastqc/Images/sequence_length_distribution.png, Sample_70167/Sample_70167.R2_fastqc/Images/per_base_n_content.png, Sample_70167/Sample_70167.R2_fastqc/Images/per_tile_quality.png, Sample_70167/Sample_70167.R2_fastqc/Images/kmer_profiles.png, Sample_70167/Sample_70167.R2_fastqc/Images/per_base_quality.png, Sample_70167/Sample_70167.R2_fastqc/Images/per_base_sequence_content.png, Sample_70167/Sample_70167.R2_fastqc/Images/adapter_content.png, Sample_70167/Sample_70167.R2_fastqc/Images/per_sequence_quality.png
    jobid: 16
    wildcards: sample=Sample_70167
    threads: 2

[Thu Aug  8 15:02:39 2019]
Finished job 16.
3 of 30 steps (10%) done

[Thu Aug  8 15:02:39 2019]
rule fastqc:
    input: Sample_70161/Sample_70161.R1.fq.gz, Sample_70161/Sample_70161.R2.fq.gz
    output: Sample_70161/Sample_70161.R1_fastqc/Images/duplication_levels.png, Sample_70161/Sample_70161.R1_fastqc/Images/per_sequence_gc_content.png, Sample_70161/Sample_70161.R1_fastqc/Images/sequence_length_distribution.png, Sample_70161/Sample_70161.R1_fastqc/Images/per_base_n_content.png, Sample_70161/Sample_70161.R1_fastqc/Images/per_tile_quality.png, Sample_70161/Sample_70161.R1_fastqc/Images/kmer_profiles.png, Sample_70161/Sample_70161.R1_fastqc/Images/per_base_quality.png, Sample_70161/Sample_70161.R1_fastqc/Images/per_base_sequence_content.png, Sample_70161/Sample_70161.R1_fastqc/Images/adapter_content.png, Sample_70161/Sample_70161.R1_fastqc/Images/per_sequence_quality.png, Sample_70161/Sample_70161.R2_fastqc/Images/duplication_levels.png, Sample_70161/Sample_70161.R2_fastqc/Images/per_sequence_gc_content.png, Sample_70161/Sample_70161.R2_fastqc/Images/sequence_length_distribution.png, Sample_70161/Sample_70161.R2_fastqc/Images/per_base_n_content.png, Sample_70161/Sample_70161.R2_fastqc/Images/per_tile_quality.png, Sample_70161/Sample_70161.R2_fastqc/Images/kmer_profiles.png, Sample_70161/Sample_70161.R2_fastqc/Images/per_base_quality.png, Sample_70161/Sample_70161.R2_fastqc/Images/per_base_sequence_content.png, Sample_70161/Sample_70161.R2_fastqc/Images/adapter_content.png, Sample_70161/Sample_70161.R2_fastqc/Images/per_sequence_quality.png
    jobid: 13
    wildcards: sample=Sample_70161
    threads: 2

[Thu Aug  8 15:03:33 2019]
Finished job 13.
4 of 30 steps (13%) done

[Thu Aug  8 15:03:33 2019]
rule fastqc:
    input: Sample_70170/Sample_70170.R1.fq.gz, Sample_70170/Sample_70170.R2.fq.gz
    output: Sample_70170/Sample_70170.R1_fastqc/Images/duplication_levels.png, Sample_70170/Sample_70170.R1_fastqc/Images/per_sequence_gc_content.png, Sample_70170/Sample_70170.R1_fastqc/Images/sequence_length_distribution.png, Sample_70170/Sample_70170.R1_fastqc/Images/per_base_n_content.png, Sample_70170/Sample_70170.R1_fastqc/Images/per_tile_quality.png, Sample_70170/Sample_70170.R1_fastqc/Images/kmer_profiles.png, Sample_70170/Sample_70170.R1_fastqc/Images/per_base_quality.png, Sample_70170/Sample_70170.R1_fastqc/Images/per_base_sequence_content.png, Sample_70170/Sample_70170.R1_fastqc/Images/adapter_content.png, Sample_70170/Sample_70170.R1_fastqc/Images/per_sequence_quality.png, Sample_70170/Sample_70170.R2_fastqc/Images/duplication_levels.png, Sample_70170/Sample_70170.R2_fastqc/Images/per_sequence_gc_content.png, Sample_70170/Sample_70170.R2_fastqc/Images/sequence_length_distribution.png, Sample_70170/Sample_70170.R2_fastqc/Images/per_base_n_content.png, Sample_70170/Sample_70170.R2_fastqc/Images/per_tile_quality.png, Sample_70170/Sample_70170.R2_fastqc/Images/kmer_profiles.png, Sample_70170/Sample_70170.R2_fastqc/Images/per_base_quality.png, Sample_70170/Sample_70170.R2_fastqc/Images/per_base_sequence_content.png, Sample_70170/Sample_70170.R2_fastqc/Images/adapter_content.png, Sample_70170/Sample_70170.R2_fastqc/Images/per_sequence_quality.png
    jobid: 19
    wildcards: sample=Sample_70170
    threads: 2

[Thu Aug  8 15:05:35 2019]
Finished job 19.
5 of 30 steps (17%) done

[Thu Aug  8 15:05:35 2019]
rule fastqc:
    input: Sample_70162/Sample_70162.R1.fq.gz, Sample_70162/Sample_70162.R2.fq.gz
    output: Sample_70162/Sample_70162.R1_fastqc/Images/duplication_levels.png, Sample_70162/Sample_70162.R1_fastqc/Images/per_sequence_gc_content.png, Sample_70162/Sample_70162.R1_fastqc/Images/sequence_length_distribution.png, Sample_70162/Sample_70162.R1_fastqc/Images/per_base_n_content.png, Sample_70162/Sample_70162.R1_fastqc/Images/per_tile_quality.png, Sample_70162/Sample_70162.R1_fastqc/Images/kmer_profiles.png, Sample_70162/Sample_70162.R1_fastqc/Images/per_base_quality.png, Sample_70162/Sample_70162.R1_fastqc/Images/per_base_sequence_content.png, Sample_70162/Sample_70162.R1_fastqc/Images/adapter_content.png, Sample_70162/Sample_70162.R1_fastqc/Images/per_sequence_quality.png, Sample_70162/Sample_70162.R2_fastqc/Images/duplication_levels.png, Sample_70162/Sample_70162.R2_fastqc/Images/per_sequence_gc_content.png, Sample_70162/Sample_70162.R2_fastqc/Images/sequence_length_distribution.png, Sample_70162/Sample_70162.R2_fastqc/Images/per_base_n_content.png, Sample_70162/Sample_70162.R2_fastqc/Images/per_tile_quality.png, Sample_70162/Sample_70162.R2_fastqc/Images/kmer_profiles.png, Sample_70162/Sample_70162.R2_fastqc/Images/per_base_quality.png, Sample_70162/Sample_70162.R2_fastqc/Images/per_base_sequence_content.png, Sample_70162/Sample_70162.R2_fastqc/Images/adapter_content.png, Sample_70162/Sample_70162.R2_fastqc/Images/per_sequence_quality.png
    jobid: 14
    wildcards: sample=Sample_70162
    threads: 2

[Thu Aug  8 15:06:21 2019]
Finished job 14.
6 of 30 steps (20%) done

[Thu Aug  8 15:06:21 2019]
rule fastqc:
    input: Sample_70171/Sample_70171.R1.fq.gz, Sample_70171/Sample_70171.R2.fq.gz
    output: Sample_70171/Sample_70171.R1_fastqc/Images/duplication_levels.png, Sample_70171/Sample_70171.R1_fastqc/Images/per_sequence_gc_content.png, Sample_70171/Sample_70171.R1_fastqc/Images/sequence_length_distribution.png, Sample_70171/Sample_70171.R1_fastqc/Images/per_base_n_content.png, Sample_70171/Sample_70171.R1_fastqc/Images/per_tile_quality.png, Sample_70171/Sample_70171.R1_fastqc/Images/kmer_profiles.png, Sample_70171/Sample_70171.R1_fastqc/Images/per_base_quality.png, Sample_70171/Sample_70171.R1_fastqc/Images/per_base_sequence_content.png, Sample_70171/Sample_70171.R1_fastqc/Images/adapter_content.png, Sample_70171/Sample_70171.R1_fastqc/Images/per_sequence_quality.png, Sample_70171/Sample_70171.R2_fastqc/Images/duplication_levels.png, Sample_70171/Sample_70171.R2_fastqc/Images/per_sequence_gc_content.png, Sample_70171/Sample_70171.R2_fastqc/Images/sequence_length_distribution.png, Sample_70171/Sample_70171.R2_fastqc/Images/per_base_n_content.png, Sample_70171/Sample_70171.R2_fastqc/Images/per_tile_quality.png, Sample_70171/Sample_70171.R2_fastqc/Images/kmer_profiles.png, Sample_70171/Sample_70171.R2_fastqc/Images/per_base_quality.png, Sample_70171/Sample_70171.R2_fastqc/Images/per_base_sequence_content.png, Sample_70171/Sample_70171.R2_fastqc/Images/adapter_content.png, Sample_70171/Sample_70171.R2_fastqc/Images/per_sequence_quality.png
    jobid: 20
    wildcards: sample=Sample_70171
    threads: 2

[Thu Aug  8 15:07:10 2019]
Finished job 20.
7 of 30 steps (23%) done

[Thu Aug  8 15:07:10 2019]
rule fastqc:
    input: Sample_70160/Sample_70160.R1.fq.gz, Sample_70160/Sample_70160.R2.fq.gz
    output: Sample_70160/Sample_70160.R1_fastqc/Images/duplication_levels.png, Sample_70160/Sample_70160.R1_fastqc/Images/per_sequence_gc_content.png, Sample_70160/Sample_70160.R1_fastqc/Images/sequence_length_distribution.png, Sample_70160/Sample_70160.R1_fastqc/Images/per_base_n_content.png, Sample_70160/Sample_70160.R1_fastqc/Images/per_tile_quality.png, Sample_70160/Sample_70160.R1_fastqc/Images/kmer_profiles.png, Sample_70160/Sample_70160.R1_fastqc/Images/per_base_quality.png, Sample_70160/Sample_70160.R1_fastqc/Images/per_base_sequence_content.png, Sample_70160/Sample_70160.R1_fastqc/Images/adapter_content.png, Sample_70160/Sample_70160.R1_fastqc/Images/per_sequence_quality.png, Sample_70160/Sample_70160.R2_fastqc/Images/duplication_levels.png, Sample_70160/Sample_70160.R2_fastqc/Images/per_sequence_gc_content.png, Sample_70160/Sample_70160.R2_fastqc/Images/sequence_length_distribution.png, Sample_70160/Sample_70160.R2_fastqc/Images/per_base_n_content.png, Sample_70160/Sample_70160.R2_fastqc/Images/per_tile_quality.png, Sample_70160/Sample_70160.R2_fastqc/Images/kmer_profiles.png, Sample_70160/Sample_70160.R2_fastqc/Images/per_base_quality.png, Sample_70160/Sample_70160.R2_fastqc/Images/per_base_sequence_content.png, Sample_70160/Sample_70160.R2_fastqc/Images/adapter_content.png, Sample_70160/Sample_70160.R2_fastqc/Images/per_sequence_quality.png
    jobid: 12
    wildcards: sample=Sample_70160
    threads: 2

[Thu Aug  8 15:07:56 2019]
Finished job 12.
8 of 30 steps (27%) done

[Thu Aug  8 15:07:56 2019]
rule fastqc:
    input: Sample_70168/Sample_70168.R1.fq.gz, Sample_70168/Sample_70168.R2.fq.gz
    output: Sample_70168/Sample_70168.R1_fastqc/Images/duplication_levels.png, Sample_70168/Sample_70168.R1_fastqc/Images/per_sequence_gc_content.png, Sample_70168/Sample_70168.R1_fastqc/Images/sequence_length_distribution.png, Sample_70168/Sample_70168.R1_fastqc/Images/per_base_n_content.png, Sample_70168/Sample_70168.R1_fastqc/Images/per_tile_quality.png, Sample_70168/Sample_70168.R1_fastqc/Images/kmer_profiles.png, Sample_70168/Sample_70168.R1_fastqc/Images/per_base_quality.png, Sample_70168/Sample_70168.R1_fastqc/Images/per_base_sequence_content.png, Sample_70168/Sample_70168.R1_fastqc/Images/adapter_content.png, Sample_70168/Sample_70168.R1_fastqc/Images/per_sequence_quality.png, Sample_70168/Sample_70168.R2_fastqc/Images/duplication_levels.png, Sample_70168/Sample_70168.R2_fastqc/Images/per_sequence_gc_content.png, Sample_70168/Sample_70168.R2_fastqc/Images/sequence_length_distribution.png, Sample_70168/Sample_70168.R2_fastqc/Images/per_base_n_content.png, Sample_70168/Sample_70168.R2_fastqc/Images/per_tile_quality.png, Sample_70168/Sample_70168.R2_fastqc/Images/kmer_profiles.png, Sample_70168/Sample_70168.R2_fastqc/Images/per_base_quality.png, Sample_70168/Sample_70168.R2_fastqc/Images/per_base_sequence_content.png, Sample_70168/Sample_70168.R2_fastqc/Images/adapter_content.png, Sample_70168/Sample_70168.R2_fastqc/Images/per_sequence_quality.png
    jobid: 17
    wildcards: sample=Sample_70168
    threads: 2

[Thu Aug  8 15:08:35 2019]
Finished job 17.
9 of 30 steps (30%) done
[Thu Aug  8 15:10:09 2019]
Finished job 25.
10 of 30 steps (33%) done
[Thu Aug  8 15:10:09 2019]
Finished job 27.
11 of 30 steps (37%) done
[Thu Aug  8 15:10:09 2019]
Finished job 24.
12 of 30 steps (40%) done
[Thu Aug  8 15:10:09 2019]
Finished job 28.
13 of 30 steps (43%) done
[Thu Aug  8 15:10:09 2019]
Finished job 22.
14 of 30 steps (47%) done

[Thu Aug  8 15:10:09 2019]
rule fastqScreen:
    input: Sample_70168/Sample_70168.R1.fq.gz, Sample_70168/Sample_70168.R2.fq.gz
    output: Sample_70168/Sample_70168.fq.gz, Sample_70168/Sample_70168_screen.png
    jobid: 26
    wildcards: sample=Sample_70168
    priority: 3
    threads: 4


[Thu Aug  8 15:10:09 2019]
rule fastqScreen:
    input: Sample_70162/Sample_70162.R1.fq.gz, Sample_70162/Sample_70162.R2.fq.gz
    output: Sample_70162/Sample_70162.fq.gz, Sample_70162/Sample_70162_screen.png
    jobid: 23
    wildcards: sample=Sample_70162
    priority: 3
    threads: 4


[Thu Aug  8 15:10:09 2019]
rule fastqScreen:
    input: Sample_70160/Sample_70160.R1.fq.gz, Sample_70160/Sample_70160.R2.fq.gz
    output: Sample_70160/Sample_70160.fq.gz, Sample_70160/Sample_70160_screen.png
    jobid: 21
    wildcards: sample=Sample_70160
    priority: 3
    threads: 4


[Thu Aug  8 15:10:09 2019]
rule fastqScreen:
    input: Sample_70171/Sample_70171.R1.fq.gz, Sample_70171/Sample_70171.R2.fq.gz
    output: Sample_70171/Sample_70171.fq.gz, Sample_70171/Sample_70171_screen.png
    jobid: 29
    wildcards: sample=Sample_70171
    priority: 3
    threads: 4

[Thu Aug  8 15:20:38 2019]
Finished job 23.
15 of 30 steps (50%) done
[Thu Aug  8 15:20:38 2019]
Finished job 21.
16 of 30 steps (53%) done
[Thu Aug  8 15:20:38 2019]
Finished job 26.
17 of 30 steps (57%) done
[Thu Aug  8 15:20:38 2019]
Finished job 29.
18 of 30 steps (60%) done

[Thu Aug  8 15:20:38 2019]
rule PNGRename:
    input: Sample_70160/Sample_70160.R1_fastqc/Images/duplication_levels.png, Sample_70161/Sample_70161.R1_fastqc/Images/duplication_levels.png, Sample_70162/Sample_70162.R1_fastqc/Images/duplication_levels.png, Sample_70166/Sample_70166.R1_fastqc/Images/duplication_levels.png, Sample_70167/Sample_70167.R1_fastqc/Images/duplication_levels.png, Sample_70168/Sample_70168.R1_fastqc/Images/duplication_levels.png, Sample_70169/Sample_70169.R1_fastqc/Images/duplication_levels.png, Sample_70170/Sample_70170.R1_fastqc/Images/duplication_levels.png, Sample_70171/Sample_70171.R1_fastqc/Images/duplication_levels.png, Sample_70160/Sample_70160.R1_fastqc/Images/per_sequence_gc_content.png, Sample_70161/Sample_70161.R1_fastqc/Images/per_sequence_gc_content.png, Sample_70162/Sample_70162.R1_fastqc/Images/per_sequence_gc_content.png, Sample_70166/Sample_70166.R1_fastqc/Images/per_sequence_gc_content.png, Sample_70167/Sample_70167.R1_fastqc/Images/per_sequence_gc_content.png, Sample_70168/Sample_70168.R1_fastqc/Images/per_sequence_gc_content.png, Sample_70169/Sample_70169.R1_fastqc/Images/per_sequence_gc_content.png, Sample_70170/Sample_70170.R1_fastqc/Images/per_sequence_gc_content.png, Sample_70171/Sample_70171.R1_fastqc/Images/per_sequence_gc_content.png, Sample_70160/Sample_70160.R1_fastqc/Images/sequence_length_distribution.png, Sample_70161/Sample_70161.R1_fastqc/Images/sequence_length_distribution.png, Sample_70162/Sample_70162.R1_fastqc/Images/sequence_length_distribution.png, Sample_70166/Sample_70166.R1_fastqc/Images/sequence_length_distribution.png, Sample_70167/Sample_70167.R1_fastqc/Images/sequence_length_distribution.png, Sample_70168/Sample_70168.R1_fastqc/Images/sequence_length_distribution.png, Sample_70169/Sample_70169.R1_fastqc/Images/sequence_length_distribution.png, Sample_70170/Sample_70170.R1_fastqc/Images/sequence_length_distribution.png, Sample_70171/Sample_70171.R1_fastqc/Images/sequence_length_distribution.png, Sample_70160/Sample_70160.R1_fastqc/Images/per_base_n_content.png, Sample_70161/Sample_70161.R1_fastqc/Images/per_base_n_content.png, Sample_70162/Sample_70162.R1_fastqc/Images/per_base_n_content.png, Sample_70166/Sample_70166.R1_fastqc/Images/per_base_n_content.png, Sample_70167/Sample_70167.R1_fastqc/Images/per_base_n_content.png, Sample_70168/Sample_70168.R1_fastqc/Images/per_base_n_content.png, Sample_70169/Sample_70169.R1_fastqc/Images/per_base_n_content.png, Sample_70170/Sample_70170.R1_fastqc/Images/per_base_n_content.png, Sample_70171/Sample_70171.R1_fastqc/Images/per_base_n_content.png, Sample_70160/Sample_70160.R1_fastqc/Images/per_tile_quality.png, Sample_70161/Sample_70161.R1_fastqc/Images/per_tile_quality.png, Sample_70162/Sample_70162.R1_fastqc/Images/per_tile_quality.png, Sample_70166/Sample_70166.R1_fastqc/Images/per_tile_quality.png, Sample_70167/Sample_70167.R1_fastqc/Images/per_tile_quality.png, Sample_70168/Sample_70168.R1_fastqc/Images/per_tile_quality.png, Sample_70169/Sample_70169.R1_fastqc/Images/per_tile_quality.png, Sample_70170/Sample_70170.R1_fastqc/Images/per_tile_quality.png, Sample_70171/Sample_70171.R1_fastqc/Images/per_tile_quality.png, Sample_70160/Sample_70160.R1_fastqc/Images/kmer_profiles.png, Sample_70161/Sample_70161.R1_fastqc/Images/kmer_profiles.png, Sample_70162/Sample_70162.R1_fastqc/Images/kmer_profiles.png, Sample_70166/Sample_70166.R1_fastqc/Images/kmer_profiles.png, Sample_70167/Sample_70167.R1_fastqc/Images/kmer_profiles.png, Sample_70168/Sample_70168.R1_fastqc/Images/kmer_profiles.png, Sample_70169/Sample_70169.R1_fastqc/Images/kmer_profiles.png, Sample_70170/Sample_70170.R1_fastqc/Images/kmer_profiles.png, Sample_70171/Sample_70171.R1_fastqc/Images/kmer_profiles.png, Sample_70160/Sample_70160.R1_fastqc/Images/per_base_quality.png, Sample_70161/Sample_70161.R1_fastqc/Images/per_base_quality.png, Sample_70162/Sample_70162.R1_fastqc/Images/per_base_quality.png, Sample_70166/Sample_70166.R1_fastqc/Images/per_base_quality.png, Sample_70167/Sample_70167.R1_fastqc/Images/per_base_quality.png, Sample_70168/Sample_70168.R1_fastqc/Images/per_base_quality.png, Sample_70169/Sample_70169.R1_fastqc/Images/per_base_quality.png, Sample_70170/Sample_70170.R1_fastqc/Images/per_base_quality.png, Sample_70171/Sample_70171.R1_fastqc/Images/per_base_quality.png, Sample_70160/Sample_70160.R1_fastqc/Images/per_base_sequence_content.png, Sample_70161/Sample_70161.R1_fastqc/Images/per_base_sequence_content.png, Sample_70162/Sample_70162.R1_fastqc/Images/per_base_sequence_content.png, Sample_70166/Sample_70166.R1_fastqc/Images/per_base_sequence_content.png, Sample_70167/Sample_70167.R1_fastqc/Images/per_base_sequence_content.png, Sample_70168/Sample_70168.R1_fastqc/Images/per_base_sequence_content.png, Sample_70169/Sample_70169.R1_fastqc/Images/per_base_sequence_content.png, Sample_70170/Sample_70170.R1_fastqc/Images/per_base_sequence_content.png, Sample_70171/Sample_70171.R1_fastqc/Images/per_base_sequence_content.png, Sample_70160/Sample_70160.R1_fastqc/Images/adapter_content.png, Sample_70161/Sample_70161.R1_fastqc/Images/adapter_content.png, Sample_70162/Sample_70162.R1_fastqc/Images/adapter_content.png, Sample_70166/Sample_70166.R1_fastqc/Images/adapter_content.png, Sample_70167/Sample_70167.R1_fastqc/Images/adapter_content.png, Sample_70168/Sample_70168.R1_fastqc/Images/adapter_content.png, Sample_70169/Sample_70169.R1_fastqc/Images/adapter_content.png, Sample_70170/Sample_70170.R1_fastqc/Images/adapter_content.png, Sample_70171/Sample_70171.R1_fastqc/Images/adapter_content.png, Sample_70160/Sample_70160.R1_fastqc/Images/per_sequence_quality.png, Sample_70161/Sample_70161.R1_fastqc/Images/per_sequence_quality.png, Sample_70162/Sample_70162.R1_fastqc/Images/per_sequence_quality.png, Sample_70166/Sample_70166.R1_fastqc/Images/per_sequence_quality.png, Sample_70167/Sample_70167.R1_fastqc/Images/per_sequence_quality.png, Sample_70168/Sample_70168.R1_fastqc/Images/per_sequence_quality.png, Sample_70169/Sample_70169.R1_fastqc/Images/per_sequence_quality.png, Sample_70170/Sample_70170.R1_fastqc/Images/per_sequence_quality.png, Sample_70171/Sample_70171.R1_fastqc/Images/per_sequence_quality.png, Sample_70160/Sample_70160.R2_fastqc/Images/duplication_levels.png, Sample_70161/Sample_70161.R2_fastqc/Images/duplication_levels.png, Sample_70162/Sample_70162.R2_fastqc/Images/duplication_levels.png, Sample_70166/Sample_70166.R2_fastqc/Images/duplication_levels.png, Sample_70167/Sample_70167.R2_fastqc/Images/duplication_levels.png, Sample_70168/Sample_70168.R2_fastqc/Images/duplication_levels.png, Sample_70169/Sample_70169.R2_fastqc/Images/duplication_levels.png, Sample_70170/Sample_70170.R2_fastqc/Images/duplication_levels.png, Sample_70171/Sample_70171.R2_fastqc/Images/duplication_levels.png, Sample_70160/Sample_70160.R2_fastqc/Images/per_sequence_gc_content.png, Sample_70161/Sample_70161.R2_fastqc/Images/per_sequence_gc_content.png, Sample_70162/Sample_70162.R2_fastqc/Images/per_sequence_gc_content.png, Sample_70166/Sample_70166.R2_fastqc/Images/per_sequence_gc_content.png, Sample_70167/Sample_70167.R2_fastqc/Images/per_sequence_gc_content.png, Sample_70168/Sample_70168.R2_fastqc/Images/per_sequence_gc_content.png, Sample_70169/Sample_70169.R2_fastqc/Images/per_sequence_gc_content.png, Sample_70170/Sample_70170.R2_fastqc/Images/per_sequence_gc_content.png, Sample_70171/Sample_70171.R2_fastqc/Images/per_sequence_gc_content.png, Sample_70160/Sample_70160.R2_fastqc/Images/sequence_length_distribution.png, Sample_70161/Sample_70161.R2_fastqc/Images/sequence_length_distribution.png, Sample_70162/Sample_70162.R2_fastqc/Images/sequence_length_distribution.png, Sample_70166/Sample_70166.R2_fastqc/Images/sequence_length_distribution.png, Sample_70167/Sample_70167.R2_fastqc/Images/sequence_length_distribution.png, Sample_70168/Sample_70168.R2_fastqc/Images/sequence_length_distribution.png, Sample_70169/Sample_70169.R2_fastqc/Images/sequence_length_distribution.png, Sample_70170/Sample_70170.R2_fastqc/Images/sequence_length_distribution.png, Sample_70171/Sample_70171.R2_fastqc/Images/sequence_length_distribution.png, Sample_70160/Sample_70160.R2_fastqc/Images/per_base_n_content.png, Sample_70161/Sample_70161.R2_fastqc/Images/per_base_n_content.png, Sample_70162/Sample_70162.R2_fastqc/Images/per_base_n_content.png, Sample_70166/Sample_70166.R2_fastqc/Images/per_base_n_content.png, Sample_70167/Sample_70167.R2_fastqc/Images/per_base_n_content.png, Sample_70168/Sample_70168.R2_fastqc/Images/per_base_n_content.png, Sample_70169/Sample_70169.R2_fastqc/Images/per_base_n_content.png, Sample_70170/Sample_70170.R2_fastqc/Images/per_base_n_content.png, Sample_70171/Sample_70171.R2_fastqc/Images/per_base_n_content.png, Sample_70160/Sample_70160.R2_fastqc/Images/per_tile_quality.png, Sample_70161/Sample_70161.R2_fastqc/Images/per_tile_quality.png, Sample_70162/Sample_70162.R2_fastqc/Images/per_tile_quality.png, Sample_70166/Sample_70166.R2_fastqc/Images/per_tile_quality.png, Sample_70167/Sample_70167.R2_fastqc/Images/per_tile_quality.png, Sample_70168/Sample_70168.R2_fastqc/Images/per_tile_quality.png, Sample_70169/Sample_70169.R2_fastqc/Images/per_tile_quality.png, Sample_70170/Sample_70170.R2_fastqc/Images/per_tile_quality.png, Sample_70171/Sample_70171.R2_fastqc/Images/per_tile_quality.png, Sample_70160/Sample_70160.R2_fastqc/Images/kmer_profiles.png, Sample_70161/Sample_70161.R2_fastqc/Images/kmer_profiles.png, Sample_70162/Sample_70162.R2_fastqc/Images/kmer_profiles.png, Sample_70166/Sample_70166.R2_fastqc/Images/kmer_profiles.png, Sample_70167/Sample_70167.R2_fastqc/Images/kmer_profiles.png, Sample_70168/Sample_70168.R2_fastqc/Images/kmer_profiles.png, Sample_70169/Sample_70169.R2_fastqc/Images/kmer_profiles.png, Sample_70170/Sample_70170.R2_fastqc/Images/kmer_profiles.png, Sample_70171/Sample_70171.R2_fastqc/Images/kmer_profiles.png, Sample_70160/Sample_70160.R2_fastqc/Images/per_base_quality.png, Sample_70161/Sample_70161.R2_fastqc/Images/per_base_quality.png, Sample_70162/Sample_70162.R2_fastqc/Images/per_base_quality.png, Sample_70166/Sample_70166.R2_fastqc/Images/per_base_quality.png, Sample_70167/Sample_70167.R2_fastqc/Images/per_base_quality.png, Sample_70168/Sample_70168.R2_fastqc/Images/per_base_quality.png, Sample_70169/Sample_70169.R2_fastqc/Images/per_base_quality.png, Sample_70170/Sample_70170.R2_fastqc/Images/per_base_quality.png, Sample_70171/Sample_70171.R2_fastqc/Images/per_base_quality.png, Sample_70160/Sample_70160.R2_fastqc/Images/per_base_sequence_content.png, Sample_70161/Sample_70161.R2_fastqc/Images/per_base_sequence_content.png, Sample_70162/Sample_70162.R2_fastqc/Images/per_base_sequence_content.png, Sample_70166/Sample_70166.R2_fastqc/Images/per_base_sequence_content.png, Sample_70167/Sample_70167.R2_fastqc/Images/per_base_sequence_content.png, Sample_70168/Sample_70168.R2_fastqc/Images/per_base_sequence_content.png, Sample_70169/Sample_70169.R2_fastqc/Images/per_base_sequence_content.png, Sample_70170/Sample_70170.R2_fastqc/Images/per_base_sequence_content.png, Sample_70171/Sample_70171.R2_fastqc/Images/per_base_sequence_content.png, Sample_70160/Sample_70160.R2_fastqc/Images/adapter_content.png, Sample_70161/Sample_70161.R2_fastqc/Images/adapter_content.png, Sample_70162/Sample_70162.R2_fastqc/Images/adapter_content.png, Sample_70166/Sample_70166.R2_fastqc/Images/adapter_content.png, Sample_70167/Sample_70167.R2_fastqc/Images/adapter_content.png, Sample_70168/Sample_70168.R2_fastqc/Images/adapter_content.png, Sample_70169/Sample_70169.R2_fastqc/Images/adapter_content.png, Sample_70170/Sample_70170.R2_fastqc/Images/adapter_content.png, Sample_70171/Sample_70171.R2_fastqc/Images/adapter_content.png, Sample_70160/Sample_70160.R2_fastqc/Images/per_sequence_quality.png, Sample_70161/Sample_70161.R2_fastqc/Images/per_sequence_quality.png, Sample_70162/Sample_70162.R2_fastqc/Images/per_sequence_quality.png, Sample_70166/Sample_70166.R2_fastqc/Images/per_sequence_quality.png, Sample_70167/Sample_70167.R2_fastqc/Images/per_sequence_quality.png, Sample_70168/Sample_70168.R2_fastqc/Images/per_sequence_quality.png, Sample_70169/Sample_70169.R2_fastqc/Images/per_sequence_quality.png, Sample_70170/Sample_70170.R2_fastqc/Images/per_sequence_quality.png, Sample_70171/Sample_70171.R2_fastqc/Images/per_sequence_quality.png, Sample_70160/Sample_70160_screen.png, Sample_70161/Sample_70161_screen.png, Sample_70162/Sample_70162_screen.png, Sample_70166/Sample_70166_screen.png, Sample_70167/Sample_70167_screen.png, Sample_70168/Sample_70168_screen.png, Sample_70169/Sample_70169_screen.png, Sample_70170/Sample_70170_screen.png, Sample_70171/Sample_70171_screen.png
    output: QcImages/adapter_content_pngs.pdf, QcImages/duplication_levels_pngs.pdf, QcImages/kmer_profiles_pngs.pdf, QcImages/per_base_quality_pngs.pdf, QcImages/per_base_sequence_content_pngs.pdf, QcImages/per_sequence_gc_content_pngs.pdf, Screen/screen_pngs.pdf
    jobid: 11

[Thu Aug  8 15:20:38 2019]
Job 4: aligning Sample_70166/Sample_70166.R1.fq.gz Sample_70166/Sample_70166.R2.fq.gz /home/deepSeq/STAR_index_HS_38.86_small/ using STAR: 20 threads

[Thu Aug  8 15:21:19 2019]
Finished job 11.
19 of 30 steps (63%) done
[Thu Aug  8 15:29:42 2019]
Finished job 4.
20 of 30 steps (67%) done

[Thu Aug  8 15:29:42 2019]
Job 7: aligning Sample_70169/Sample_70169.R1.fq.gz Sample_70169/Sample_70169.R2.fq.gz /home/deepSeq/STAR_index_HS_38.86_small/ using STAR: 20 threads

[Thu Aug  8 15:37:56 2019]
Finished job 7.
21 of 30 steps (70%) done

[Thu Aug  8 15:37:56 2019]
Job 5: aligning Sample_70167/Sample_70167.R1.fq.gz Sample_70167/Sample_70167.R2.fq.gz /home/deepSeq/STAR_index_HS_38.86_small/ using STAR: 20 threads

[Thu Aug  8 15:45:49 2019]
Finished job 5.
22 of 30 steps (73%) done

[Thu Aug  8 15:45:49 2019]
Job 2: aligning Sample_70161/Sample_70161.R1.fq.gz Sample_70161/Sample_70161.R2.fq.gz /home/deepSeq/STAR_index_HS_38.86_small/ using STAR: 20 threads

Terminating processes on user request, this might take some time.
[Thu Aug  8 15:47:47 2019]
Error in rule STAR_fq:
    jobid: 2
    output: Sample_70161/Sample_70161Aligned.sortedByCoord.out.bam, Sample_70161/Sample_70161Log.final.out

RuleException:
CalledProcessError in line 15 of /home/manninm/pyflow-RNAseq/rules/Star_Map.smk:
Command 'set -eo pipefail; echo BEGIN at $(date);  STAR --twopassMode Basic --runThreadN 20         --genomeDir /home/deepSeq/STAR_index_HS_38.86_small/ --outSAMtype BAM SortedByCoordinate         --outBAMcompression 10 --outSAMstrandField intronMotif         --outBAMsortingThreadN 4         --bamRemoveDuplicatesType UniqueIdentical --readFilesCommand gunzip -c --readFilesIn Sample_70161/Sample_70161.R1.fq.gz Sample_70161/Sample_70161.R2.fq.gz         --outFileNamePrefix Sample_70161/Sample_70161 ; exitstat=$?; echo END at $(date); echo exit status was $exitstat; exit $exitstat' died with <Signals.SIGINT: 2>.
  File "/home/manninm/pyflow-RNAseq/rules/Star_Map.smk", line 15, in __rule_STAR_fq
  File "/usr/lib64/python3.6/concurrent/futures/thread.py", line 56, in run
Removing output files of failed job STAR_fq since they might be corrupted:
Sample_70161/Sample_70161Aligned.sortedByCoord.out.bam
Complete log: /home/manninm/pyflow-RNAseq/.snakemake/log/2019-08-08T145641.962480.snakemake.log
